<?xml version="1.0" encoding="UTF-8"?>
<TestRun id="82ac62ef-0329-4f34-b578-d25d278213a4" name="bhurtunt@QIQSTANB222 2012-09-25 15:23:49" runUser="QIQ\bhurtunt" xmlns="http://microsoft.com/schemas/VisualStudio/TeamTest/2010">
  <TestSettings name="Local" id="cc37a548-0a1e-4665-bb19-abe0d6af83c3">
    <Description>These are default test settings for a local test run.</Description>
    <Deployment userDeploymentRoot="C:\Users\bhurtunt\Documents\Visual Studio 2010\Projects\OneRewardsCloudService\TestResults" useDefaultDeploymentRoot="false" enabled="false" runDeploymentRoot="bhurtunt_QIQSTANB222 2012-09-25 15_23_49">
      <DeploymentItem filename="C:\Users\bhurtunt\Documents\Visual Studio 2010\Projects\OneRewardsCloudService\packages\Microsoft.AspNet.WebPages.2.0.20505.0\lib\net40\System.Web.WebPages.Razor.dll" />
      <DeploymentItem filename="C:\Users\bhurtunt\Documents\Visual Studio 2010\Projects\OneRewardsCloudService\packages\Microsoft.Net.Http.2.0.20505.0\lib\net40\System.Net.Http.WebRequest.dll" />
      <DeploymentItem filename="C:\Users\bhurtunt\Documents\Visual Studio 2010\Projects\OneRewardsCloudService\packages\Newtonsoft.Json.4.5.1\lib\net40\Newtonsoft.Json.dll" />
      <DeploymentItem filename="C:\Users\bhurtunt\Documents\Visual Studio 2010\Projects\OneRewardsCloudService\packages\Microsoft.AspNet.WebPages.2.0.20505.0\lib\net40\System.Web.WebPages.Deployment.dll" />
      <DeploymentItem filename="C:\Users\bhurtunt\Documents\Visual Studio 2010\Projects\OneRewardsCloudService\OneRewardsMvc.Tests\bin\Release\EntityFramework.dll" />
      <DeploymentItem filename="C:\Users\bhurtunt\Documents\Visual Studio 2010\Projects\OneRewardsCloudService\packages\Microsoft.AspNet.WebApi.Core.4.0.20505.0\lib\net40\System.Web.Http.dll" />
      <DeploymentItem filename="C:\Users\bhurtunt\Documents\Visual Studio 2010\Projects\OneRewardsCloudService\packages\Microsoft.AspNet.Mvc.4.0.20505.0\lib\net40\System.Web.Mvc.dll" />
      <DeploymentItem filename="C:\Users\bhurtunt\Documents\Visual Studio 2010\Projects\OneRewardsCloudService\packages\Microsoft.Web.Infrastructure.1.0.0.0\lib\net40\Microsoft.Web.Infrastructure.dll" />
      <DeploymentItem filename="C:\Users\bhurtunt\Documents\Visual Studio 2010\Projects\OneRewardsCloudService\packages\Microsoft.AspNet.WebApi.WebHost.4.0.20505.0\lib\net40\System.Web.Http.WebHost.dll" />
      <DeploymentItem filename="C:\Users\bhurtunt\Documents\Visual Studio 2010\Projects\OneRewardsCloudService\packages\Microsoft.AspNet.WebPages.2.0.20505.0\lib\net40\System.Web.Helpers.dll" />
      <DeploymentItem filename="C:\Program Files\Microsoft SDKs\Windows Azure\.NET SDK\2012-06\ref\Microsoft.WindowsAzure.Configuration.dll" />
      <DeploymentItem filename="C:\Users\bhurtunt\Documents\Visual Studio 2010\Projects\OneRewardsCloudService\OneRewardsWcfService\bin\OneRewardsWcfService.dll" />
      <DeploymentItem filename="C:\Users\bhurtunt\Documents\Visual Studio 2010\Projects\OneRewardsCloudService\OneRewardsMvc.Tests\bin\Release\Antlr3.Runtime.dll" />
      <DeploymentItem filename="C:\Users\bhurtunt\Documents\Visual Studio 2010\Projects\OneRewardsCloudService\packages\Microsoft.AspNet.Razor.2.0.20505.0\lib\net40\System.Web.Razor.dll" />
      <DeploymentItem filename="C:\Users\bhurtunt\Documents\Visual Studio 2010\Projects\OneRewardsCloudService\packages\Microsoft.AspNet.Providers.Core.1.0\lib\net40\System.Web.Providers.dll" />
      <DeploymentItem filename="C:\Users\bhurtunt\Documents\Visual Studio 2010\Projects\OneRewardsCloudService\OneRewardsMvc\bin\OneRewardsMvc.dll" />
      <DeploymentItem filename="C:\Users\bhurtunt\Documents\Visual Studio 2010\Projects\OneRewardsCloudService\OneRewardsMvc.Tests\bin\Release\WebGrease.dll" />
      <DeploymentItem filename="C:\Program Files\Microsoft SDKs\Windows Azure\.NET SDK\2012-06\ref\Microsoft.WindowsAzure.Diagnostics.dll" />
      <DeploymentItem filename="C:\Program Files\Microsoft SDKs\Windows Azure\.NET SDK\2012-06\ref\Microsoft.WindowsAzure.StorageClient.dll" />
      <DeploymentItem filename="C:\Users\bhurtunt\Documents\Visual Studio 2010\Projects\OneRewardsCloudService\packages\Microsoft.Net.Http.2.0.20505.0\lib\net40\System.Net.Http.dll" />
      <DeploymentItem filename="C:\Users\bhurtunt\Documents\Visual Studio 2010\Projects\OneRewardsCloudService\packages\Microsoft.AspNet.WebApi.Client.4.0.20505.0\lib\net40\System.Net.Http.Formatting.dll" />
      <DeploymentItem filename="C:\Users\bhurtunt\Documents\Visual Studio 2010\Projects\OneRewardsCloudService\OneRewardsMvc.Tests\bin\Release\System.Web.Optimization.dll" />
      <DeploymentItem filename="C:\Users\bhurtunt\Documents\Visual Studio 2010\Projects\OneRewardsCloudService\packages\Microsoft.AspNet.WebPages.2.0.20505.0\lib\net40\System.Web.WebPages.dll" />
    </Deployment>
    <Execution>
      <TestTypeSpecific />
      <AgentRule name="Execution Agents">
      </AgentRule>
    </Execution>
  </TestSettings>
  <Times creation="2012-09-25T15:23:49.3327190+01:00" queuing="2012-09-25T15:23:51.2769134+01:00" start="2012-09-25T15:23:51.5149372+01:00" finish="2012-09-25T15:23:56.1203977+01:00" />
  <ResultSummary outcome="Failed">
    <Counters total="55" executed="55" error="0" failed="55" timeout="0" aborted="0" inconclusive="0" passedButRunAborted="0" notRunnable="0" notExecuted="0" disconnected="0" warning="0" passed="0" completed="0" inProgress="0" pending="0" />
  </ResultSummary>
  <TestDefinitions>
    <UnitTest name="IndexTest" storage="c:\users\bhurtunt\documents\visual studio 2010\projects\onerewardscloudservice\onerewardsmvc.tests\bin\release\onerewardsmvc.tests.dll" id="b6efabb5-ab30-c84c-1c96-a4c8b0070e25">
      <Execution id="d576b445-29c0-4c8f-b155-a077d977000c" />
      <TestMethod codeBase="C:/Users/bhurtunt/Documents/Visual Studio 2010/Projects/OneRewardsCloudService/OneRewardsMvc.Tests/bin/Release/OneRewardsMvc.Tests.DLL" adapterTypeName="Microsoft.VisualStudio.TestTools.TestTypes.Unit.UnitTestAdapter, Microsoft.VisualStudio.QualityTools.Tips.UnitTest.Adapter, Version=10.0.0.0, Culture=neutral, PublicKeyToken=b03f5f7f11d50a3a" className="OneRewardsMvc.Tests.RewardAccountControllerTest, OneRewardsMvc.Tests, Version=1.0.0.0, Culture=neutral, PublicKeyToken=null" name="IndexTest" />
      <AspNet>
        <Host pathToWebApp="C:\Users\bhurtunt\Documents\Visual Studio 2010\Projects\OneRewardsCloudService\OneRewardsMvc" webAppRoot="/" />
      </AspNet>
    </UnitTest>
    <UnitTest name="ConvertImageFiletoBytesTest" storage="c:\users\bhurtunt\documents\visual studio 2010\projects\onerewardscloudservice\onerewardsmvc.tests\bin\release\onerewardsmvc.tests.dll" id="c3470532-85b6-cfc4-e394-8ff591a2d3f9">
      <Execution id="a222c4ca-942e-47ba-97b2-805eb97fb910" />
      <TestMethod codeBase="C:/Users/bhurtunt/Documents/Visual Studio 2010/Projects/OneRewardsCloudService/OneRewardsMvc.Tests/bin/Release/OneRewardsMvc.Tests.DLL" adapterTypeName="Microsoft.VisualStudio.TestTools.TestTypes.Unit.UnitTestAdapter, Microsoft.VisualStudio.QualityTools.Tips.UnitTest.Adapter, Version=10.0.0.0, Culture=neutral, PublicKeyToken=b03f5f7f11d50a3a" className="OneRewardsMvc.Tests.UtilitiesTest, OneRewardsMvc.Tests, Version=1.0.0.0, Culture=neutral, PublicKeyToken=null" name="ConvertImageFiletoBytesTest" />
      <AspNet>
        <Host pathToWebApp="C:\Users\bhurtunt\Documents\Visual Studio 2010\Projects\OneRewardsCloudService\OneRewardsMvc" webAppRoot="/" />
      </AspNet>
    </UnitTest>
    <UnitTest name="RegisterModelConstructorTest" storage="c:\users\bhurtunt\documents\visual studio 2010\projects\onerewardscloudservice\onerewardsmvc.tests\bin\release\onerewardsmvc.tests.dll" id="ae35e2ee-ae2d-f18d-8b83-76e8db8078e6">
      <Execution id="ac9e165e-b767-48cc-99da-7aefee4c1035" />
      <TestMethod codeBase="C:/Users/bhurtunt/Documents/Visual Studio 2010/Projects/OneRewardsCloudService/OneRewardsMvc.Tests/bin/Release/OneRewardsMvc.Tests.DLL" adapterTypeName="Microsoft.VisualStudio.TestTools.TestTypes.Unit.UnitTestAdapter, Microsoft.VisualStudio.QualityTools.Tips.UnitTest.Adapter, Version=10.0.0.0, Culture=neutral, PublicKeyToken=b03f5f7f11d50a3a" className="OneRewardsMvc.Tests.RegisterModelTest, OneRewardsMvc.Tests, Version=1.0.0.0, Culture=neutral, PublicKeyToken=null" name="RegisterModelConstructorTest" />
      <AspNet>
        <Host pathToWebApp="C:\Users\bhurtunt\Documents\Visual Studio 2010\Projects\OneRewardsCloudService\OneRewardsMvc" webAppRoot="/" />
      </AspNet>
    </UnitTest>
    <UnitTest name="ChangePasswordModelConstructorTest" storage="c:\users\bhurtunt\documents\visual studio 2010\projects\onerewardscloudservice\onerewardsmvc.tests\bin\release\onerewardsmvc.tests.dll" id="45ccdcf3-4686-de7a-54f8-2bf19bffaf16">
      <Execution id="dee3f5fc-e640-4c68-9965-5f5460677849" />
      <TestMethod codeBase="C:/Users/bhurtunt/Documents/Visual Studio 2010/Projects/OneRewardsCloudService/OneRewardsMvc.Tests/bin/Release/OneRewardsMvc.Tests.DLL" adapterTypeName="Microsoft.VisualStudio.TestTools.TestTypes.Unit.UnitTestAdapter, Microsoft.VisualStudio.QualityTools.Tips.UnitTest.Adapter, Version=10.0.0.0, Culture=neutral, PublicKeyToken=b03f5f7f11d50a3a" className="OneRewardsMvc.Tests.ChangePasswordModelTest, OneRewardsMvc.Tests, Version=1.0.0.0, Culture=neutral, PublicKeyToken=null" name="ChangePasswordModelConstructorTest" />
      <AspNet>
        <Host pathToWebApp="C:\Users\bhurtunt\Documents\Visual Studio 2010\Projects\OneRewardsCloudService\OneRewardsMvc" webAppRoot="/" />
      </AspNet>
    </UnitTest>
    <UnitTest name="RememberMeTest" storage="c:\users\bhurtunt\documents\visual studio 2010\projects\onerewardscloudservice\onerewardsmvc.tests\bin\release\onerewardsmvc.tests.dll" id="6d0c9798-42d3-4120-fbc0-fe8daffcbb33">
      <Execution id="7da2d7a9-9387-4e71-904a-f3f4f6d55821" />
      <TestMethod codeBase="C:/Users/bhurtunt/Documents/Visual Studio 2010/Projects/OneRewardsCloudService/OneRewardsMvc.Tests/bin/Release/OneRewardsMvc.Tests.DLL" adapterTypeName="Microsoft.VisualStudio.TestTools.TestTypes.Unit.UnitTestAdapter, Microsoft.VisualStudio.QualityTools.Tips.UnitTest.Adapter, Version=10.0.0.0, Culture=neutral, PublicKeyToken=b03f5f7f11d50a3a" className="OneRewardsMvc.Tests.LoginModelTest, OneRewardsMvc.Tests, Version=1.0.0.0, Culture=neutral, PublicKeyToken=null" name="RememberMeTest" />
      <AspNet>
        <Host pathToWebApp="C:\Users\bhurtunt\Documents\Visual Studio 2010\Projects\OneRewardsCloudService\OneRewardsMvc" webAppRoot="/" />
      </AspNet>
    </UnitTest>
    <UnitTest name="EditTest" storage="c:\users\bhurtunt\documents\visual studio 2010\projects\onerewardscloudservice\onerewardsmvc.tests\bin\release\onerewardsmvc.tests.dll" id="19b2f990-75a9-1a45-e5ae-b316dcaf04c2">
      <Execution id="65c623fe-05dd-417c-b525-2a5bbe0de8b4" />
      <TestMethod codeBase="C:/Users/bhurtunt/Documents/Visual Studio 2010/Projects/OneRewardsCloudService/OneRewardsMvc.Tests/bin/Release/OneRewardsMvc.Tests.DLL" adapterTypeName="Microsoft.VisualStudio.TestTools.TestTypes.Unit.UnitTestAdapter, Microsoft.VisualStudio.QualityTools.Tips.UnitTest.Adapter, Version=10.0.0.0, Culture=neutral, PublicKeyToken=b03f5f7f11d50a3a" className="OneRewardsMvc.Tests.CompanyControllerTest, OneRewardsMvc.Tests, Version=1.0.0.0, Culture=neutral, PublicKeyToken=null" name="EditTest" />
      <AspNet>
        <Host pathToWebApp="C:\Users\bhurtunt\Documents\Visual Studio 2010\Projects\OneRewardsCloudService\OneRewardsMvc" webAppRoot="/" />
      </AspNet>
    </UnitTest>
    <UnitTest name="EmailTest" storage="c:\users\bhurtunt\documents\visual studio 2010\projects\onerewardscloudservice\onerewardsmvc.tests\bin\release\onerewardsmvc.tests.dll" id="78b00d71-1a05-ac7a-2671-0133262f0f63">
      <Execution id="c8920a99-6724-4b64-a336-39a1749bc161" />
      <TestMethod codeBase="C:/Users/bhurtunt/Documents/Visual Studio 2010/Projects/OneRewardsCloudService/OneRewardsMvc.Tests/bin/Release/OneRewardsMvc.Tests.DLL" adapterTypeName="Microsoft.VisualStudio.TestTools.TestTypes.Unit.UnitTestAdapter, Microsoft.VisualStudio.QualityTools.Tips.UnitTest.Adapter, Version=10.0.0.0, Culture=neutral, PublicKeyToken=b03f5f7f11d50a3a" className="OneRewardsMvc.Tests.RegisterModelTest, OneRewardsMvc.Tests, Version=1.0.0.0, Culture=neutral, PublicKeyToken=null" name="EmailTest" />
      <AspNet>
        <Host pathToWebApp="C:\Users\bhurtunt\Documents\Visual Studio 2010\Projects\OneRewardsCloudService\OneRewardsMvc" webAppRoot="/" />
      </AspNet>
    </UnitTest>
    <UnitTest name="EditTest" storage="c:\users\bhurtunt\documents\visual studio 2010\projects\onerewardscloudservice\onerewardsmvc.tests\bin\release\onerewardsmvc.tests.dll" id="36d54adc-c7ce-cd47-2c67-fe2cf293eb5f">
      <Execution id="4e31d622-63ab-4728-9f74-94b8bed2ce41" />
      <TestMethod codeBase="C:/Users/bhurtunt/Documents/Visual Studio 2010/Projects/OneRewardsCloudService/OneRewardsMvc.Tests/bin/Release/OneRewardsMvc.Tests.DLL" adapterTypeName="Microsoft.VisualStudio.TestTools.TestTypes.Unit.UnitTestAdapter, Microsoft.VisualStudio.QualityTools.Tips.UnitTest.Adapter, Version=10.0.0.0, Culture=neutral, PublicKeyToken=b03f5f7f11d50a3a" className="OneRewardsMvc.Tests.RewardAccountControllerTest, OneRewardsMvc.Tests, Version=1.0.0.0, Culture=neutral, PublicKeyToken=null" name="EditTest" />
      <AspNet>
        <Host pathToWebApp="C:\Users\bhurtunt\Documents\Visual Studio 2010\Projects\OneRewardsCloudService\OneRewardsMvc" webAppRoot="/" />
      </AspNet>
    </UnitTest>
    <UnitTest name="CreateTest1" storage="c:\users\bhurtunt\documents\visual studio 2010\projects\onerewardscloudservice\onerewardsmvc.tests\bin\release\onerewardsmvc.tests.dll" id="d7a44c14-47b8-0ca6-fe55-fc4a88d8a203">
      <Execution id="6448e738-3672-4539-bde3-038b40000396" />
      <TestMethod codeBase="C:/Users/bhurtunt/Documents/Visual Studio 2010/Projects/OneRewardsCloudService/OneRewardsMvc.Tests/bin/Release/OneRewardsMvc.Tests.DLL" adapterTypeName="Microsoft.VisualStudio.TestTools.TestTypes.Unit.UnitTestAdapter, Microsoft.VisualStudio.QualityTools.Tips.UnitTest.Adapter, Version=10.0.0.0, Culture=neutral, PublicKeyToken=b03f5f7f11d50a3a" className="OneRewardsMvc.Tests.CompanyControllerTest, OneRewardsMvc.Tests, Version=1.0.0.0, Culture=neutral, PublicKeyToken=null" name="CreateTest1" />
      <AspNet>
        <Host pathToWebApp="C:\Users\bhurtunt\Documents\Visual Studio 2010\Projects\OneRewardsCloudService\OneRewardsMvc" webAppRoot="/" />
      </AspNet>
    </UnitTest>
    <UnitTest name="CompanyRewardsLinkTest" storage="c:\users\bhurtunt\documents\visual studio 2010\projects\onerewardscloudservice\onerewardsmvc.tests\bin\release\onerewardsmvc.tests.dll" id="f7d76670-4ea5-14d9-3740-a9f0c64dcb60">
      <Execution id="a1b094f5-b66d-458f-ae05-a0c86ff49c59" />
      <TestMethod codeBase="C:/Users/bhurtunt/Documents/Visual Studio 2010/Projects/OneRewardsCloudService/OneRewardsMvc.Tests/bin/Release/OneRewardsMvc.Tests.DLL" adapterTypeName="Microsoft.VisualStudio.TestTools.TestTypes.Unit.UnitTestAdapter, Microsoft.VisualStudio.QualityTools.Tips.UnitTest.Adapter, Version=10.0.0.0, Culture=neutral, PublicKeyToken=b03f5f7f11d50a3a" className="OneRewardsMvc.Tests.CompanyTest, OneRewardsMvc.Tests, Version=1.0.0.0, Culture=neutral, PublicKeyToken=null" name="CompanyRewardsLinkTest" />
      <AspNet>
        <Host pathToWebApp="C:\Users\bhurtunt\Documents\Visual Studio 2010\Projects\OneRewardsCloudService\OneRewardsMvc" webAppRoot="/" />
      </AspNet>
    </UnitTest>
    <UnitTest name="CompanyLogoTest" storage="c:\users\bhurtunt\documents\visual studio 2010\projects\onerewardscloudservice\onerewardsmvc.tests\bin\release\onerewardsmvc.tests.dll" id="69bf6a1f-1ea6-38b5-18dc-1a6d0ce22411">
      <Execution id="e65e2182-5e15-457a-bb72-5e4b24ec5b52" />
      <TestMethod codeBase="C:/Users/bhurtunt/Documents/Visual Studio 2010/Projects/OneRewardsCloudService/OneRewardsMvc.Tests/bin/Release/OneRewardsMvc.Tests.DLL" adapterTypeName="Microsoft.VisualStudio.TestTools.TestTypes.Unit.UnitTestAdapter, Microsoft.VisualStudio.QualityTools.Tips.UnitTest.Adapter, Version=10.0.0.0, Culture=neutral, PublicKeyToken=b03f5f7f11d50a3a" className="OneRewardsMvc.Tests.CompanyTest, OneRewardsMvc.Tests, Version=1.0.0.0, Culture=neutral, PublicKeyToken=null" name="CompanyLogoTest" />
      <AspNet>
        <Host pathToWebApp="C:\Users\bhurtunt\Documents\Visual Studio 2010\Projects\OneRewardsCloudService\OneRewardsMvc" webAppRoot="/" />
      </AspNet>
    </UnitTest>
    <UnitTest name="RewardAccountIDTest" storage="c:\users\bhurtunt\documents\visual studio 2010\projects\onerewardscloudservice\onerewardsmvc.tests\bin\release\onerewardsmvc.tests.dll" id="8141c866-f817-7fc4-cbec-b68e4ba3e60d">
      <Execution id="fdcee4ff-94fa-4839-8536-ba40d130756f" />
      <TestMethod codeBase="C:/Users/bhurtunt/Documents/Visual Studio 2010/Projects/OneRewardsCloudService/OneRewardsMvc.Tests/bin/Release/OneRewardsMvc.Tests.DLL" adapterTypeName="Microsoft.VisualStudio.TestTools.TestTypes.Unit.UnitTestAdapter, Microsoft.VisualStudio.QualityTools.Tips.UnitTest.Adapter, Version=10.0.0.0, Culture=neutral, PublicKeyToken=b03f5f7f11d50a3a" className="OneRewardsMvc.Tests.RewardAccountTest, OneRewardsMvc.Tests, Version=1.0.0.0, Culture=neutral, PublicKeyToken=null" name="RewardAccountIDTest" />
      <AspNet>
        <Host pathToWebApp="C:\Users\bhurtunt\Documents\Visual Studio 2010\Projects\OneRewardsCloudService\OneRewardsMvc" webAppRoot="/" />
      </AspNet>
    </UnitTest>
    <UnitTest name="CompanysTest" storage="c:\users\bhurtunt\documents\visual studio 2010\projects\onerewardscloudservice\onerewardsmvc.tests\bin\release\onerewardsmvc.tests.dll" id="5d19af3b-a1f7-93d9-f491-f55c1806498c">
      <Execution id="388ab7dc-f62c-42d5-ace3-9d0e616af921" />
      <TestMethod codeBase="C:/Users/bhurtunt/Documents/Visual Studio 2010/Projects/OneRewardsCloudService/OneRewardsMvc.Tests/bin/Release/OneRewardsMvc.Tests.DLL" adapterTypeName="Microsoft.VisualStudio.TestTools.TestTypes.Unit.UnitTestAdapter, Microsoft.VisualStudio.QualityTools.Tips.UnitTest.Adapter, Version=10.0.0.0, Culture=neutral, PublicKeyToken=b03f5f7f11d50a3a" className="OneRewardsMvc.Tests.OneRewardsContextTest, OneRewardsMvc.Tests, Version=1.0.0.0, Culture=neutral, PublicKeyToken=null" name="CompanysTest" />
      <AspNet>
        <Host pathToWebApp="C:\Users\bhurtunt\Documents\Visual Studio 2010\Projects\OneRewardsCloudService\OneRewardsMvc" webAppRoot="/" />
      </AspNet>
    </UnitTest>
    <UnitTest name="UserNameTest" storage="c:\users\bhurtunt\documents\visual studio 2010\projects\onerewardscloudservice\onerewardsmvc.tests\bin\release\onerewardsmvc.tests.dll" id="569db36b-aaf6-0347-4a22-0da6b66abb9d">
      <Execution id="4fe3b7fb-a4e8-47fc-ba77-72d30bea25d2" />
      <TestMethod codeBase="C:/Users/bhurtunt/Documents/Visual Studio 2010/Projects/OneRewardsCloudService/OneRewardsMvc.Tests/bin/Release/OneRewardsMvc.Tests.DLL" adapterTypeName="Microsoft.VisualStudio.TestTools.TestTypes.Unit.UnitTestAdapter, Microsoft.VisualStudio.QualityTools.Tips.UnitTest.Adapter, Version=10.0.0.0, Culture=neutral, PublicKeyToken=b03f5f7f11d50a3a" className="OneRewardsMvc.Tests.RewardAccountTest, OneRewardsMvc.Tests, Version=1.0.0.0, Culture=neutral, PublicKeyToken=null" name="UserNameTest" />
      <AspNet>
        <Host pathToWebApp="C:\Users\bhurtunt\Documents\Visual Studio 2010\Projects\OneRewardsCloudService\OneRewardsMvc" webAppRoot="/" />
      </AspNet>
    </UnitTest>
    <UnitTest name="CreateTest1" storage="c:\users\bhurtunt\documents\visual studio 2010\projects\onerewardscloudservice\onerewardsmvc.tests\bin\release\onerewardsmvc.tests.dll" id="376d4788-8860-6174-3388-983e231b8249">
      <Execution id="a48d4907-c6dd-4dd5-8421-5655b02091af" />
      <TestMethod codeBase="C:/Users/bhurtunt/Documents/Visual Studio 2010/Projects/OneRewardsCloudService/OneRewardsMvc.Tests/bin/Release/OneRewardsMvc.Tests.DLL" adapterTypeName="Microsoft.VisualStudio.TestTools.TestTypes.Unit.UnitTestAdapter, Microsoft.VisualStudio.QualityTools.Tips.UnitTest.Adapter, Version=10.0.0.0, Culture=neutral, PublicKeyToken=b03f5f7f11d50a3a" className="OneRewardsMvc.Tests.RewardAccountControllerTest, OneRewardsMvc.Tests, Version=1.0.0.0, Culture=neutral, PublicKeyToken=null" name="CreateTest1" />
      <AspNet>
        <Host pathToWebApp="C:\Users\bhurtunt\Documents\Visual Studio 2010\Projects\OneRewardsCloudService\OneRewardsMvc" webAppRoot="/" />
      </AspNet>
    </UnitTest>
    <UnitTest name="randomNumberTest" storage="c:\users\bhurtunt\documents\visual studio 2010\projects\onerewardscloudservice\onerewardsmvc.tests\bin\release\onerewardsmvc.tests.dll" id="21be142e-5370-ae21-e2dc-be63484b5918">
      <Execution id="cbf32c1a-bce5-4346-bc01-20849ad49561" />
      <TestMethod codeBase="C:/Users/bhurtunt/Documents/Visual Studio 2010/Projects/OneRewardsCloudService/OneRewardsMvc.Tests/bin/Release/OneRewardsMvc.Tests.DLL" adapterTypeName="Microsoft.VisualStudio.TestTools.TestTypes.Unit.UnitTestAdapter, Microsoft.VisualStudio.QualityTools.Tips.UnitTest.Adapter, Version=10.0.0.0, Culture=neutral, PublicKeyToken=b03f5f7f11d50a3a" className="OneRewardsMvc.Tests.RewardAccountControllerTest, OneRewardsMvc.Tests, Version=1.0.0.0, Culture=neutral, PublicKeyToken=null" name="randomNumberTest" />
      <AspNet>
        <Host pathToWebApp="C:\Users\bhurtunt\Documents\Visual Studio 2010\Projects\OneRewardsCloudService\OneRewardsMvc" webAppRoot="/" />
      </AspNet>
    </UnitTest>
    <UnitTest name="ChangePasswordTest" storage="c:\users\bhurtunt\documents\visual studio 2010\projects\onerewardscloudservice\onerewardsmvc.tests\bin\release\onerewardsmvc.tests.dll" id="7256a3be-dfa5-ba8a-8c9c-abdc43dfa189">
      <Execution id="a9c1a20d-2295-4bd7-a127-e99daaf171f1" />
      <TestMethod codeBase="C:/Users/bhurtunt/Documents/Visual Studio 2010/Projects/OneRewardsCloudService/OneRewardsMvc.Tests/bin/Release/OneRewardsMvc.Tests.DLL" adapterTypeName="Microsoft.VisualStudio.TestTools.TestTypes.Unit.UnitTestAdapter, Microsoft.VisualStudio.QualityTools.Tips.UnitTest.Adapter, Version=10.0.0.0, Culture=neutral, PublicKeyToken=b03f5f7f11d50a3a" className="OneRewardsMvc.Tests.AccountControllerTest, OneRewardsMvc.Tests, Version=1.0.0.0, Culture=neutral, PublicKeyToken=null" name="ChangePasswordTest" />
      <AspNet>
        <Host pathToWebApp="C:\Users\bhurtunt\Documents\Visual Studio 2010\Projects\OneRewardsCloudService\OneRewardsMvc" webAppRoot="/" />
      </AspNet>
    </UnitTest>
    <UnitTest name="ConfirmPasswordTest" storage="c:\users\bhurtunt\documents\visual studio 2010\projects\onerewardscloudservice\onerewardsmvc.tests\bin\release\onerewardsmvc.tests.dll" id="bfa3d854-20e9-afaf-6a5b-84d340d16475">
      <Execution id="ff1a53ff-fb4e-44a1-87e3-4d630a2d0481" />
      <TestMethod codeBase="C:/Users/bhurtunt/Documents/Visual Studio 2010/Projects/OneRewardsCloudService/OneRewardsMvc.Tests/bin/Release/OneRewardsMvc.Tests.DLL" adapterTypeName="Microsoft.VisualStudio.TestTools.TestTypes.Unit.UnitTestAdapter, Microsoft.VisualStudio.QualityTools.Tips.UnitTest.Adapter, Version=10.0.0.0, Culture=neutral, PublicKeyToken=b03f5f7f11d50a3a" className="OneRewardsMvc.Tests.ChangePasswordModelTest, OneRewardsMvc.Tests, Version=1.0.0.0, Culture=neutral, PublicKeyToken=null" name="ConfirmPasswordTest" />
      <AspNet>
        <Host pathToWebApp="C:\Users\bhurtunt\Documents\Visual Studio 2010\Projects\OneRewardsCloudService\OneRewardsMvc" webAppRoot="/" />
      </AspNet>
    </UnitTest>
    <UnitTest name="RewardAccountsTest" storage="c:\users\bhurtunt\documents\visual studio 2010\projects\onerewardscloudservice\onerewardsmvc.tests\bin\release\onerewardsmvc.tests.dll" id="0a370041-7040-2e13-5863-bac5253f5ac5">
      <Execution id="fa5bc2c5-2c9e-4c11-8fc2-385b6e92c309" />
      <TestMethod codeBase="C:/Users/bhurtunt/Documents/Visual Studio 2010/Projects/OneRewardsCloudService/OneRewardsMvc.Tests/bin/Release/OneRewardsMvc.Tests.DLL" adapterTypeName="Microsoft.VisualStudio.TestTools.TestTypes.Unit.UnitTestAdapter, Microsoft.VisualStudio.QualityTools.Tips.UnitTest.Adapter, Version=10.0.0.0, Culture=neutral, PublicKeyToken=b03f5f7f11d50a3a" className="OneRewardsMvc.Tests.OneRewardsContextTest, OneRewardsMvc.Tests, Version=1.0.0.0, Culture=neutral, PublicKeyToken=null" name="RewardAccountsTest" />
      <AspNet>
        <Host pathToWebApp="C:\Users\bhurtunt\Documents\Visual Studio 2010\Projects\OneRewardsCloudService\OneRewardsMvc" webAppRoot="/" />
      </AspNet>
    </UnitTest>
    <UnitTest name="OneRewardsContextConstructorTest" storage="c:\users\bhurtunt\documents\visual studio 2010\projects\onerewardscloudservice\onerewardsmvc.tests\bin\release\onerewardsmvc.tests.dll" id="429d7597-ec02-7233-723e-1f5db3d511c3">
      <Execution id="ee385359-c0b6-4c2d-bee2-a3633e4e6e68" />
      <TestMethod codeBase="C:/Users/bhurtunt/Documents/Visual Studio 2010/Projects/OneRewardsCloudService/OneRewardsMvc.Tests/bin/Release/OneRewardsMvc.Tests.DLL" adapterTypeName="Microsoft.VisualStudio.TestTools.TestTypes.Unit.UnitTestAdapter, Microsoft.VisualStudio.QualityTools.Tips.UnitTest.Adapter, Version=10.0.0.0, Culture=neutral, PublicKeyToken=b03f5f7f11d50a3a" className="OneRewardsMvc.Tests.OneRewardsContextTest, OneRewardsMvc.Tests, Version=1.0.0.0, Culture=neutral, PublicKeyToken=null" name="OneRewardsContextConstructorTest" />
      <AspNet>
        <Host pathToWebApp="C:\Users\bhurtunt\Documents\Visual Studio 2010\Projects\OneRewardsCloudService\OneRewardsMvc" webAppRoot="/" />
      </AspNet>
    </UnitTest>
    <UnitTest name="CompanyIDTest" storage="c:\users\bhurtunt\documents\visual studio 2010\projects\onerewardscloudservice\onerewardsmvc.tests\bin\release\onerewardsmvc.tests.dll" id="51975c1c-4e33-f71d-0de2-af5df9be6738">
      <Execution id="3eb96b0b-a0c2-4a5a-b3b6-3b044939bba5" />
      <TestMethod codeBase="C:/Users/bhurtunt/Documents/Visual Studio 2010/Projects/OneRewardsCloudService/OneRewardsMvc.Tests/bin/Release/OneRewardsMvc.Tests.DLL" adapterTypeName="Microsoft.VisualStudio.TestTools.TestTypes.Unit.UnitTestAdapter, Microsoft.VisualStudio.QualityTools.Tips.UnitTest.Adapter, Version=10.0.0.0, Culture=neutral, PublicKeyToken=b03f5f7f11d50a3a" className="OneRewardsMvc.Tests.RewardAccountTest, OneRewardsMvc.Tests, Version=1.0.0.0, Culture=neutral, PublicKeyToken=null" name="CompanyIDTest" />
      <AspNet>
        <Host pathToWebApp="C:\Users\bhurtunt\Documents\Visual Studio 2010\Projects\OneRewardsCloudService\OneRewardsMvc" webAppRoot="/" />
      </AspNet>
    </UnitTest>
    <UnitTest name="CompanyIDTest" storage="c:\users\bhurtunt\documents\visual studio 2010\projects\onerewardscloudservice\onerewardsmvc.tests\bin\release\onerewardsmvc.tests.dll" id="2da4bebc-3c59-5ad6-f979-253de0819eef">
      <Execution id="550f7f6a-c320-49ef-abd5-6d2be0edd843" />
      <TestMethod codeBase="C:/Users/bhurtunt/Documents/Visual Studio 2010/Projects/OneRewardsCloudService/OneRewardsMvc.Tests/bin/Release/OneRewardsMvc.Tests.DLL" adapterTypeName="Microsoft.VisualStudio.TestTools.TestTypes.Unit.UnitTestAdapter, Microsoft.VisualStudio.QualityTools.Tips.UnitTest.Adapter, Version=10.0.0.0, Culture=neutral, PublicKeyToken=b03f5f7f11d50a3a" className="OneRewardsMvc.Tests.CompanyTest, OneRewardsMvc.Tests, Version=1.0.0.0, Culture=neutral, PublicKeyToken=null" name="CompanyIDTest" />
      <AspNet>
        <Host pathToWebApp="C:\Users\bhurtunt\Documents\Visual Studio 2010\Projects\OneRewardsCloudService\OneRewardsMvc" webAppRoot="/" />
      </AspNet>
    </UnitTest>
    <UnitTest name="CompanyTest" storage="c:\users\bhurtunt\documents\visual studio 2010\projects\onerewardscloudservice\onerewardsmvc.tests\bin\release\onerewardsmvc.tests.dll" id="bd3310f4-b4bd-3ae6-6615-9138f25eecfe">
      <Execution id="976e4c05-f87e-4e57-8ee3-0ddf91e989f1" />
      <TestMethod codeBase="C:/Users/bhurtunt/Documents/Visual Studio 2010/Projects/OneRewardsCloudService/OneRewardsMvc.Tests/bin/Release/OneRewardsMvc.Tests.DLL" adapterTypeName="Microsoft.VisualStudio.TestTools.TestTypes.Unit.UnitTestAdapter, Microsoft.VisualStudio.QualityTools.Tips.UnitTest.Adapter, Version=10.0.0.0, Culture=neutral, PublicKeyToken=b03f5f7f11d50a3a" className="OneRewardsMvc.Tests.RewardAccountTest, OneRewardsMvc.Tests, Version=1.0.0.0, Culture=neutral, PublicKeyToken=null" name="CompanyTest" />
      <AspNet>
        <Host pathToWebApp="C:\Users\bhurtunt\Documents\Visual Studio 2010\Projects\OneRewardsCloudService\OneRewardsMvc" webAppRoot="/" />
      </AspNet>
    </UnitTest>
    <UnitTest name="DeleteTest" storage="c:\users\bhurtunt\documents\visual studio 2010\projects\onerewardscloudservice\onerewardsmvc.tests\bin\release\onerewardsmvc.tests.dll" id="be281358-853b-1fea-8ed3-2f2e8b12cbc5">
      <Execution id="79371091-1eac-4b86-afac-9d5255dedb80" />
      <TestMethod codeBase="C:/Users/bhurtunt/Documents/Visual Studio 2010/Projects/OneRewardsCloudService/OneRewardsMvc.Tests/bin/Release/OneRewardsMvc.Tests.DLL" adapterTypeName="Microsoft.VisualStudio.TestTools.TestTypes.Unit.UnitTestAdapter, Microsoft.VisualStudio.QualityTools.Tips.UnitTest.Adapter, Version=10.0.0.0, Culture=neutral, PublicKeyToken=b03f5f7f11d50a3a" className="OneRewardsMvc.Tests.RewardAccountControllerTest, OneRewardsMvc.Tests, Version=1.0.0.0, Culture=neutral, PublicKeyToken=null" name="DeleteTest" />
      <AspNet>
        <Host pathToWebApp="C:\Users\bhurtunt\Documents\Visual Studio 2010\Projects\OneRewardsCloudService\OneRewardsMvc" webAppRoot="/" />
      </AspNet>
    </UnitTest>
    <UnitTest name="TotalPointsTest" storage="c:\users\bhurtunt\documents\visual studio 2010\projects\onerewardscloudservice\onerewardsmvc.tests\bin\release\onerewardsmvc.tests.dll" id="9ece2e17-897e-6388-d7d8-b0118f0c769a">
      <Execution id="3d6edd9a-7603-40cf-98dd-289e1a4eea37" />
      <TestMethod codeBase="C:/Users/bhurtunt/Documents/Visual Studio 2010/Projects/OneRewardsCloudService/OneRewardsMvc.Tests/bin/Release/OneRewardsMvc.Tests.DLL" adapterTypeName="Microsoft.VisualStudio.TestTools.TestTypes.Unit.UnitTestAdapter, Microsoft.VisualStudio.QualityTools.Tips.UnitTest.Adapter, Version=10.0.0.0, Culture=neutral, PublicKeyToken=b03f5f7f11d50a3a" className="OneRewardsMvc.Tests.RewardAccountTest, OneRewardsMvc.Tests, Version=1.0.0.0, Culture=neutral, PublicKeyToken=null" name="TotalPointsTest" />
      <AspNet>
        <Host pathToWebApp="C:\Users\bhurtunt\Documents\Visual Studio 2010\Projects\OneRewardsCloudService\OneRewardsMvc" webAppRoot="/" />
      </AspNet>
    </UnitTest>
    <UnitTest name="CompanyControllerConstructorTest" storage="c:\users\bhurtunt\documents\visual studio 2010\projects\onerewardscloudservice\onerewardsmvc.tests\bin\release\onerewardsmvc.tests.dll" id="048c21fc-22db-258a-b14e-0727745eb56f">
      <Execution id="b572ebdc-de81-453b-a6b1-78a15172d553" />
      <TestMethod codeBase="C:/Users/bhurtunt/Documents/Visual Studio 2010/Projects/OneRewardsCloudService/OneRewardsMvc.Tests/bin/Release/OneRewardsMvc.Tests.DLL" adapterTypeName="Microsoft.VisualStudio.TestTools.TestTypes.Unit.UnitTestAdapter, Microsoft.VisualStudio.QualityTools.Tips.UnitTest.Adapter, Version=10.0.0.0, Culture=neutral, PublicKeyToken=b03f5f7f11d50a3a" className="OneRewardsMvc.Tests.CompanyControllerTest, OneRewardsMvc.Tests, Version=1.0.0.0, Culture=neutral, PublicKeyToken=null" name="CompanyControllerConstructorTest" />
      <AspNet>
        <Host pathToWebApp="C:\Users\bhurtunt\Documents\Visual Studio 2010\Projects\OneRewardsCloudService\OneRewardsMvc" webAppRoot="/" />
      </AspNet>
    </UnitTest>
    <UnitTest name="DeleteTest" storage="c:\users\bhurtunt\documents\visual studio 2010\projects\onerewardscloudservice\onerewardsmvc.tests\bin\release\onerewardsmvc.tests.dll" id="e2bd6ea1-3cb4-9b33-80ef-6c76fb9d61e4">
      <Execution id="9d59e49e-b5fe-4d77-b856-3c3fdc08bfb6" />
      <TestMethod codeBase="C:/Users/bhurtunt/Documents/Visual Studio 2010/Projects/OneRewardsCloudService/OneRewardsMvc.Tests/bin/Release/OneRewardsMvc.Tests.DLL" adapterTypeName="Microsoft.VisualStudio.TestTools.TestTypes.Unit.UnitTestAdapter, Microsoft.VisualStudio.QualityTools.Tips.UnitTest.Adapter, Version=10.0.0.0, Culture=neutral, PublicKeyToken=b03f5f7f11d50a3a" className="OneRewardsMvc.Tests.ManageUserControllerTest, OneRewardsMvc.Tests, Version=1.0.0.0, Culture=neutral, PublicKeyToken=null" name="DeleteTest" />
      <AspNet>
        <Host pathToWebApp="C:\Users\bhurtunt\Documents\Visual Studio 2010\Projects\OneRewardsCloudService\OneRewardsMvc" webAppRoot="/" />
      </AspNet>
    </UnitTest>
    <UnitTest name="CreateTest" storage="c:\users\bhurtunt\documents\visual studio 2010\projects\onerewardscloudservice\onerewardsmvc.tests\bin\release\onerewardsmvc.tests.dll" id="713d46ab-6981-fbf5-ac44-81204a8a219e">
      <Execution id="36a1965a-64ab-4309-b5c6-f4adfc5261b8" />
      <TestMethod codeBase="C:/Users/bhurtunt/Documents/Visual Studio 2010/Projects/OneRewardsCloudService/OneRewardsMvc.Tests/bin/Release/OneRewardsMvc.Tests.DLL" adapterTypeName="Microsoft.VisualStudio.TestTools.TestTypes.Unit.UnitTestAdapter, Microsoft.VisualStudio.QualityTools.Tips.UnitTest.Adapter, Version=10.0.0.0, Culture=neutral, PublicKeyToken=b03f5f7f11d50a3a" className="OneRewardsMvc.Tests.ManageUserControllerTest, OneRewardsMvc.Tests, Version=1.0.0.0, Culture=neutral, PublicKeyToken=null" name="CreateTest" />
      <AspNet>
        <Host pathToWebApp="C:\Users\bhurtunt\Documents\Visual Studio 2010\Projects\OneRewardsCloudService\OneRewardsMvc" webAppRoot="/" />
      </AspNet>
    </UnitTest>
    <UnitTest name="RegisterTest1" storage="c:\users\bhurtunt\documents\visual studio 2010\projects\onerewardscloudservice\onerewardsmvc.tests\bin\release\onerewardsmvc.tests.dll" id="dfed860a-a785-21dc-6a75-52bf42003c70">
      <Execution id="9ebacaed-cb84-49de-aa0f-a7dc4caeeca2" />
      <TestMethod codeBase="C:/Users/bhurtunt/Documents/Visual Studio 2010/Projects/OneRewardsCloudService/OneRewardsMvc.Tests/bin/Release/OneRewardsMvc.Tests.DLL" adapterTypeName="Microsoft.VisualStudio.TestTools.TestTypes.Unit.UnitTestAdapter, Microsoft.VisualStudio.QualityTools.Tips.UnitTest.Adapter, Version=10.0.0.0, Culture=neutral, PublicKeyToken=b03f5f7f11d50a3a" className="OneRewardsMvc.Tests.AccountControllerTest, OneRewardsMvc.Tests, Version=1.0.0.0, Culture=neutral, PublicKeyToken=null" name="RegisterTest1" />
      <AspNet>
        <Host pathToWebApp="C:\Users\bhurtunt\Documents\Visual Studio 2010\Projects\OneRewardsCloudService\OneRewardsMvc" webAppRoot="/" />
      </AspNet>
    </UnitTest>
    <UnitTest name="ChangePasswordTest1" storage="c:\users\bhurtunt\documents\visual studio 2010\projects\onerewardscloudservice\onerewardsmvc.tests\bin\release\onerewardsmvc.tests.dll" id="e83d5e76-81cb-7aa5-6350-533ceff0a688">
      <Execution id="a219c9b9-513b-47ae-928a-d939e272e340" />
      <TestMethod codeBase="C:/Users/bhurtunt/Documents/Visual Studio 2010/Projects/OneRewardsCloudService/OneRewardsMvc.Tests/bin/Release/OneRewardsMvc.Tests.DLL" adapterTypeName="Microsoft.VisualStudio.TestTools.TestTypes.Unit.UnitTestAdapter, Microsoft.VisualStudio.QualityTools.Tips.UnitTest.Adapter, Version=10.0.0.0, Culture=neutral, PublicKeyToken=b03f5f7f11d50a3a" className="OneRewardsMvc.Tests.AccountControllerTest, OneRewardsMvc.Tests, Version=1.0.0.0, Culture=neutral, PublicKeyToken=null" name="ChangePasswordTest1" />
      <AspNet>
        <Host pathToWebApp="C:\Users\bhurtunt\Documents\Visual Studio 2010\Projects\OneRewardsCloudService\OneRewardsMvc" webAppRoot="/" />
      </AspNet>
    </UnitTest>
    <UnitTest name="ChangePasswordSuccessTest" storage="c:\users\bhurtunt\documents\visual studio 2010\projects\onerewardscloudservice\onerewardsmvc.tests\bin\release\onerewardsmvc.tests.dll" id="2c4292c6-e7b9-e2bc-bc8b-0a8e348093c5">
      <Execution id="703b9a11-22c1-4fb6-acb0-81d8341d532d" />
      <TestMethod codeBase="C:/Users/bhurtunt/Documents/Visual Studio 2010/Projects/OneRewardsCloudService/OneRewardsMvc.Tests/bin/Release/OneRewardsMvc.Tests.DLL" adapterTypeName="Microsoft.VisualStudio.TestTools.TestTypes.Unit.UnitTestAdapter, Microsoft.VisualStudio.QualityTools.Tips.UnitTest.Adapter, Version=10.0.0.0, Culture=neutral, PublicKeyToken=b03f5f7f11d50a3a" className="OneRewardsMvc.Tests.AccountControllerTest, OneRewardsMvc.Tests, Version=1.0.0.0, Culture=neutral, PublicKeyToken=null" name="ChangePasswordSuccessTest" />
      <AspNet>
        <Host pathToWebApp="C:\Users\bhurtunt\Documents\Visual Studio 2010\Projects\OneRewardsCloudService\OneRewardsMvc" webAppRoot="/" />
      </AspNet>
    </UnitTest>
    <UnitTest name="ConfirmPasswordTest" storage="c:\users\bhurtunt\documents\visual studio 2010\projects\onerewardscloudservice\onerewardsmvc.tests\bin\release\onerewardsmvc.tests.dll" id="0500de23-aeeb-f6c6-c692-6fab2def3d9a">
      <Execution id="76ffb545-761b-4d07-a2b9-640854ad4f5f" />
      <TestMethod codeBase="C:/Users/bhurtunt/Documents/Visual Studio 2010/Projects/OneRewardsCloudService/OneRewardsMvc.Tests/bin/Release/OneRewardsMvc.Tests.DLL" adapterTypeName="Microsoft.VisualStudio.TestTools.TestTypes.Unit.UnitTestAdapter, Microsoft.VisualStudio.QualityTools.Tips.UnitTest.Adapter, Version=10.0.0.0, Culture=neutral, PublicKeyToken=b03f5f7f11d50a3a" className="OneRewardsMvc.Tests.RegisterModelTest, OneRewardsMvc.Tests, Version=1.0.0.0, Culture=neutral, PublicKeyToken=null" name="ConfirmPasswordTest" />
      <AspNet>
        <Host pathToWebApp="C:\Users\bhurtunt\Documents\Visual Studio 2010\Projects\OneRewardsCloudService\OneRewardsMvc" webAppRoot="/" />
      </AspNet>
    </UnitTest>
    <UnitTest name="ManageUserControllerConstructorTest" storage="c:\users\bhurtunt\documents\visual studio 2010\projects\onerewardscloudservice\onerewardsmvc.tests\bin\release\onerewardsmvc.tests.dll" id="cb123c34-53d6-8589-a530-6019f5c69297">
      <Execution id="a9ea692c-aa29-4205-bff2-bb5e105decd6" />
      <TestMethod codeBase="C:/Users/bhurtunt/Documents/Visual Studio 2010/Projects/OneRewardsCloudService/OneRewardsMvc.Tests/bin/Release/OneRewardsMvc.Tests.DLL" adapterTypeName="Microsoft.VisualStudio.TestTools.TestTypes.Unit.UnitTestAdapter, Microsoft.VisualStudio.QualityTools.Tips.UnitTest.Adapter, Version=10.0.0.0, Culture=neutral, PublicKeyToken=b03f5f7f11d50a3a" className="OneRewardsMvc.Tests.ManageUserControllerTest, OneRewardsMvc.Tests, Version=1.0.0.0, Culture=neutral, PublicKeyToken=null" name="ManageUserControllerConstructorTest" />
      <AspNet>
        <Host pathToWebApp="C:\Users\bhurtunt\Documents\Visual Studio 2010\Projects\OneRewardsCloudService\OneRewardsMvc" webAppRoot="/" />
      </AspNet>
    </UnitTest>
    <UnitTest name="UserNameTest" storage="c:\users\bhurtunt\documents\visual studio 2010\projects\onerewardscloudservice\onerewardsmvc.tests\bin\release\onerewardsmvc.tests.dll" id="5c4a3b81-d2e9-390e-4d47-debd5f30f955">
      <Execution id="8e33547b-109b-4adf-b0ba-690648997809" />
      <TestMethod codeBase="C:/Users/bhurtunt/Documents/Visual Studio 2010/Projects/OneRewardsCloudService/OneRewardsMvc.Tests/bin/Release/OneRewardsMvc.Tests.DLL" adapterTypeName="Microsoft.VisualStudio.TestTools.TestTypes.Unit.UnitTestAdapter, Microsoft.VisualStudio.QualityTools.Tips.UnitTest.Adapter, Version=10.0.0.0, Culture=neutral, PublicKeyToken=b03f5f7f11d50a3a" className="OneRewardsMvc.Tests.LoginModelTest, OneRewardsMvc.Tests, Version=1.0.0.0, Culture=neutral, PublicKeyToken=null" name="UserNameTest" />
      <AspNet>
        <Host pathToWebApp="C:\Users\bhurtunt\Documents\Visual Studio 2010\Projects\OneRewardsCloudService\OneRewardsMvc" webAppRoot="/" />
      </AspNet>
    </UnitTest>
    <UnitTest name="CreateTest1" storage="c:\users\bhurtunt\documents\visual studio 2010\projects\onerewardscloudservice\onerewardsmvc.tests\bin\release\onerewardsmvc.tests.dll" id="17bdc49d-92ff-5313-d946-c26cad936b82">
      <Execution id="ac4badb2-c0fb-4447-9246-16f5864d27f0" />
      <TestMethod codeBase="C:/Users/bhurtunt/Documents/Visual Studio 2010/Projects/OneRewardsCloudService/OneRewardsMvc.Tests/bin/Release/OneRewardsMvc.Tests.DLL" adapterTypeName="Microsoft.VisualStudio.TestTools.TestTypes.Unit.UnitTestAdapter, Microsoft.VisualStudio.QualityTools.Tips.UnitTest.Adapter, Version=10.0.0.0, Culture=neutral, PublicKeyToken=b03f5f7f11d50a3a" className="OneRewardsMvc.Tests.ManageUserControllerTest, OneRewardsMvc.Tests, Version=1.0.0.0, Culture=neutral, PublicKeyToken=null" name="CreateTest1" />
      <AspNet>
        <Host pathToWebApp="C:\Users\bhurtunt\Documents\Visual Studio 2010\Projects\OneRewardsCloudService\OneRewardsMvc" webAppRoot="/" />
      </AspNet>
    </UnitTest>
    <UnitTest name="OneRewardsInitializerConstructorTest" storage="c:\users\bhurtunt\documents\visual studio 2010\projects\onerewardscloudservice\onerewardsmvc.tests\bin\release\onerewardsmvc.tests.dll" id="46346720-47cc-a1a5-62c4-07a919cfeca1">
      <Execution id="0f26e8c0-5e72-4e97-9e46-35d54f25ed3d" />
      <TestMethod codeBase="C:/Users/bhurtunt/Documents/Visual Studio 2010/Projects/OneRewardsCloudService/OneRewardsMvc.Tests/bin/Release/OneRewardsMvc.Tests.DLL" adapterTypeName="Microsoft.VisualStudio.TestTools.TestTypes.Unit.UnitTestAdapter, Microsoft.VisualStudio.QualityTools.Tips.UnitTest.Adapter, Version=10.0.0.0, Culture=neutral, PublicKeyToken=b03f5f7f11d50a3a" className="OneRewardsMvc.Tests.OneRewardsInitializerTest, OneRewardsMvc.Tests, Version=1.0.0.0, Culture=neutral, PublicKeyToken=null" name="OneRewardsInitializerConstructorTest" />
      <AspNet>
        <Host pathToWebApp="C:\Users\bhurtunt\Documents\Visual Studio 2010\Projects\OneRewardsCloudService\OneRewardsMvc" webAppRoot="/" />
      </AspNet>
    </UnitTest>
    <UnitTest name="RegisterTest" storage="c:\users\bhurtunt\documents\visual studio 2010\projects\onerewardscloudservice\onerewardsmvc.tests\bin\release\onerewardsmvc.tests.dll" id="70a63c12-bf69-ec6d-2e0b-2b37b30e7f99">
      <Execution id="98d321e8-d047-454f-942c-027bc37bb64b" />
      <TestMethod codeBase="C:/Users/bhurtunt/Documents/Visual Studio 2010/Projects/OneRewardsCloudService/OneRewardsMvc.Tests/bin/Release/OneRewardsMvc.Tests.DLL" adapterTypeName="Microsoft.VisualStudio.TestTools.TestTypes.Unit.UnitTestAdapter, Microsoft.VisualStudio.QualityTools.Tips.UnitTest.Adapter, Version=10.0.0.0, Culture=neutral, PublicKeyToken=b03f5f7f11d50a3a" className="OneRewardsMvc.Tests.AccountControllerTest, OneRewardsMvc.Tests, Version=1.0.0.0, Culture=neutral, PublicKeyToken=null" name="RegisterTest" />
      <AspNet>
        <Host pathToWebApp="C:\Users\bhurtunt\Documents\Visual Studio 2010\Projects\OneRewardsCloudService\OneRewardsMvc" webAppRoot="/" />
      </AspNet>
    </UnitTest>
    <UnitTest name="OldPasswordTest" storage="c:\users\bhurtunt\documents\visual studio 2010\projects\onerewardscloudservice\onerewardsmvc.tests\bin\release\onerewardsmvc.tests.dll" id="ed20047a-3110-0877-3507-be97b1a3c1c4">
      <Execution id="02f185fa-e9f1-414f-9095-3d57a33e4fcf" />
      <TestMethod codeBase="C:/Users/bhurtunt/Documents/Visual Studio 2010/Projects/OneRewardsCloudService/OneRewardsMvc.Tests/bin/Release/OneRewardsMvc.Tests.DLL" adapterTypeName="Microsoft.VisualStudio.TestTools.TestTypes.Unit.UnitTestAdapter, Microsoft.VisualStudio.QualityTools.Tips.UnitTest.Adapter, Version=10.0.0.0, Culture=neutral, PublicKeyToken=b03f5f7f11d50a3a" className="OneRewardsMvc.Tests.ChangePasswordModelTest, OneRewardsMvc.Tests, Version=1.0.0.0, Culture=neutral, PublicKeyToken=null" name="OldPasswordTest" />
      <AspNet>
        <Host pathToWebApp="C:\Users\bhurtunt\Documents\Visual Studio 2010\Projects\OneRewardsCloudService\OneRewardsMvc" webAppRoot="/" />
      </AspNet>
    </UnitTest>
    <UnitTest name="PointsTest" storage="c:\users\bhurtunt\documents\visual studio 2010\projects\onerewardscloudservice\onerewardsmvc.tests\bin\release\onerewardsmvc.tests.dll" id="f75630da-5c1f-a916-4e6a-f746a6a75e69">
      <Execution id="825792f2-e273-4351-8d99-76e194db4c4a" />
      <TestMethod codeBase="C:/Users/bhurtunt/Documents/Visual Studio 2010/Projects/OneRewardsCloudService/OneRewardsMvc.Tests/bin/Release/OneRewardsMvc.Tests.DLL" adapterTypeName="Microsoft.VisualStudio.TestTools.TestTypes.Unit.UnitTestAdapter, Microsoft.VisualStudio.QualityTools.Tips.UnitTest.Adapter, Version=10.0.0.0, Culture=neutral, PublicKeyToken=b03f5f7f11d50a3a" className="OneRewardsMvc.Tests.RewardAccountTest, OneRewardsMvc.Tests, Version=1.0.0.0, Culture=neutral, PublicKeyToken=null" name="PointsTest" />
      <AspNet>
        <Host pathToWebApp="C:\Users\bhurtunt\Documents\Visual Studio 2010\Projects\OneRewardsCloudService\OneRewardsMvc" webAppRoot="/" />
      </AspNet>
    </UnitTest>
    <UnitTest name="IndexTest" storage="c:\users\bhurtunt\documents\visual studio 2010\projects\onerewardscloudservice\onerewardsmvc.tests\bin\release\onerewardsmvc.tests.dll" id="74ac799f-e2d2-c781-beb2-a4a8877d42d6">
      <Execution id="b153bbe4-8c65-44ad-9c92-40f81c0a90a7" />
      <TestMethod codeBase="C:/Users/bhurtunt/Documents/Visual Studio 2010/Projects/OneRewardsCloudService/OneRewardsMvc.Tests/bin/Release/OneRewardsMvc.Tests.DLL" adapterTypeName="Microsoft.VisualStudio.TestTools.TestTypes.Unit.UnitTestAdapter, Microsoft.VisualStudio.QualityTools.Tips.UnitTest.Adapter, Version=10.0.0.0, Culture=neutral, PublicKeyToken=b03f5f7f11d50a3a" className="OneRewardsMvc.Tests.CompanyControllerTest, OneRewardsMvc.Tests, Version=1.0.0.0, Culture=neutral, PublicKeyToken=null" name="IndexTest" />
      <AspNet>
        <Host pathToWebApp="C:\Users\bhurtunt\Documents\Visual Studio 2010\Projects\OneRewardsCloudService\OneRewardsMvc" webAppRoot="/" />
      </AspNet>
    </UnitTest>
    <UnitTest name="PasswordTest" storage="c:\users\bhurtunt\documents\visual studio 2010\projects\onerewardscloudservice\onerewardsmvc.tests\bin\release\onerewardsmvc.tests.dll" id="00be0e1b-b601-c776-f2f0-30741904f1b1">
      <Execution id="20813c3e-1d0c-4d9c-b289-24341f076886" />
      <TestMethod codeBase="C:/Users/bhurtunt/Documents/Visual Studio 2010/Projects/OneRewardsCloudService/OneRewardsMvc.Tests/bin/Release/OneRewardsMvc.Tests.DLL" adapterTypeName="Microsoft.VisualStudio.TestTools.TestTypes.Unit.UnitTestAdapter, Microsoft.VisualStudio.QualityTools.Tips.UnitTest.Adapter, Version=10.0.0.0, Culture=neutral, PublicKeyToken=b03f5f7f11d50a3a" className="OneRewardsMvc.Tests.RegisterModelTest, OneRewardsMvc.Tests, Version=1.0.0.0, Culture=neutral, PublicKeyToken=null" name="PasswordTest" />
      <AspNet>
        <Host pathToWebApp="C:\Users\bhurtunt\Documents\Visual Studio 2010\Projects\OneRewardsCloudService\OneRewardsMvc" webAppRoot="/" />
      </AspNet>
    </UnitTest>
    <UnitTest name="PasswordTest" storage="c:\users\bhurtunt\documents\visual studio 2010\projects\onerewardscloudservice\onerewardsmvc.tests\bin\release\onerewardsmvc.tests.dll" id="5d366f05-d5ed-f6a1-c3f5-0946714cc580">
      <Execution id="518e3ca6-25ed-4468-b620-62d2c28d8cdc" />
      <TestMethod codeBase="C:/Users/bhurtunt/Documents/Visual Studio 2010/Projects/OneRewardsCloudService/OneRewardsMvc.Tests/bin/Release/OneRewardsMvc.Tests.DLL" adapterTypeName="Microsoft.VisualStudio.TestTools.TestTypes.Unit.UnitTestAdapter, Microsoft.VisualStudio.QualityTools.Tips.UnitTest.Adapter, Version=10.0.0.0, Culture=neutral, PublicKeyToken=b03f5f7f11d50a3a" className="OneRewardsMvc.Tests.LoginModelTest, OneRewardsMvc.Tests, Version=1.0.0.0, Culture=neutral, PublicKeyToken=null" name="PasswordTest" />
      <AspNet>
        <Host pathToWebApp="C:\Users\bhurtunt\Documents\Visual Studio 2010\Projects\OneRewardsCloudService\OneRewardsMvc" webAppRoot="/" />
      </AspNet>
    </UnitTest>
    <UnitTest name="RewardAccountConstructorTest" storage="c:\users\bhurtunt\documents\visual studio 2010\projects\onerewardscloudservice\onerewardsmvc.tests\bin\release\onerewardsmvc.tests.dll" id="6e4dde9a-dbbb-b9f4-e481-f97b930e2a0a">
      <Execution id="05f95f17-d3ff-44e1-b814-d36c9d4c80e1" />
      <TestMethod codeBase="C:/Users/bhurtunt/Documents/Visual Studio 2010/Projects/OneRewardsCloudService/OneRewardsMvc.Tests/bin/Release/OneRewardsMvc.Tests.DLL" adapterTypeName="Microsoft.VisualStudio.TestTools.TestTypes.Unit.UnitTestAdapter, Microsoft.VisualStudio.QualityTools.Tips.UnitTest.Adapter, Version=10.0.0.0, Culture=neutral, PublicKeyToken=b03f5f7f11d50a3a" className="OneRewardsMvc.Tests.RewardAccountTest, OneRewardsMvc.Tests, Version=1.0.0.0, Culture=neutral, PublicKeyToken=null" name="RewardAccountConstructorTest" />
      <AspNet>
        <Host pathToWebApp="C:\Users\bhurtunt\Documents\Visual Studio 2010\Projects\OneRewardsCloudService\OneRewardsMvc" webAppRoot="/" />
      </AspNet>
    </UnitTest>
    <UnitTest name="DeleteTest" storage="c:\users\bhurtunt\documents\visual studio 2010\projects\onerewardscloudservice\onerewardsmvc.tests\bin\release\onerewardsmvc.tests.dll" id="b5b4cb24-5563-1383-6cd4-4e0379aff743">
      <Execution id="ca9f5362-3b2c-4a09-90a9-f91610139682" />
      <TestMethod codeBase="C:/Users/bhurtunt/Documents/Visual Studio 2010/Projects/OneRewardsCloudService/OneRewardsMvc.Tests/bin/Release/OneRewardsMvc.Tests.DLL" adapterTypeName="Microsoft.VisualStudio.TestTools.TestTypes.Unit.UnitTestAdapter, Microsoft.VisualStudio.QualityTools.Tips.UnitTest.Adapter, Version=10.0.0.0, Culture=neutral, PublicKeyToken=b03f5f7f11d50a3a" className="OneRewardsMvc.Tests.CompanyControllerTest, OneRewardsMvc.Tests, Version=1.0.0.0, Culture=neutral, PublicKeyToken=null" name="DeleteTest" />
      <AspNet>
        <Host pathToWebApp="C:\Users\bhurtunt\Documents\Visual Studio 2010\Projects\OneRewardsCloudService\OneRewardsMvc" webAppRoot="/" />
      </AspNet>
    </UnitTest>
    <UnitTest name="IndexTest" storage="c:\users\bhurtunt\documents\visual studio 2010\projects\onerewardscloudservice\onerewardsmvc.tests\bin\release\onerewardsmvc.tests.dll" id="52b67e0d-05da-bc84-8704-39676712c651">
      <Execution id="fafa092b-adfd-492e-b000-e2d119ae5a42" />
      <TestMethod codeBase="C:/Users/bhurtunt/Documents/Visual Studio 2010/Projects/OneRewardsCloudService/OneRewardsMvc.Tests/bin/Release/OneRewardsMvc.Tests.DLL" adapterTypeName="Microsoft.VisualStudio.TestTools.TestTypes.Unit.UnitTestAdapter, Microsoft.VisualStudio.QualityTools.Tips.UnitTest.Adapter, Version=10.0.0.0, Culture=neutral, PublicKeyToken=b03f5f7f11d50a3a" className="OneRewardsMvc.Tests.ManageUserControllerTest, OneRewardsMvc.Tests, Version=1.0.0.0, Culture=neutral, PublicKeyToken=null" name="IndexTest" />
      <AspNet>
        <Host pathToWebApp="C:\Users\bhurtunt\Documents\Visual Studio 2010\Projects\OneRewardsCloudService\OneRewardsMvc" webAppRoot="/" />
      </AspNet>
    </UnitTest>
    <UnitTest name="DeleteConfirmedTest" storage="c:\users\bhurtunt\documents\visual studio 2010\projects\onerewardscloudservice\onerewardsmvc.tests\bin\release\onerewardsmvc.tests.dll" id="51172c26-1e69-f479-42c2-1d171b70610e">
      <Execution id="dd5a6bb4-8a74-4a87-a222-3654886958a4" />
      <TestMethod codeBase="C:/Users/bhurtunt/Documents/Visual Studio 2010/Projects/OneRewardsCloudService/OneRewardsMvc.Tests/bin/Release/OneRewardsMvc.Tests.DLL" adapterTypeName="Microsoft.VisualStudio.TestTools.TestTypes.Unit.UnitTestAdapter, Microsoft.VisualStudio.QualityTools.Tips.UnitTest.Adapter, Version=10.0.0.0, Culture=neutral, PublicKeyToken=b03f5f7f11d50a3a" className="OneRewardsMvc.Tests.ManageUserControllerTest, OneRewardsMvc.Tests, Version=1.0.0.0, Culture=neutral, PublicKeyToken=null" name="DeleteConfirmedTest" />
      <AspNet>
        <Host pathToWebApp="C:\Users\bhurtunt\Documents\Visual Studio 2010\Projects\OneRewardsCloudService\OneRewardsMvc" webAppRoot="/" />
      </AspNet>
    </UnitTest>
    <UnitTest name="LoginTest" storage="c:\users\bhurtunt\documents\visual studio 2010\projects\onerewardscloudservice\onerewardsmvc.tests\bin\release\onerewardsmvc.tests.dll" id="7bccd21c-8788-8f6b-24d4-252f03c32562">
      <Execution id="07a84c98-a8bc-4734-a969-c356478ca426" />
      <TestMethod codeBase="C:/Users/bhurtunt/Documents/Visual Studio 2010/Projects/OneRewardsCloudService/OneRewardsMvc.Tests/bin/Release/OneRewardsMvc.Tests.DLL" adapterTypeName="Microsoft.VisualStudio.TestTools.TestTypes.Unit.UnitTestAdapter, Microsoft.VisualStudio.QualityTools.Tips.UnitTest.Adapter, Version=10.0.0.0, Culture=neutral, PublicKeyToken=b03f5f7f11d50a3a" className="OneRewardsMvc.Tests.AccountControllerTest, OneRewardsMvc.Tests, Version=1.0.0.0, Culture=neutral, PublicKeyToken=null" name="LoginTest" />
      <AspNet>
        <Host pathToWebApp="C:\Users\bhurtunt\Documents\Visual Studio 2010\Projects\OneRewardsCloudService\OneRewardsMvc" webAppRoot="/" />
      </AspNet>
    </UnitTest>
    <UnitTest name="UserNameTest" storage="c:\users\bhurtunt\documents\visual studio 2010\projects\onerewardscloudservice\onerewardsmvc.tests\bin\release\onerewardsmvc.tests.dll" id="99af52ae-1cd6-7bc0-0a21-7a78e3f5546d">
      <Execution id="d683f238-c8ca-45a9-9292-5ff879986438" />
      <TestMethod codeBase="C:/Users/bhurtunt/Documents/Visual Studio 2010/Projects/OneRewardsCloudService/OneRewardsMvc.Tests/bin/Release/OneRewardsMvc.Tests.DLL" adapterTypeName="Microsoft.VisualStudio.TestTools.TestTypes.Unit.UnitTestAdapter, Microsoft.VisualStudio.QualityTools.Tips.UnitTest.Adapter, Version=10.0.0.0, Culture=neutral, PublicKeyToken=b03f5f7f11d50a3a" className="OneRewardsMvc.Tests.RegisterModelTest, OneRewardsMvc.Tests, Version=1.0.0.0, Culture=neutral, PublicKeyToken=null" name="UserNameTest" />
      <AspNet>
        <Host pathToWebApp="C:\Users\bhurtunt\Documents\Visual Studio 2010\Projects\OneRewardsCloudService\OneRewardsMvc" webAppRoot="/" />
      </AspNet>
    </UnitTest>
    <UnitTest name="superUserTest" storage="c:\users\bhurtunt\documents\visual studio 2010\projects\onerewardscloudservice\onerewardsmvc.tests\bin\release\onerewardsmvc.tests.dll" id="77a4f4e8-b860-8022-afa0-04f704a7d75b">
      <Execution id="01982d97-2ecf-400f-9437-a66e0ddca9cf" />
      <TestMethod codeBase="C:/Users/bhurtunt/Documents/Visual Studio 2010/Projects/OneRewardsCloudService/OneRewardsMvc.Tests/bin/Release/OneRewardsMvc.Tests.DLL" adapterTypeName="Microsoft.VisualStudio.TestTools.TestTypes.Unit.UnitTestAdapter, Microsoft.VisualStudio.QualityTools.Tips.UnitTest.Adapter, Version=10.0.0.0, Culture=neutral, PublicKeyToken=b03f5f7f11d50a3a" className="OneRewardsMvc.Tests.UtilitiesTest, OneRewardsMvc.Tests, Version=1.0.0.0, Culture=neutral, PublicKeyToken=null" name="superUserTest" />
      <AspNet>
        <Host pathToWebApp="C:\Users\bhurtunt\Documents\Visual Studio 2010\Projects\OneRewardsCloudService\OneRewardsMvc" webAppRoot="/" />
      </AspNet>
    </UnitTest>
    <UnitTest name="RewardAccountControllerConstructorTest" storage="c:\users\bhurtunt\documents\visual studio 2010\projects\onerewardscloudservice\onerewardsmvc.tests\bin\release\onerewardsmvc.tests.dll" id="47c84612-e9a7-0037-f786-2df27ea2d7d5">
      <Execution id="32eca4ce-b012-484a-81e4-c087815688b1" />
      <TestMethod codeBase="C:/Users/bhurtunt/Documents/Visual Studio 2010/Projects/OneRewardsCloudService/OneRewardsMvc.Tests/bin/Release/OneRewardsMvc.Tests.DLL" adapterTypeName="Microsoft.VisualStudio.TestTools.TestTypes.Unit.UnitTestAdapter, Microsoft.VisualStudio.QualityTools.Tips.UnitTest.Adapter, Version=10.0.0.0, Culture=neutral, PublicKeyToken=b03f5f7f11d50a3a" className="OneRewardsMvc.Tests.RewardAccountControllerTest, OneRewardsMvc.Tests, Version=1.0.0.0, Culture=neutral, PublicKeyToken=null" name="RewardAccountControllerConstructorTest" />
      <AspNet>
        <Host pathToWebApp="C:\Users\bhurtunt\Documents\Visual Studio 2010\Projects\OneRewardsCloudService\OneRewardsMvc" webAppRoot="/" />
      </AspNet>
    </UnitTest>
    <UnitTest name="LoginTest1" storage="c:\users\bhurtunt\documents\visual studio 2010\projects\onerewardscloudservice\onerewardsmvc.tests\bin\release\onerewardsmvc.tests.dll" id="63d0853f-8615-5260-30bf-6de8d2e4f284">
      <Execution id="9fe0835b-9ee9-4ea9-abca-5b701d2326c1" />
      <TestMethod codeBase="C:/Users/bhurtunt/Documents/Visual Studio 2010/Projects/OneRewardsCloudService/OneRewardsMvc.Tests/bin/Release/OneRewardsMvc.Tests.DLL" adapterTypeName="Microsoft.VisualStudio.TestTools.TestTypes.Unit.UnitTestAdapter, Microsoft.VisualStudio.QualityTools.Tips.UnitTest.Adapter, Version=10.0.0.0, Culture=neutral, PublicKeyToken=b03f5f7f11d50a3a" className="OneRewardsMvc.Tests.AccountControllerTest, OneRewardsMvc.Tests, Version=1.0.0.0, Culture=neutral, PublicKeyToken=null" name="LoginTest1" />
      <AspNet>
        <Host pathToWebApp="C:\Users\bhurtunt\Documents\Visual Studio 2010\Projects\OneRewardsCloudService\OneRewardsMvc" webAppRoot="/" />
      </AspNet>
    </UnitTest>
    <UnitTest name="checkUserTest" storage="c:\users\bhurtunt\documents\visual studio 2010\projects\onerewardscloudservice\onerewardsmvc.tests\bin\release\onerewardsmvc.tests.dll" id="aa374df2-50fc-43d7-2eb6-9baf87f49e00">
      <Execution id="2e5220be-c824-4f20-b77a-040b081541a2" />
      <TestMethod codeBase="C:/Users/bhurtunt/Documents/Visual Studio 2010/Projects/OneRewardsCloudService/OneRewardsMvc.Tests/bin/Release/OneRewardsMvc.Tests.DLL" adapterTypeName="Microsoft.VisualStudio.TestTools.TestTypes.Unit.UnitTestAdapter, Microsoft.VisualStudio.QualityTools.Tips.UnitTest.Adapter, Version=10.0.0.0, Culture=neutral, PublicKeyToken=b03f5f7f11d50a3a" className="OneRewardsMvc.Tests.UtilitiesTest, OneRewardsMvc.Tests, Version=1.0.0.0, Culture=neutral, PublicKeyToken=null" name="checkUserTest" />
      <AspNet>
        <Host pathToWebApp="C:\Users\bhurtunt\Documents\Visual Studio 2010\Projects\OneRewardsCloudService\OneRewardsMvc" webAppRoot="/" />
      </AspNet>
    </UnitTest>
    <UnitTest name="NewPasswordTest" storage="c:\users\bhurtunt\documents\visual studio 2010\projects\onerewardscloudservice\onerewardsmvc.tests\bin\release\onerewardsmvc.tests.dll" id="43d82bd3-0aa5-484b-e322-8b19b19a32b8">
      <Execution id="e45f084d-7f62-454b-8586-905347e1d279" />
      <TestMethod codeBase="C:/Users/bhurtunt/Documents/Visual Studio 2010/Projects/OneRewardsCloudService/OneRewardsMvc.Tests/bin/Release/OneRewardsMvc.Tests.DLL" adapterTypeName="Microsoft.VisualStudio.TestTools.TestTypes.Unit.UnitTestAdapter, Microsoft.VisualStudio.QualityTools.Tips.UnitTest.Adapter, Version=10.0.0.0, Culture=neutral, PublicKeyToken=b03f5f7f11d50a3a" className="OneRewardsMvc.Tests.ChangePasswordModelTest, OneRewardsMvc.Tests, Version=1.0.0.0, Culture=neutral, PublicKeyToken=null" name="NewPasswordTest" />
      <AspNet>
        <Host pathToWebApp="C:\Users\bhurtunt\Documents\Visual Studio 2010\Projects\OneRewardsCloudService\OneRewardsMvc" webAppRoot="/" />
      </AspNet>
    </UnitTest>
    <UnitTest name="CompanyNameTest" storage="c:\users\bhurtunt\documents\visual studio 2010\projects\onerewardscloudservice\onerewardsmvc.tests\bin\release\onerewardsmvc.tests.dll" id="7036f143-371c-6f5c-0405-5641f0559823">
      <Execution id="7aaad4d6-82a4-4a0c-bba8-e708d16e4aae" />
      <TestMethod codeBase="C:/Users/bhurtunt/Documents/Visual Studio 2010/Projects/OneRewardsCloudService/OneRewardsMvc.Tests/bin/Release/OneRewardsMvc.Tests.DLL" adapterTypeName="Microsoft.VisualStudio.TestTools.TestTypes.Unit.UnitTestAdapter, Microsoft.VisualStudio.QualityTools.Tips.UnitTest.Adapter, Version=10.0.0.0, Culture=neutral, PublicKeyToken=b03f5f7f11d50a3a" className="OneRewardsMvc.Tests.CompanyTest, OneRewardsMvc.Tests, Version=1.0.0.0, Culture=neutral, PublicKeyToken=null" name="CompanyNameTest" />
      <AspNet>
        <Host pathToWebApp="C:\Users\bhurtunt\Documents\Visual Studio 2010\Projects\OneRewardsCloudService\OneRewardsMvc" webAppRoot="/" />
      </AspNet>
    </UnitTest>
    <UnitTest name="CreateTest" storage="c:\users\bhurtunt\documents\visual studio 2010\projects\onerewardscloudservice\onerewardsmvc.tests\bin\release\onerewardsmvc.tests.dll" id="99b06b23-7e4b-7076-10c5-d7d3f2e8d5c2">
      <Execution id="3a35b89c-a105-408c-8b70-7492b643ba28" />
      <TestMethod codeBase="C:/Users/bhurtunt/Documents/Visual Studio 2010/Projects/OneRewardsCloudService/OneRewardsMvc.Tests/bin/Release/OneRewardsMvc.Tests.DLL" adapterTypeName="Microsoft.VisualStudio.TestTools.TestTypes.Unit.UnitTestAdapter, Microsoft.VisualStudio.QualityTools.Tips.UnitTest.Adapter, Version=10.0.0.0, Culture=neutral, PublicKeyToken=b03f5f7f11d50a3a" className="OneRewardsMvc.Tests.CompanyControllerTest, OneRewardsMvc.Tests, Version=1.0.0.0, Culture=neutral, PublicKeyToken=null" name="CreateTest" />
      <AspNet>
        <Host pathToWebApp="C:\Users\bhurtunt\Documents\Visual Studio 2010\Projects\OneRewardsCloudService\OneRewardsMvc" webAppRoot="/" />
      </AspNet>
    </UnitTest>
  </TestDefinitions>
  <TestLists>
    <TestList name="Results Not in a List" id="8c84fa94-04c1-424b-9868-57a2d4851a1d" />
    <TestList name="All Loaded Results" id="19431567-8539-422a-85d7-44ee4e166bda" />
  </TestLists>
  <TestEntries>
    <TestEntry testId="376d4788-8860-6174-3388-983e231b8249" executionId="a48d4907-c6dd-4dd5-8421-5655b02091af" testListId="8c84fa94-04c1-424b-9868-57a2d4851a1d" />
    <TestEntry testId="bfa3d854-20e9-afaf-6a5b-84d340d16475" executionId="ff1a53ff-fb4e-44a1-87e3-4d630a2d0481" testListId="8c84fa94-04c1-424b-9868-57a2d4851a1d" />
    <TestEntry testId="99b06b23-7e4b-7076-10c5-d7d3f2e8d5c2" executionId="3a35b89c-a105-408c-8b70-7492b643ba28" testListId="8c84fa94-04c1-424b-9868-57a2d4851a1d" />
    <TestEntry testId="51172c26-1e69-f479-42c2-1d171b70610e" executionId="dd5a6bb4-8a74-4a87-a222-3654886958a4" testListId="8c84fa94-04c1-424b-9868-57a2d4851a1d" />
    <TestEntry testId="74ac799f-e2d2-c781-beb2-a4a8877d42d6" executionId="b153bbe4-8c65-44ad-9c92-40f81c0a90a7" testListId="8c84fa94-04c1-424b-9868-57a2d4851a1d" />
    <TestEntry testId="0a370041-7040-2e13-5863-bac5253f5ac5" executionId="fa5bc2c5-2c9e-4c11-8fc2-385b6e92c309" testListId="8c84fa94-04c1-424b-9868-57a2d4851a1d" />
    <TestEntry testId="47c84612-e9a7-0037-f786-2df27ea2d7d5" executionId="32eca4ce-b012-484a-81e4-c087815688b1" testListId="8c84fa94-04c1-424b-9868-57a2d4851a1d" />
    <TestEntry testId="713d46ab-6981-fbf5-ac44-81204a8a219e" executionId="36a1965a-64ab-4309-b5c6-f4adfc5261b8" testListId="8c84fa94-04c1-424b-9868-57a2d4851a1d" />
    <TestEntry testId="8141c866-f817-7fc4-cbec-b68e4ba3e60d" executionId="fdcee4ff-94fa-4839-8536-ba40d130756f" testListId="8c84fa94-04c1-424b-9868-57a2d4851a1d" />
    <TestEntry testId="43d82bd3-0aa5-484b-e322-8b19b19a32b8" executionId="e45f084d-7f62-454b-8586-905347e1d279" testListId="8c84fa94-04c1-424b-9868-57a2d4851a1d" />
    <TestEntry testId="99af52ae-1cd6-7bc0-0a21-7a78e3f5546d" executionId="d683f238-c8ca-45a9-9292-5ff879986438" testListId="8c84fa94-04c1-424b-9868-57a2d4851a1d" />
    <TestEntry testId="e2bd6ea1-3cb4-9b33-80ef-6c76fb9d61e4" executionId="9d59e49e-b5fe-4d77-b856-3c3fdc08bfb6" testListId="8c84fa94-04c1-424b-9868-57a2d4851a1d" />
    <TestEntry testId="69bf6a1f-1ea6-38b5-18dc-1a6d0ce22411" executionId="e65e2182-5e15-457a-bb72-5e4b24ec5b52" testListId="8c84fa94-04c1-424b-9868-57a2d4851a1d" />
    <TestEntry testId="51975c1c-4e33-f71d-0de2-af5df9be6738" executionId="3eb96b0b-a0c2-4a5a-b3b6-3b044939bba5" testListId="8c84fa94-04c1-424b-9868-57a2d4851a1d" />
    <TestEntry testId="f7d76670-4ea5-14d9-3740-a9f0c64dcb60" executionId="a1b094f5-b66d-458f-ae05-a0c86ff49c59" testListId="8c84fa94-04c1-424b-9868-57a2d4851a1d" />
    <TestEntry testId="5d19af3b-a1f7-93d9-f491-f55c1806498c" executionId="388ab7dc-f62c-42d5-ace3-9d0e616af921" testListId="8c84fa94-04c1-424b-9868-57a2d4851a1d" />
    <TestEntry testId="6e4dde9a-dbbb-b9f4-e481-f97b930e2a0a" executionId="05f95f17-d3ff-44e1-b814-d36c9d4c80e1" testListId="8c84fa94-04c1-424b-9868-57a2d4851a1d" />
    <TestEntry testId="63d0853f-8615-5260-30bf-6de8d2e4f284" executionId="9fe0835b-9ee9-4ea9-abca-5b701d2326c1" testListId="8c84fa94-04c1-424b-9868-57a2d4851a1d" />
    <TestEntry testId="7036f143-371c-6f5c-0405-5641f0559823" executionId="7aaad4d6-82a4-4a0c-bba8-e708d16e4aae" testListId="8c84fa94-04c1-424b-9868-57a2d4851a1d" />
    <TestEntry testId="0500de23-aeeb-f6c6-c692-6fab2def3d9a" executionId="76ffb545-761b-4d07-a2b9-640854ad4f5f" testListId="8c84fa94-04c1-424b-9868-57a2d4851a1d" />
    <TestEntry testId="2c4292c6-e7b9-e2bc-bc8b-0a8e348093c5" executionId="703b9a11-22c1-4fb6-acb0-81d8341d532d" testListId="8c84fa94-04c1-424b-9868-57a2d4851a1d" />
    <TestEntry testId="dfed860a-a785-21dc-6a75-52bf42003c70" executionId="9ebacaed-cb84-49de-aa0f-a7dc4caeeca2" testListId="8c84fa94-04c1-424b-9868-57a2d4851a1d" />
    <TestEntry testId="21be142e-5370-ae21-e2dc-be63484b5918" executionId="cbf32c1a-bce5-4346-bc01-20849ad49561" testListId="8c84fa94-04c1-424b-9868-57a2d4851a1d" />
    <TestEntry testId="6d0c9798-42d3-4120-fbc0-fe8daffcbb33" executionId="7da2d7a9-9387-4e71-904a-f3f4f6d55821" testListId="8c84fa94-04c1-424b-9868-57a2d4851a1d" />
    <TestEntry testId="be281358-853b-1fea-8ed3-2f2e8b12cbc5" executionId="79371091-1eac-4b86-afac-9d5255dedb80" testListId="8c84fa94-04c1-424b-9868-57a2d4851a1d" />
    <TestEntry testId="bd3310f4-b4bd-3ae6-6615-9138f25eecfe" executionId="976e4c05-f87e-4e57-8ee3-0ddf91e989f1" testListId="8c84fa94-04c1-424b-9868-57a2d4851a1d" />
    <TestEntry testId="9ece2e17-897e-6388-d7d8-b0118f0c769a" executionId="3d6edd9a-7603-40cf-98dd-289e1a4eea37" testListId="8c84fa94-04c1-424b-9868-57a2d4851a1d" />
    <TestEntry testId="d7a44c14-47b8-0ca6-fe55-fc4a88d8a203" executionId="6448e738-3672-4539-bde3-038b40000396" testListId="8c84fa94-04c1-424b-9868-57a2d4851a1d" />
    <TestEntry testId="f75630da-5c1f-a916-4e6a-f746a6a75e69" executionId="825792f2-e273-4351-8d99-76e194db4c4a" testListId="8c84fa94-04c1-424b-9868-57a2d4851a1d" />
    <TestEntry testId="b6efabb5-ab30-c84c-1c96-a4c8b0070e25" executionId="d576b445-29c0-4c8f-b155-a077d977000c" testListId="8c84fa94-04c1-424b-9868-57a2d4851a1d" />
    <TestEntry testId="ae35e2ee-ae2d-f18d-8b83-76e8db8078e6" executionId="ac9e165e-b767-48cc-99da-7aefee4c1035" testListId="8c84fa94-04c1-424b-9868-57a2d4851a1d" />
    <TestEntry testId="7bccd21c-8788-8f6b-24d4-252f03c32562" executionId="07a84c98-a8bc-4734-a969-c356478ca426" testListId="8c84fa94-04c1-424b-9868-57a2d4851a1d" />
    <TestEntry testId="5c4a3b81-d2e9-390e-4d47-debd5f30f955" executionId="8e33547b-109b-4adf-b0ba-690648997809" testListId="8c84fa94-04c1-424b-9868-57a2d4851a1d" />
    <TestEntry testId="46346720-47cc-a1a5-62c4-07a919cfeca1" executionId="0f26e8c0-5e72-4e97-9e46-35d54f25ed3d" testListId="8c84fa94-04c1-424b-9868-57a2d4851a1d" />
    <TestEntry testId="569db36b-aaf6-0347-4a22-0da6b66abb9d" executionId="4fe3b7fb-a4e8-47fc-ba77-72d30bea25d2" testListId="8c84fa94-04c1-424b-9868-57a2d4851a1d" />
    <TestEntry testId="19b2f990-75a9-1a45-e5ae-b316dcaf04c2" executionId="65c623fe-05dd-417c-b525-2a5bbe0de8b4" testListId="8c84fa94-04c1-424b-9868-57a2d4851a1d" />
    <TestEntry testId="78b00d71-1a05-ac7a-2671-0133262f0f63" executionId="c8920a99-6724-4b64-a336-39a1749bc161" testListId="8c84fa94-04c1-424b-9868-57a2d4851a1d" />
    <TestEntry testId="77a4f4e8-b860-8022-afa0-04f704a7d75b" executionId="01982d97-2ecf-400f-9437-a66e0ddca9cf" testListId="8c84fa94-04c1-424b-9868-57a2d4851a1d" />
    <TestEntry testId="52b67e0d-05da-bc84-8704-39676712c651" executionId="fafa092b-adfd-492e-b000-e2d119ae5a42" testListId="8c84fa94-04c1-424b-9868-57a2d4851a1d" />
    <TestEntry testId="5d366f05-d5ed-f6a1-c3f5-0946714cc580" executionId="518e3ca6-25ed-4468-b620-62d2c28d8cdc" testListId="8c84fa94-04c1-424b-9868-57a2d4851a1d" />
    <TestEntry testId="cb123c34-53d6-8589-a530-6019f5c69297" executionId="a9ea692c-aa29-4205-bff2-bb5e105decd6" testListId="8c84fa94-04c1-424b-9868-57a2d4851a1d" />
    <TestEntry testId="c3470532-85b6-cfc4-e394-8ff591a2d3f9" executionId="a222c4ca-942e-47ba-97b2-805eb97fb910" testListId="8c84fa94-04c1-424b-9868-57a2d4851a1d" />
    <TestEntry testId="aa374df2-50fc-43d7-2eb6-9baf87f49e00" executionId="2e5220be-c824-4f20-b77a-040b081541a2" testListId="8c84fa94-04c1-424b-9868-57a2d4851a1d" />
    <TestEntry testId="ed20047a-3110-0877-3507-be97b1a3c1c4" executionId="02f185fa-e9f1-414f-9095-3d57a33e4fcf" testListId="8c84fa94-04c1-424b-9868-57a2d4851a1d" />
    <TestEntry testId="00be0e1b-b601-c776-f2f0-30741904f1b1" executionId="20813c3e-1d0c-4d9c-b289-24341f076886" testListId="8c84fa94-04c1-424b-9868-57a2d4851a1d" />
    <TestEntry testId="45ccdcf3-4686-de7a-54f8-2bf19bffaf16" executionId="dee3f5fc-e640-4c68-9965-5f5460677849" testListId="8c84fa94-04c1-424b-9868-57a2d4851a1d" />
    <TestEntry testId="2da4bebc-3c59-5ad6-f979-253de0819eef" executionId="550f7f6a-c320-49ef-abd5-6d2be0edd843" testListId="8c84fa94-04c1-424b-9868-57a2d4851a1d" />
    <TestEntry testId="b5b4cb24-5563-1383-6cd4-4e0379aff743" executionId="ca9f5362-3b2c-4a09-90a9-f91610139682" testListId="8c84fa94-04c1-424b-9868-57a2d4851a1d" />
    <TestEntry testId="429d7597-ec02-7233-723e-1f5db3d511c3" executionId="ee385359-c0b6-4c2d-bee2-a3633e4e6e68" testListId="8c84fa94-04c1-424b-9868-57a2d4851a1d" />
    <TestEntry testId="e83d5e76-81cb-7aa5-6350-533ceff0a688" executionId="a219c9b9-513b-47ae-928a-d939e272e340" testListId="8c84fa94-04c1-424b-9868-57a2d4851a1d" />
    <TestEntry testId="7256a3be-dfa5-ba8a-8c9c-abdc43dfa189" executionId="a9c1a20d-2295-4bd7-a127-e99daaf171f1" testListId="8c84fa94-04c1-424b-9868-57a2d4851a1d" />
    <TestEntry testId="70a63c12-bf69-ec6d-2e0b-2b37b30e7f99" executionId="98d321e8-d047-454f-942c-027bc37bb64b" testListId="8c84fa94-04c1-424b-9868-57a2d4851a1d" />
    <TestEntry testId="048c21fc-22db-258a-b14e-0727745eb56f" executionId="b572ebdc-de81-453b-a6b1-78a15172d553" testListId="8c84fa94-04c1-424b-9868-57a2d4851a1d" />
    <TestEntry testId="36d54adc-c7ce-cd47-2c67-fe2cf293eb5f" executionId="4e31d622-63ab-4728-9f74-94b8bed2ce41" testListId="8c84fa94-04c1-424b-9868-57a2d4851a1d" />
    <TestEntry testId="17bdc49d-92ff-5313-d946-c26cad936b82" executionId="ac4badb2-c0fb-4447-9246-16f5864d27f0" testListId="8c84fa94-04c1-424b-9868-57a2d4851a1d" />
  </TestEntries>
  <Results>
    <UnitTestResult executionId="a48d4907-c6dd-4dd5-8421-5655b02091af" testId="376d4788-8860-6174-3388-983e231b8249" testName="CreateTest1" computerName="QIQSTANB222" startTime="2012-09-25T15:23:51.6139471+01:00" endTime="2012-09-25T15:23:51.6229480+01:00" testType="13cdc9d9-ddb5-4fa4-a97d-d965ccfc6d4b" outcome="Failed" testListId="8c84fa94-04c1-424b-9868-57a2d4851a1d" relativeResultsDirectory="a48d4907-c6dd-4dd5-8421-5655b02091af">
      <Output>
        <ErrorInfo>
          <Message>The URL to test is not specified. Tests configured to run in ASP.NET must specify a valid URL.</Message>
        </ErrorInfo>
      </Output>
    </UnitTestResult>
    <UnitTestResult executionId="ff1a53ff-fb4e-44a1-87e3-4d630a2d0481" testId="bfa3d854-20e9-afaf-6a5b-84d340d16475" testName="ConfirmPasswordTest" computerName="QIQSTANB222" startTime="2012-09-25T15:23:51.6959553+01:00" endTime="2012-09-25T15:23:51.7019559+01:00" testType="13cdc9d9-ddb5-4fa4-a97d-d965ccfc6d4b" outcome="Failed" testListId="8c84fa94-04c1-424b-9868-57a2d4851a1d" relativeResultsDirectory="ff1a53ff-fb4e-44a1-87e3-4d630a2d0481">
      <Output>
        <ErrorInfo>
          <Message>The URL to test is not specified. Tests configured to run in ASP.NET must specify a valid URL.</Message>
        </ErrorInfo>
      </Output>
    </UnitTestResult>
    <UnitTestResult executionId="3a35b89c-a105-408c-8b70-7492b643ba28" testId="99b06b23-7e4b-7076-10c5-d7d3f2e8d5c2" testName="CreateTest" computerName="QIQSTANB222" startTime="2012-09-25T15:23:51.7559613+01:00" endTime="2012-09-25T15:23:51.7639621+01:00" testType="13cdc9d9-ddb5-4fa4-a97d-d965ccfc6d4b" outcome="Failed" testListId="8c84fa94-04c1-424b-9868-57a2d4851a1d" relativeResultsDirectory="3a35b89c-a105-408c-8b70-7492b643ba28">
      <Output>
        <ErrorInfo>
          <Message>The URL to test is not specified. Tests configured to run in ASP.NET must specify a valid URL.</Message>
        </ErrorInfo>
      </Output>
    </UnitTestResult>
    <UnitTestResult executionId="dd5a6bb4-8a74-4a87-a222-3654886958a4" testId="51172c26-1e69-f479-42c2-1d171b70610e" testName="DeleteConfirmedTest" computerName="QIQSTANB222" startTime="2012-09-25T15:23:51.8399697+01:00" endTime="2012-09-25T15:23:51.8479705+01:00" testType="13cdc9d9-ddb5-4fa4-a97d-d965ccfc6d4b" outcome="Failed" testListId="8c84fa94-04c1-424b-9868-57a2d4851a1d" relativeResultsDirectory="dd5a6bb4-8a74-4a87-a222-3654886958a4">
      <Output>
        <ErrorInfo>
          <Message>The URL to test is not specified. Tests configured to run in ASP.NET must specify a valid URL.</Message>
        </ErrorInfo>
      </Output>
    </UnitTestResult>
    <UnitTestResult executionId="b153bbe4-8c65-44ad-9c92-40f81c0a90a7" testId="74ac799f-e2d2-c781-beb2-a4a8877d42d6" testName="IndexTest" computerName="QIQSTANB222" startTime="2012-09-25T15:23:51.9239781+01:00" endTime="2012-09-25T15:23:51.9319789+01:00" testType="13cdc9d9-ddb5-4fa4-a97d-d965ccfc6d4b" outcome="Failed" testListId="8c84fa94-04c1-424b-9868-57a2d4851a1d" relativeResultsDirectory="b153bbe4-8c65-44ad-9c92-40f81c0a90a7">
      <Output>
        <ErrorInfo>
          <Message>The URL to test is not specified. Tests configured to run in ASP.NET must specify a valid URL.</Message>
        </ErrorInfo>
      </Output>
    </UnitTestResult>
    <UnitTestResult executionId="fa5bc2c5-2c9e-4c11-8fc2-385b6e92c309" testId="0a370041-7040-2e13-5863-bac5253f5ac5" testName="RewardAccountsTest" computerName="QIQSTANB222" startTime="2012-09-25T15:23:52.0049862+01:00" endTime="2012-09-25T15:23:52.0119869+01:00" testType="13cdc9d9-ddb5-4fa4-a97d-d965ccfc6d4b" outcome="Failed" testListId="8c84fa94-04c1-424b-9868-57a2d4851a1d" relativeResultsDirectory="fa5bc2c5-2c9e-4c11-8fc2-385b6e92c309">
      <Output>
        <ErrorInfo>
          <Message>The URL to test is not specified. Tests configured to run in ASP.NET must specify a valid URL.</Message>
        </ErrorInfo>
      </Output>
    </UnitTestResult>
    <UnitTestResult executionId="32eca4ce-b012-484a-81e4-c087815688b1" testId="47c84612-e9a7-0037-f786-2df27ea2d7d5" testName="RewardAccountControllerConstructorTest" computerName="QIQSTANB222" startTime="2012-09-25T15:23:52.0829940+01:00" endTime="2012-09-25T15:23:52.0899947+01:00" testType="13cdc9d9-ddb5-4fa4-a97d-d965ccfc6d4b" outcome="Failed" testListId="8c84fa94-04c1-424b-9868-57a2d4851a1d" relativeResultsDirectory="32eca4ce-b012-484a-81e4-c087815688b1">
      <Output>
        <ErrorInfo>
          <Message>The URL to test is not specified. Tests configured to run in ASP.NET must specify a valid URL.</Message>
        </ErrorInfo>
      </Output>
    </UnitTestResult>
    <UnitTestResult executionId="36a1965a-64ab-4309-b5c6-f4adfc5261b8" testId="713d46ab-6981-fbf5-ac44-81204a8a219e" testName="CreateTest" computerName="QIQSTANB222" startTime="2012-09-25T15:23:52.1540011+01:00" endTime="2012-09-25T15:23:52.1610018+01:00" testType="13cdc9d9-ddb5-4fa4-a97d-d965ccfc6d4b" outcome="Failed" testListId="8c84fa94-04c1-424b-9868-57a2d4851a1d" relativeResultsDirectory="36a1965a-64ab-4309-b5c6-f4adfc5261b8">
      <Output>
        <ErrorInfo>
          <Message>The URL to test is not specified. Tests configured to run in ASP.NET must specify a valid URL.</Message>
        </ErrorInfo>
      </Output>
    </UnitTestResult>
    <UnitTestResult executionId="fdcee4ff-94fa-4839-8536-ba40d130756f" testId="8141c866-f817-7fc4-cbec-b68e4ba3e60d" testName="RewardAccountIDTest" computerName="QIQSTANB222" startTime="2012-09-25T15:23:52.2450102+01:00" endTime="2012-09-25T15:23:52.2550112+01:00" testType="13cdc9d9-ddb5-4fa4-a97d-d965ccfc6d4b" outcome="Failed" testListId="8c84fa94-04c1-424b-9868-57a2d4851a1d" relativeResultsDirectory="fdcee4ff-94fa-4839-8536-ba40d130756f">
      <Output>
        <ErrorInfo>
          <Message>The URL to test is not specified. Tests configured to run in ASP.NET must specify a valid URL.</Message>
        </ErrorInfo>
      </Output>
    </UnitTestResult>
    <UnitTestResult executionId="e45f084d-7f62-454b-8586-905347e1d279" testId="43d82bd3-0aa5-484b-e322-8b19b19a32b8" testName="NewPasswordTest" computerName="QIQSTANB222" startTime="2012-09-25T15:23:52.3290186+01:00" endTime="2012-09-25T15:23:52.3360193+01:00" testType="13cdc9d9-ddb5-4fa4-a97d-d965ccfc6d4b" outcome="Failed" testListId="8c84fa94-04c1-424b-9868-57a2d4851a1d" relativeResultsDirectory="e45f084d-7f62-454b-8586-905347e1d279">
      <Output>
        <ErrorInfo>
          <Message>The URL to test is not specified. Tests configured to run in ASP.NET must specify a valid URL.</Message>
        </ErrorInfo>
      </Output>
    </UnitTestResult>
    <UnitTestResult executionId="d683f238-c8ca-45a9-9292-5ff879986438" testId="99af52ae-1cd6-7bc0-0a21-7a78e3f5546d" testName="UserNameTest" computerName="QIQSTANB222" startTime="2012-09-25T15:23:52.4060263+01:00" endTime="2012-09-25T15:23:52.4170274+01:00" testType="13cdc9d9-ddb5-4fa4-a97d-d965ccfc6d4b" outcome="Failed" testListId="8c84fa94-04c1-424b-9868-57a2d4851a1d" relativeResultsDirectory="d683f238-c8ca-45a9-9292-5ff879986438">
      <Output>
        <ErrorInfo>
          <Message>The URL to test is not specified. Tests configured to run in ASP.NET must specify a valid URL.</Message>
        </ErrorInfo>
      </Output>
    </UnitTestResult>
    <UnitTestResult executionId="9d59e49e-b5fe-4d77-b856-3c3fdc08bfb6" testId="e2bd6ea1-3cb4-9b33-80ef-6c76fb9d61e4" testName="DeleteTest" computerName="QIQSTANB222" startTime="2012-09-25T15:23:52.4860343+01:00" endTime="2012-09-25T15:23:52.4940351+01:00" testType="13cdc9d9-ddb5-4fa4-a97d-d965ccfc6d4b" outcome="Failed" testListId="8c84fa94-04c1-424b-9868-57a2d4851a1d" relativeResultsDirectory="9d59e49e-b5fe-4d77-b856-3c3fdc08bfb6">
      <Output>
        <ErrorInfo>
          <Message>The URL to test is not specified. Tests configured to run in ASP.NET must specify a valid URL.</Message>
        </ErrorInfo>
      </Output>
    </UnitTestResult>
    <UnitTestResult executionId="e65e2182-5e15-457a-bb72-5e4b24ec5b52" testId="69bf6a1f-1ea6-38b5-18dc-1a6d0ce22411" testName="CompanyLogoTest" computerName="QIQSTANB222" startTime="2012-09-25T15:23:52.5700427+01:00" endTime="2012-09-25T15:23:52.5960453+01:00" testType="13cdc9d9-ddb5-4fa4-a97d-d965ccfc6d4b" outcome="Failed" testListId="8c84fa94-04c1-424b-9868-57a2d4851a1d" relativeResultsDirectory="e65e2182-5e15-457a-bb72-5e4b24ec5b52">
      <Output>
        <ErrorInfo>
          <Message>The URL to test is not specified. Tests configured to run in ASP.NET must specify a valid URL.</Message>
        </ErrorInfo>
      </Output>
    </UnitTestResult>
    <UnitTestResult executionId="3eb96b0b-a0c2-4a5a-b3b6-3b044939bba5" testId="51975c1c-4e33-f71d-0de2-af5df9be6738" testName="CompanyIDTest" computerName="QIQSTANB222" startTime="2012-09-25T15:23:52.6650522+01:00" endTime="2012-09-25T15:23:52.6840541+01:00" testType="13cdc9d9-ddb5-4fa4-a97d-d965ccfc6d4b" outcome="Failed" testListId="8c84fa94-04c1-424b-9868-57a2d4851a1d" relativeResultsDirectory="3eb96b0b-a0c2-4a5a-b3b6-3b044939bba5">
      <Output>
        <ErrorInfo>
          <Message>The URL to test is not specified. Tests configured to run in ASP.NET must specify a valid URL.</Message>
        </ErrorInfo>
      </Output>
    </UnitTestResult>
    <UnitTestResult executionId="a1b094f5-b66d-458f-ae05-a0c86ff49c59" testId="f7d76670-4ea5-14d9-3740-a9f0c64dcb60" testName="CompanyRewardsLinkTest" computerName="QIQSTANB222" startTime="2012-09-25T15:23:52.7620619+01:00" endTime="2012-09-25T15:23:52.7880645+01:00" testType="13cdc9d9-ddb5-4fa4-a97d-d965ccfc6d4b" outcome="Failed" testListId="8c84fa94-04c1-424b-9868-57a2d4851a1d" relativeResultsDirectory="a1b094f5-b66d-458f-ae05-a0c86ff49c59">
      <Output>
        <ErrorInfo>
          <Message>The URL to test is not specified. Tests configured to run in ASP.NET must specify a valid URL.</Message>
        </ErrorInfo>
      </Output>
    </UnitTestResult>
    <UnitTestResult executionId="388ab7dc-f62c-42d5-ace3-9d0e616af921" testId="5d19af3b-a1f7-93d9-f491-f55c1806498c" testName="CompanysTest" computerName="QIQSTANB222" startTime="2012-09-25T15:23:52.8740731+01:00" endTime="2012-09-25T15:23:52.8940751+01:00" testType="13cdc9d9-ddb5-4fa4-a97d-d965ccfc6d4b" outcome="Failed" testListId="8c84fa94-04c1-424b-9868-57a2d4851a1d" relativeResultsDirectory="388ab7dc-f62c-42d5-ace3-9d0e616af921">
      <Output>
        <ErrorInfo>
          <Message>The URL to test is not specified. Tests configured to run in ASP.NET must specify a valid URL.</Message>
        </ErrorInfo>
      </Output>
    </UnitTestResult>
    <UnitTestResult executionId="05f95f17-d3ff-44e1-b814-d36c9d4c80e1" testId="6e4dde9a-dbbb-b9f4-e481-f97b930e2a0a" testName="RewardAccountConstructorTest" computerName="QIQSTANB222" startTime="2012-09-25T15:23:52.9800837+01:00" endTime="2012-09-25T15:23:52.9920849+01:00" testType="13cdc9d9-ddb5-4fa4-a97d-d965ccfc6d4b" outcome="Failed" testListId="8c84fa94-04c1-424b-9868-57a2d4851a1d" relativeResultsDirectory="05f95f17-d3ff-44e1-b814-d36c9d4c80e1">
      <Output>
        <ErrorInfo>
          <Message>The URL to test is not specified. Tests configured to run in ASP.NET must specify a valid URL.</Message>
        </ErrorInfo>
      </Output>
    </UnitTestResult>
    <UnitTestResult executionId="9fe0835b-9ee9-4ea9-abca-5b701d2326c1" testId="63d0853f-8615-5260-30bf-6de8d2e4f284" testName="LoginTest1" computerName="QIQSTANB222" startTime="2012-09-25T15:23:53.0710928+01:00" endTime="2012-09-25T15:23:53.0780935+01:00" testType="13cdc9d9-ddb5-4fa4-a97d-d965ccfc6d4b" outcome="Failed" testListId="8c84fa94-04c1-424b-9868-57a2d4851a1d" relativeResultsDirectory="9fe0835b-9ee9-4ea9-abca-5b701d2326c1">
      <Output>
        <ErrorInfo>
          <Message>The URL to test is not specified. Tests configured to run in ASP.NET must specify a valid URL.</Message>
        </ErrorInfo>
      </Output>
    </UnitTestResult>
    <UnitTestResult executionId="7aaad4d6-82a4-4a0c-bba8-e708d16e4aae" testId="7036f143-371c-6f5c-0405-5641f0559823" testName="CompanyNameTest" computerName="QIQSTANB222" startTime="2012-09-25T15:23:53.1541011+01:00" endTime="2012-09-25T15:23:53.1631020+01:00" testType="13cdc9d9-ddb5-4fa4-a97d-d965ccfc6d4b" outcome="Failed" testListId="8c84fa94-04c1-424b-9868-57a2d4851a1d" relativeResultsDirectory="7aaad4d6-82a4-4a0c-bba8-e708d16e4aae">
      <Output>
        <ErrorInfo>
          <Message>The URL to test is not specified. Tests configured to run in ASP.NET must specify a valid URL.</Message>
        </ErrorInfo>
      </Output>
    </UnitTestResult>
    <UnitTestResult executionId="76ffb545-761b-4d07-a2b9-640854ad4f5f" testId="0500de23-aeeb-f6c6-c692-6fab2def3d9a" testName="ConfirmPasswordTest" computerName="QIQSTANB222" startTime="2012-09-25T15:23:53.2391096+01:00" endTime="2012-09-25T15:23:53.2461103+01:00" testType="13cdc9d9-ddb5-4fa4-a97d-d965ccfc6d4b" outcome="Failed" testListId="8c84fa94-04c1-424b-9868-57a2d4851a1d" relativeResultsDirectory="76ffb545-761b-4d07-a2b9-640854ad4f5f">
      <Output>
        <ErrorInfo>
          <Message>The URL to test is not specified. Tests configured to run in ASP.NET must specify a valid URL.</Message>
        </ErrorInfo>
      </Output>
    </UnitTestResult>
    <UnitTestResult executionId="703b9a11-22c1-4fb6-acb0-81d8341d532d" testId="2c4292c6-e7b9-e2bc-bc8b-0a8e348093c5" testName="ChangePasswordSuccessTest" computerName="QIQSTANB222" startTime="2012-09-25T15:23:53.3031160+01:00" endTime="2012-09-25T15:23:53.3161173+01:00" testType="13cdc9d9-ddb5-4fa4-a97d-d965ccfc6d4b" outcome="Failed" testListId="8c84fa94-04c1-424b-9868-57a2d4851a1d" relativeResultsDirectory="703b9a11-22c1-4fb6-acb0-81d8341d532d">
      <Output>
        <ErrorInfo>
          <Message>The URL to test is not specified. Tests configured to run in ASP.NET must specify a valid URL.</Message>
        </ErrorInfo>
      </Output>
    </UnitTestResult>
    <UnitTestResult executionId="9ebacaed-cb84-49de-aa0f-a7dc4caeeca2" testId="dfed860a-a785-21dc-6a75-52bf42003c70" testName="RegisterTest1" computerName="QIQSTANB222" startTime="2012-09-25T15:23:53.3921249+01:00" endTime="2012-09-25T15:23:53.3981255+01:00" testType="13cdc9d9-ddb5-4fa4-a97d-d965ccfc6d4b" outcome="Failed" testListId="8c84fa94-04c1-424b-9868-57a2d4851a1d" relativeResultsDirectory="9ebacaed-cb84-49de-aa0f-a7dc4caeeca2">
      <Output>
        <ErrorInfo>
          <Message>The URL to test is not specified. Tests configured to run in ASP.NET must specify a valid URL.</Message>
        </ErrorInfo>
      </Output>
    </UnitTestResult>
    <UnitTestResult executionId="cbf32c1a-bce5-4346-bc01-20849ad49561" testId="21be142e-5370-ae21-e2dc-be63484b5918" testName="randomNumberTest" computerName="QIQSTANB222" startTime="2012-09-25T15:23:53.4621319+01:00" endTime="2012-09-25T15:23:53.4691326+01:00" testType="13cdc9d9-ddb5-4fa4-a97d-d965ccfc6d4b" outcome="Failed" testListId="8c84fa94-04c1-424b-9868-57a2d4851a1d" relativeResultsDirectory="cbf32c1a-bce5-4346-bc01-20849ad49561">
      <Output>
        <ErrorInfo>
          <Message>The URL to test is not specified. Tests configured to run in ASP.NET must specify a valid URL.</Message>
        </ErrorInfo>
      </Output>
    </UnitTestResult>
    <UnitTestResult executionId="7da2d7a9-9387-4e71-904a-f3f4f6d55821" testId="6d0c9798-42d3-4120-fbc0-fe8daffcbb33" testName="RememberMeTest" computerName="QIQSTANB222" startTime="2012-09-25T15:23:53.5271384+01:00" endTime="2012-09-25T15:23:53.5351392+01:00" testType="13cdc9d9-ddb5-4fa4-a97d-d965ccfc6d4b" outcome="Failed" testListId="8c84fa94-04c1-424b-9868-57a2d4851a1d" relativeResultsDirectory="7da2d7a9-9387-4e71-904a-f3f4f6d55821">
      <Output>
        <ErrorInfo>
          <Message>The URL to test is not specified. Tests configured to run in ASP.NET must specify a valid URL.</Message>
        </ErrorInfo>
      </Output>
    </UnitTestResult>
    <UnitTestResult executionId="79371091-1eac-4b86-afac-9d5255dedb80" testId="be281358-853b-1fea-8ed3-2f2e8b12cbc5" testName="DeleteTest" computerName="QIQSTANB222" startTime="2012-09-25T15:23:53.5961453+01:00" endTime="2012-09-25T15:23:53.6031460+01:00" testType="13cdc9d9-ddb5-4fa4-a97d-d965ccfc6d4b" outcome="Failed" testListId="8c84fa94-04c1-424b-9868-57a2d4851a1d" relativeResultsDirectory="79371091-1eac-4b86-afac-9d5255dedb80">
      <Output>
        <ErrorInfo>
          <Message>The URL to test is not specified. Tests configured to run in ASP.NET must specify a valid URL.</Message>
        </ErrorInfo>
      </Output>
    </UnitTestResult>
    <UnitTestResult executionId="976e4c05-f87e-4e57-8ee3-0ddf91e989f1" testId="bd3310f4-b4bd-3ae6-6615-9138f25eecfe" testName="CompanyTest" computerName="QIQSTANB222" startTime="2012-09-25T15:23:53.6761533+01:00" endTime="2012-09-25T15:23:53.6831540+01:00" testType="13cdc9d9-ddb5-4fa4-a97d-d965ccfc6d4b" outcome="Failed" testListId="8c84fa94-04c1-424b-9868-57a2d4851a1d" relativeResultsDirectory="976e4c05-f87e-4e57-8ee3-0ddf91e989f1">
      <Output>
        <ErrorInfo>
          <Message>The URL to test is not specified. Tests configured to run in ASP.NET must specify a valid URL.</Message>
        </ErrorInfo>
      </Output>
    </UnitTestResult>
    <UnitTestResult executionId="3d6edd9a-7603-40cf-98dd-289e1a4eea37" testId="9ece2e17-897e-6388-d7d8-b0118f0c769a" testName="TotalPointsTest" computerName="QIQSTANB222" startTime="2012-09-25T15:23:53.7501607+01:00" endTime="2012-09-25T15:23:53.7581615+01:00" testType="13cdc9d9-ddb5-4fa4-a97d-d965ccfc6d4b" outcome="Failed" testListId="8c84fa94-04c1-424b-9868-57a2d4851a1d" relativeResultsDirectory="3d6edd9a-7603-40cf-98dd-289e1a4eea37">
      <Output>
        <ErrorInfo>
          <Message>The URL to test is not specified. Tests configured to run in ASP.NET must specify a valid URL.</Message>
        </ErrorInfo>
      </Output>
    </UnitTestResult>
    <UnitTestResult executionId="6448e738-3672-4539-bde3-038b40000396" testId="d7a44c14-47b8-0ca6-fe55-fc4a88d8a203" testName="CreateTest1" computerName="QIQSTANB222" startTime="2012-09-25T15:23:53.8361693+01:00" endTime="2012-09-25T15:23:53.8431700+01:00" testType="13cdc9d9-ddb5-4fa4-a97d-d965ccfc6d4b" outcome="Failed" testListId="8c84fa94-04c1-424b-9868-57a2d4851a1d" relativeResultsDirectory="6448e738-3672-4539-bde3-038b40000396">
      <Output>
        <ErrorInfo>
          <Message>The URL to test is not specified. Tests configured to run in ASP.NET must specify a valid URL.</Message>
        </ErrorInfo>
      </Output>
    </UnitTestResult>
    <UnitTestResult executionId="825792f2-e273-4351-8d99-76e194db4c4a" testId="f75630da-5c1f-a916-4e6a-f746a6a75e69" testName="PointsTest" computerName="QIQSTANB222" startTime="2012-09-25T15:23:53.9071764+01:00" endTime="2012-09-25T15:23:53.9141771+01:00" testType="13cdc9d9-ddb5-4fa4-a97d-d965ccfc6d4b" outcome="Failed" testListId="8c84fa94-04c1-424b-9868-57a2d4851a1d" relativeResultsDirectory="825792f2-e273-4351-8d99-76e194db4c4a">
      <Output>
        <ErrorInfo>
          <Message>The URL to test is not specified. Tests configured to run in ASP.NET must specify a valid URL.</Message>
        </ErrorInfo>
      </Output>
    </UnitTestResult>
    <UnitTestResult executionId="d576b445-29c0-4c8f-b155-a077d977000c" testId="b6efabb5-ab30-c84c-1c96-a4c8b0070e25" testName="IndexTest" computerName="QIQSTANB222" startTime="2012-09-25T15:23:53.9851842+01:00" endTime="2012-09-25T15:23:53.9951852+01:00" testType="13cdc9d9-ddb5-4fa4-a97d-d965ccfc6d4b" outcome="Failed" testListId="8c84fa94-04c1-424b-9868-57a2d4851a1d" relativeResultsDirectory="d576b445-29c0-4c8f-b155-a077d977000c">
      <Output>
        <ErrorInfo>
          <Message>The URL to test is not specified. Tests configured to run in ASP.NET must specify a valid URL.</Message>
        </ErrorInfo>
      </Output>
    </UnitTestResult>
    <UnitTestResult executionId="ac9e165e-b767-48cc-99da-7aefee4c1035" testId="ae35e2ee-ae2d-f18d-8b83-76e8db8078e6" testName="RegisterModelConstructorTest" computerName="QIQSTANB222" startTime="2012-09-25T15:23:54.0721929+01:00" endTime="2012-09-25T15:23:54.0791936+01:00" testType="13cdc9d9-ddb5-4fa4-a97d-d965ccfc6d4b" outcome="Failed" testListId="8c84fa94-04c1-424b-9868-57a2d4851a1d" relativeResultsDirectory="ac9e165e-b767-48cc-99da-7aefee4c1035">
      <Output>
        <ErrorInfo>
          <Message>The URL to test is not specified. Tests configured to run in ASP.NET must specify a valid URL.</Message>
        </ErrorInfo>
      </Output>
    </UnitTestResult>
    <UnitTestResult executionId="07a84c98-a8bc-4734-a969-c356478ca426" testId="7bccd21c-8788-8f6b-24d4-252f03c32562" testName="LoginTest" computerName="QIQSTANB222" startTime="2012-09-25T15:23:54.1462003+01:00" endTime="2012-09-25T15:23:54.1532010+01:00" testType="13cdc9d9-ddb5-4fa4-a97d-d965ccfc6d4b" outcome="Failed" testListId="8c84fa94-04c1-424b-9868-57a2d4851a1d" relativeResultsDirectory="07a84c98-a8bc-4734-a969-c356478ca426">
      <Output>
        <ErrorInfo>
          <Message>The URL to test is not specified. Tests configured to run in ASP.NET must specify a valid URL.</Message>
        </ErrorInfo>
      </Output>
    </UnitTestResult>
    <UnitTestResult executionId="8e33547b-109b-4adf-b0ba-690648997809" testId="5c4a3b81-d2e9-390e-4d47-debd5f30f955" testName="UserNameTest" computerName="QIQSTANB222" startTime="2012-09-25T15:23:54.2162073+01:00" endTime="2012-09-25T15:23:54.2212078+01:00" testType="13cdc9d9-ddb5-4fa4-a97d-d965ccfc6d4b" outcome="Failed" testListId="8c84fa94-04c1-424b-9868-57a2d4851a1d" relativeResultsDirectory="8e33547b-109b-4adf-b0ba-690648997809">
      <Output>
        <ErrorInfo>
          <Message>The URL to test is not specified. Tests configured to run in ASP.NET must specify a valid URL.</Message>
        </ErrorInfo>
      </Output>
    </UnitTestResult>
    <UnitTestResult executionId="0f26e8c0-5e72-4e97-9e46-35d54f25ed3d" testId="46346720-47cc-a1a5-62c4-07a919cfeca1" testName="OneRewardsInitializerConstructorTest" computerName="QIQSTANB222" startTime="2012-09-25T15:23:54.2962153+01:00" endTime="2012-09-25T15:23:54.3022159+01:00" testType="13cdc9d9-ddb5-4fa4-a97d-d965ccfc6d4b" outcome="Failed" testListId="8c84fa94-04c1-424b-9868-57a2d4851a1d" relativeResultsDirectory="0f26e8c0-5e72-4e97-9e46-35d54f25ed3d">
      <Output>
        <ErrorInfo>
          <Message>The URL to test is not specified. Tests configured to run in ASP.NET must specify a valid URL.</Message>
        </ErrorInfo>
      </Output>
    </UnitTestResult>
    <UnitTestResult executionId="4fe3b7fb-a4e8-47fc-ba77-72d30bea25d2" testId="569db36b-aaf6-0347-4a22-0da6b66abb9d" testName="UserNameTest" computerName="QIQSTANB222" startTime="2012-09-25T15:23:54.3612218+01:00" endTime="2012-09-25T15:23:54.3672224+01:00" testType="13cdc9d9-ddb5-4fa4-a97d-d965ccfc6d4b" outcome="Failed" testListId="8c84fa94-04c1-424b-9868-57a2d4851a1d" relativeResultsDirectory="4fe3b7fb-a4e8-47fc-ba77-72d30bea25d2">
      <Output>
        <ErrorInfo>
          <Message>The URL to test is not specified. Tests configured to run in ASP.NET must specify a valid URL.</Message>
        </ErrorInfo>
      </Output>
    </UnitTestResult>
    <UnitTestResult executionId="65c623fe-05dd-417c-b525-2a5bbe0de8b4" testId="19b2f990-75a9-1a45-e5ae-b316dcaf04c2" testName="EditTest" computerName="QIQSTANB222" startTime="2012-09-25T15:23:54.4242281+01:00" endTime="2012-09-25T15:23:54.4302287+01:00" testType="13cdc9d9-ddb5-4fa4-a97d-d965ccfc6d4b" outcome="Failed" testListId="8c84fa94-04c1-424b-9868-57a2d4851a1d" relativeResultsDirectory="65c623fe-05dd-417c-b525-2a5bbe0de8b4">
      <Output>
        <ErrorInfo>
          <Message>The URL to test is not specified. Tests configured to run in ASP.NET must specify a valid URL.</Message>
        </ErrorInfo>
      </Output>
    </UnitTestResult>
    <UnitTestResult executionId="c8920a99-6724-4b64-a336-39a1749bc161" testId="78b00d71-1a05-ac7a-2671-0133262f0f63" testName="EmailTest" computerName="QIQSTANB222" startTime="2012-09-25T15:23:54.5032360+01:00" endTime="2012-09-25T15:23:54.5102367+01:00" testType="13cdc9d9-ddb5-4fa4-a97d-d965ccfc6d4b" outcome="Failed" testListId="8c84fa94-04c1-424b-9868-57a2d4851a1d" relativeResultsDirectory="c8920a99-6724-4b64-a336-39a1749bc161">
      <Output>
        <ErrorInfo>
          <Message>The URL to test is not specified. Tests configured to run in ASP.NET must specify a valid URL.</Message>
        </ErrorInfo>
      </Output>
    </UnitTestResult>
    <UnitTestResult executionId="01982d97-2ecf-400f-9437-a66e0ddca9cf" testId="77a4f4e8-b860-8022-afa0-04f704a7d75b" testName="superUserTest" computerName="QIQSTANB222" startTime="2012-09-25T15:23:54.5852442+01:00" endTime="2012-09-25T15:23:54.5922449+01:00" testType="13cdc9d9-ddb5-4fa4-a97d-d965ccfc6d4b" outcome="Failed" testListId="8c84fa94-04c1-424b-9868-57a2d4851a1d" relativeResultsDirectory="01982d97-2ecf-400f-9437-a66e0ddca9cf">
      <Output>
        <ErrorInfo>
          <Message>The URL to test is not specified. Tests configured to run in ASP.NET must specify a valid URL.</Message>
        </ErrorInfo>
      </Output>
    </UnitTestResult>
    <UnitTestResult executionId="fafa092b-adfd-492e-b000-e2d119ae5a42" testId="52b67e0d-05da-bc84-8704-39676712c651" testName="IndexTest" computerName="QIQSTANB222" startTime="2012-09-25T15:23:54.6532510+01:00" endTime="2012-09-25T15:23:54.6602517+01:00" testType="13cdc9d9-ddb5-4fa4-a97d-d965ccfc6d4b" outcome="Failed" testListId="8c84fa94-04c1-424b-9868-57a2d4851a1d" relativeResultsDirectory="fafa092b-adfd-492e-b000-e2d119ae5a42">
      <Output>
        <ErrorInfo>
          <Message>The URL to test is not specified. Tests configured to run in ASP.NET must specify a valid URL.</Message>
        </ErrorInfo>
      </Output>
    </UnitTestResult>
    <UnitTestResult executionId="518e3ca6-25ed-4468-b620-62d2c28d8cdc" testId="5d366f05-d5ed-f6a1-c3f5-0946714cc580" testName="PasswordTest" computerName="QIQSTANB222" startTime="2012-09-25T15:23:54.7362593+01:00" endTime="2012-09-25T15:23:54.7442601+01:00" testType="13cdc9d9-ddb5-4fa4-a97d-d965ccfc6d4b" outcome="Failed" testListId="8c84fa94-04c1-424b-9868-57a2d4851a1d" relativeResultsDirectory="518e3ca6-25ed-4468-b620-62d2c28d8cdc">
      <Output>
        <ErrorInfo>
          <Message>The URL to test is not specified. Tests configured to run in ASP.NET must specify a valid URL.</Message>
        </ErrorInfo>
      </Output>
    </UnitTestResult>
    <UnitTestResult executionId="a9ea692c-aa29-4205-bff2-bb5e105decd6" testId="cb123c34-53d6-8589-a530-6019f5c69297" testName="ManageUserControllerConstructorTest" computerName="QIQSTANB222" startTime="2012-09-25T15:23:54.8392696+01:00" endTime="2012-09-25T15:23:54.8482705+01:00" testType="13cdc9d9-ddb5-4fa4-a97d-d965ccfc6d4b" outcome="Failed" testListId="8c84fa94-04c1-424b-9868-57a2d4851a1d" relativeResultsDirectory="a9ea692c-aa29-4205-bff2-bb5e105decd6">
      <Output>
        <ErrorInfo>
          <Message>The URL to test is not specified. Tests configured to run in ASP.NET must specify a valid URL.</Message>
        </ErrorInfo>
      </Output>
    </UnitTestResult>
    <UnitTestResult executionId="a222c4ca-942e-47ba-97b2-805eb97fb910" testId="c3470532-85b6-cfc4-e394-8ff591a2d3f9" testName="ConvertImageFiletoBytesTest" computerName="QIQSTANB222" startTime="2012-09-25T15:23:54.9332790+01:00" endTime="2012-09-25T15:23:54.9482805+01:00" testType="13cdc9d9-ddb5-4fa4-a97d-d965ccfc6d4b" outcome="Failed" testListId="8c84fa94-04c1-424b-9868-57a2d4851a1d" relativeResultsDirectory="a222c4ca-942e-47ba-97b2-805eb97fb910">
      <Output>
        <ErrorInfo>
          <Message>The URL to test is not specified. Tests configured to run in ASP.NET must specify a valid URL.</Message>
        </ErrorInfo>
      </Output>
    </UnitTestResult>
    <UnitTestResult executionId="2e5220be-c824-4f20-b77a-040b081541a2" testId="aa374df2-50fc-43d7-2eb6-9baf87f49e00" testName="checkUserTest" computerName="QIQSTANB222" startTime="2012-09-25T15:23:55.0172874+01:00" endTime="2012-09-25T15:23:55.0272884+01:00" testType="13cdc9d9-ddb5-4fa4-a97d-d965ccfc6d4b" outcome="Failed" testListId="8c84fa94-04c1-424b-9868-57a2d4851a1d" relativeResultsDirectory="2e5220be-c824-4f20-b77a-040b081541a2">
      <Output>
        <ErrorInfo>
          <Message>The URL to test is not specified. Tests configured to run in ASP.NET must specify a valid URL.</Message>
        </ErrorInfo>
      </Output>
    </UnitTestResult>
    <UnitTestResult executionId="02f185fa-e9f1-414f-9095-3d57a33e4fcf" testId="ed20047a-3110-0877-3507-be97b1a3c1c4" testName="OldPasswordTest" computerName="QIQSTANB222" startTime="2012-09-25T15:23:55.0962953+01:00" endTime="2012-09-25T15:23:55.1042961+01:00" testType="13cdc9d9-ddb5-4fa4-a97d-d965ccfc6d4b" outcome="Failed" testListId="8c84fa94-04c1-424b-9868-57a2d4851a1d" relativeResultsDirectory="02f185fa-e9f1-414f-9095-3d57a33e4fcf">
      <Output>
        <ErrorInfo>
          <Message>The URL to test is not specified. Tests configured to run in ASP.NET must specify a valid URL.</Message>
        </ErrorInfo>
      </Output>
    </UnitTestResult>
    <UnitTestResult executionId="20813c3e-1d0c-4d9c-b289-24341f076886" testId="00be0e1b-b601-c776-f2f0-30741904f1b1" testName="PasswordTest" computerName="QIQSTANB222" startTime="2012-09-25T15:23:55.1743031+01:00" endTime="2012-09-25T15:23:55.1823039+01:00" testType="13cdc9d9-ddb5-4fa4-a97d-d965ccfc6d4b" outcome="Failed" testListId="8c84fa94-04c1-424b-9868-57a2d4851a1d" relativeResultsDirectory="20813c3e-1d0c-4d9c-b289-24341f076886">
      <Output>
        <ErrorInfo>
          <Message>The URL to test is not specified. Tests configured to run in ASP.NET must specify a valid URL.</Message>
        </ErrorInfo>
      </Output>
    </UnitTestResult>
    <UnitTestResult executionId="dee3f5fc-e640-4c68-9965-5f5460677849" testId="45ccdcf3-4686-de7a-54f8-2bf19bffaf16" testName="ChangePasswordModelConstructorTest" computerName="QIQSTANB222" startTime="2012-09-25T15:23:55.2423099+01:00" endTime="2012-09-25T15:23:55.2503107+01:00" testType="13cdc9d9-ddb5-4fa4-a97d-d965ccfc6d4b" outcome="Failed" testListId="8c84fa94-04c1-424b-9868-57a2d4851a1d" relativeResultsDirectory="dee3f5fc-e640-4c68-9965-5f5460677849">
      <Output>
        <ErrorInfo>
          <Message>The URL to test is not specified. Tests configured to run in ASP.NET must specify a valid URL.</Message>
        </ErrorInfo>
      </Output>
    </UnitTestResult>
    <UnitTestResult executionId="550f7f6a-c320-49ef-abd5-6d2be0edd843" testId="2da4bebc-3c59-5ad6-f979-253de0819eef" testName="CompanyIDTest" computerName="QIQSTANB222" startTime="2012-09-25T15:23:55.3093166+01:00" endTime="2012-09-25T15:23:55.3163173+01:00" testType="13cdc9d9-ddb5-4fa4-a97d-d965ccfc6d4b" outcome="Failed" testListId="8c84fa94-04c1-424b-9868-57a2d4851a1d" relativeResultsDirectory="550f7f6a-c320-49ef-abd5-6d2be0edd843">
      <Output>
        <ErrorInfo>
          <Message>The URL to test is not specified. Tests configured to run in ASP.NET must specify a valid URL.</Message>
        </ErrorInfo>
      </Output>
    </UnitTestResult>
    <UnitTestResult executionId="ca9f5362-3b2c-4a09-90a9-f91610139682" testId="b5b4cb24-5563-1383-6cd4-4e0379aff743" testName="DeleteTest" computerName="QIQSTANB222" startTime="2012-09-25T15:23:55.3753232+01:00" endTime="2012-09-25T15:23:55.3813238+01:00" testType="13cdc9d9-ddb5-4fa4-a97d-d965ccfc6d4b" outcome="Failed" testListId="8c84fa94-04c1-424b-9868-57a2d4851a1d" relativeResultsDirectory="ca9f5362-3b2c-4a09-90a9-f91610139682">
      <Output>
        <ErrorInfo>
          <Message>The URL to test is not specified. Tests configured to run in ASP.NET must specify a valid URL.</Message>
        </ErrorInfo>
      </Output>
    </UnitTestResult>
    <UnitTestResult executionId="ee385359-c0b6-4c2d-bee2-a3633e4e6e68" testId="429d7597-ec02-7233-723e-1f5db3d511c3" testName="OneRewardsContextConstructorTest" computerName="QIQSTANB222" startTime="2012-09-25T15:23:55.4563313+01:00" endTime="2012-09-25T15:23:55.4643321+01:00" testType="13cdc9d9-ddb5-4fa4-a97d-d965ccfc6d4b" outcome="Failed" testListId="8c84fa94-04c1-424b-9868-57a2d4851a1d" relativeResultsDirectory="ee385359-c0b6-4c2d-bee2-a3633e4e6e68">
      <Output>
        <ErrorInfo>
          <Message>The URL to test is not specified. Tests configured to run in ASP.NET must specify a valid URL.</Message>
        </ErrorInfo>
      </Output>
    </UnitTestResult>
    <UnitTestResult executionId="a219c9b9-513b-47ae-928a-d939e272e340" testId="e83d5e76-81cb-7aa5-6350-533ceff0a688" testName="ChangePasswordTest1" computerName="QIQSTANB222" startTime="2012-09-25T15:23:55.5323389+01:00" endTime="2012-09-25T15:23:55.5383395+01:00" testType="13cdc9d9-ddb5-4fa4-a97d-d965ccfc6d4b" outcome="Failed" testListId="8c84fa94-04c1-424b-9868-57a2d4851a1d" relativeResultsDirectory="a219c9b9-513b-47ae-928a-d939e272e340">
      <Output>
        <ErrorInfo>
          <Message>The URL to test is not specified. Tests configured to run in ASP.NET must specify a valid URL.</Message>
        </ErrorInfo>
      </Output>
    </UnitTestResult>
    <UnitTestResult executionId="a9c1a20d-2295-4bd7-a127-e99daaf171f1" testId="7256a3be-dfa5-ba8a-8c9c-abdc43dfa189" testName="ChangePasswordTest" computerName="QIQSTANB222" startTime="2012-09-25T15:23:55.6113468+01:00" endTime="2012-09-25T15:23:55.6173474+01:00" testType="13cdc9d9-ddb5-4fa4-a97d-d965ccfc6d4b" outcome="Failed" testListId="8c84fa94-04c1-424b-9868-57a2d4851a1d" relativeResultsDirectory="a9c1a20d-2295-4bd7-a127-e99daaf171f1">
      <Output>
        <ErrorInfo>
          <Message>The URL to test is not specified. Tests configured to run in ASP.NET must specify a valid URL.</Message>
        </ErrorInfo>
      </Output>
    </UnitTestResult>
    <UnitTestResult executionId="98d321e8-d047-454f-942c-027bc37bb64b" testId="70a63c12-bf69-ec6d-2e0b-2b37b30e7f99" testName="RegisterTest" computerName="QIQSTANB222" startTime="2012-09-25T15:23:55.6793536+01:00" endTime="2012-09-25T15:23:55.6873544+01:00" testType="13cdc9d9-ddb5-4fa4-a97d-d965ccfc6d4b" outcome="Failed" testListId="8c84fa94-04c1-424b-9868-57a2d4851a1d" relativeResultsDirectory="98d321e8-d047-454f-942c-027bc37bb64b">
      <Output>
        <ErrorInfo>
          <Message>The URL to test is not specified. Tests configured to run in ASP.NET must specify a valid URL.</Message>
        </ErrorInfo>
      </Output>
    </UnitTestResult>
    <UnitTestResult executionId="b572ebdc-de81-453b-a6b1-78a15172d553" testId="048c21fc-22db-258a-b14e-0727745eb56f" testName="CompanyControllerConstructorTest" computerName="QIQSTANB222" startTime="2012-09-25T15:23:55.7583615+01:00" endTime="2012-09-25T15:23:55.7673624+01:00" testType="13cdc9d9-ddb5-4fa4-a97d-d965ccfc6d4b" outcome="Failed" testListId="8c84fa94-04c1-424b-9868-57a2d4851a1d" relativeResultsDirectory="b572ebdc-de81-453b-a6b1-78a15172d553">
      <Output>
        <ErrorInfo>
          <Message>The URL to test is not specified. Tests configured to run in ASP.NET must specify a valid URL.</Message>
        </ErrorInfo>
      </Output>
    </UnitTestResult>
    <UnitTestResult executionId="4e31d622-63ab-4728-9f74-94b8bed2ce41" testId="36d54adc-c7ce-cd47-2c67-fe2cf293eb5f" testName="EditTest" computerName="QIQSTANB222" startTime="2012-09-25T15:23:55.8513708+01:00" endTime="2012-09-25T15:23:55.8623719+01:00" testType="13cdc9d9-ddb5-4fa4-a97d-d965ccfc6d4b" outcome="Failed" testListId="8c84fa94-04c1-424b-9868-57a2d4851a1d" relativeResultsDirectory="4e31d622-63ab-4728-9f74-94b8bed2ce41">
      <Output>
        <ErrorInfo>
          <Message>The URL to test is not specified. Tests configured to run in ASP.NET must specify a valid URL.</Message>
        </ErrorInfo>
      </Output>
    </UnitTestResult>
    <UnitTestResult executionId="ac4badb2-c0fb-4447-9246-16f5864d27f0" testId="17bdc49d-92ff-5313-d946-c26cad936b82" testName="CreateTest1" computerName="QIQSTANB222" startTime="2012-09-25T15:23:55.9453802+01:00" endTime="2012-09-25T15:23:55.9773834+01:00" testType="13cdc9d9-ddb5-4fa4-a97d-d965ccfc6d4b" outcome="Failed" testListId="8c84fa94-04c1-424b-9868-57a2d4851a1d" relativeResultsDirectory="ac4badb2-c0fb-4447-9246-16f5864d27f0">
      <Output>
        <ErrorInfo>
          <Message>The URL to test is not specified. Tests configured to run in ASP.NET must specify a valid URL.</Message>
        </ErrorInfo>
      </Output>
    </UnitTestResult>
  </Results>
</TestRun>