<?xml version="1.0" encoding="UTF-8"?>
<TestRun id="5fa878c7-c941-4321-adae-a18bf8bc89cf" name="BhurtunT@QIQSTANB222 2012-11-04 17:28:55" runUser="QIQ\BhurtunT" xmlns="http://microsoft.com/schemas/VisualStudio/TeamTest/2010">
  <TestSettings name="Local" id="cc37a548-0a1e-4665-bb19-abe0d6af83c3">
    <Description>These are default test settings for a local test run.</Description>
    <Deployment enabled="false" runDeploymentRoot="BhurtunT_QIQSTANB222 2012-11-04 17_28_55">
      <DeploymentItem filename="C:\Program Files\Microsoft SDKs\Windows Azure\.NET SDK\2012-06\ref\Microsoft.WindowsAzure.Configuration.dll" />
      <DeploymentItem filename="C:\Users\bhurtunt\Documents\Visual Studio 2010\Projects\OneRewardsCloudService\packages\AsyncUnitTests-MSTest.1.0.1\lib\net40-client\Nito.AsyncEx.UnitTests.MSTest.dll" />
      <DeploymentItem filename="C:\Program Files\Microsoft SDKs\Windows Azure\.NET SDK\2012-06\ref\Microsoft.WindowsAzure.Diagnostics.dll" />
      <DeploymentItem filename="C:\Program Files\Microsoft SDKs\Windows Azure\.NET SDK\2012-06\ref\Microsoft.WindowsAzure.StorageClient.dll" />
      <DeploymentItem filename="C:\Users\bhurtunt\Documents\Visual Studio 2010\Projects\OneRewardsCloudService\OneRewardsWcfService\bin\OneRewardsWcfService.dll" />
      <DeploymentItem filename="C:\Users\bhurtunt\Documents\Visual Studio 2010\Projects\OneRewardsCloudService\packages\Microsoft.AspNet.Providers.Core.1.0\lib\net40\System.Web.Providers.dll" />
    </Deployment>
    <Execution>
      <TestTypeSpecific />
      <AgentRule name="Execution Agents">
      </AgentRule>
    </Execution>
  </TestSettings>
  <Times creation="2012-11-04T17:28:55.6390863+00:00" queuing="2012-11-04T17:28:55.7890949+00:00" start="2012-11-04T17:28:55.8170965+00:00" finish="2012-11-04T17:29:17.0333537+00:00" />
  <ResultSummary outcome="Failed">
    <Counters total="1" executed="1" error="0" failed="1" timeout="0" aborted="0" inconclusive="0" passedButRunAborted="0" notRunnable="0" notExecuted="0" disconnected="0" warning="0" passed="0" completed="0" inProgress="0" pending="0" />
  </ResultSummary>
  <TestDefinitions>
    <UnitTest name="CodedUITestMethod1" storage="c:\users\bhurtunt\documents\visual studio 2010\projects\onerewardscloudservice\onerewardstestproject\bin\release\onerewardstestproject.dll" id="1c13d659-810f-6384-0517-5350c94c0df9">
      <Execution id="cad23e43-794f-49e0-90b5-aa47f6db93db" />
      <TestMethod codeBase="C:/Users/bhurtunt/Documents/Visual Studio 2010/Projects/OneRewardsCloudService/OneRewardsTestProject/bin/Release/OneRewardsTestProject.DLL" adapterTypeName="Microsoft.VisualStudio.TestTools.TestTypes.Unit.UnitTestAdapter, Microsoft.VisualStudio.QualityTools.Tips.UnitTest.Adapter, Version=10.0.0.0, Culture=neutral, PublicKeyToken=b03f5f7f11d50a3a" className="OneRewardsTestProject.CodedUITest1, OneRewardsTestProject, Version=1.0.0.0, Culture=neutral, PublicKeyToken=null" name="CodedUITestMethod1" />
      <Extension>Microsoft.VisualStudio.TestTools.UITesting.CodedUITestAttribute, Microsoft.VisualStudio.QualityTools.CodedUITestFramework, Version=10.0.0.0, Culture=neutral, PublicKeyToken=b03f5f7f11d50a3a</Extension>
    </UnitTest>
  </TestDefinitions>
  <TestLists>
    <TestList name="Results Not in a List" id="8c84fa94-04c1-424b-9868-57a2d4851a1d" />
    <TestList name="All Loaded Results" id="19431567-8539-422a-85d7-44ee4e166bda" />
  </TestLists>
  <TestEntries>
    <TestEntry testId="1c13d659-810f-6384-0517-5350c94c0df9" executionId="cad23e43-794f-49e0-90b5-aa47f6db93db" testListId="8c84fa94-04c1-424b-9868-57a2d4851a1d" />
  </TestEntries>
  <Results>
    <UnitTestResult executionId="cad23e43-794f-49e0-90b5-aa47f6db93db" testId="1c13d659-810f-6384-0517-5350c94c0df9" testName="CodedUITestMethod1" computerName="QIQSTANB222" duration="00:00:20.5289491" startTime="2012-11-04T17:28:55.8310973+00:00" endTime="2012-11-04T17:29:17.0021536+00:00" testType="13cdc9d9-ddb5-4fa4-a97d-d965ccfc6d4b" outcome="Failed" testListId="8c84fa94-04c1-424b-9868-57a2d4851a1d" relativeResultsDirectory="cad23e43-794f-49e0-90b5-aa47f6db93db">
      <Output>
        <ErrorInfo>
          <Message>Test method OneRewardsTestProject.CodedUITest1.CodedUITestMethod1 threw exception: 
Microsoft.VisualStudio.TestTools.UITest.Extension.FailedToPerformActionOnBlockedControlException: Another control is blocking the control. Please make the blocked control visible and retry the action. Additional Details: 
TechnologyName:  'MSAA'
Name:  'Address and search using '
ControlType:  'Edit'
 ---&gt; System.Runtime.InteropServices.COMException: Exception from HRESULT: 0xF004F003</Message>
          <StackTrace>    at Microsoft.VisualStudio.TestTools.UITest.Playback.Engine.IScreenElement.SetValueAsEditBox(String bstrNewValue, Int32 nSetValueAsEditBoxFlag)
   at Microsoft.VisualStudio.TestTools.UITest.Playback.ScreenElement.SetValueAsEditBox(String value, Boolean isEncoded, Int32 flag)
   at Microsoft.VisualStudio.TestTools.UITest.Playback.ScreenElement.SetValueAsEditBox(String value, Boolean isEncoded)
   at Microsoft.VisualStudio.TestTools.UITesting.WinPropertyProvider.SetEditProperty(String propertyName, Object value)
   at Microsoft.VisualStudio.TestTools.UITesting.WinPropertyProvider.SetPropertyValue(UITestControl uiControl, String propertyName, Object value)
   at Microsoft.VisualStudio.TestTools.UITesting.UITestPropertyProvider.SetPropertyValueWrapper(UITestControl uiControl, String propertyName, Object value)
   at Microsoft.VisualStudio.TestTools.UITesting.UITestControl.SetPropertyValue(String propertyName, Object propertyValue)
 --- End of inner exception stack trace ---
    at Microsoft.VisualStudio.TestTools.UITesting.Playback.MapAndThrowComException(COMException innerException, IPlaybackContext context)
   at Microsoft.VisualStudio.TestTools.UITesting.Playback.MapAndThrowException(SystemException exception, IPlaybackContext context)
   at Microsoft.VisualStudio.TestTools.UITesting.Playback.MapAndThrowException(SystemException exception, String actionName, UITestControl uiControl)
   at Microsoft.VisualStudio.TestTools.UITesting.Playback.MapAndThrowException(SystemException exception, String actionName, Object parameterValue, UITestControl uiControl)
   at Microsoft.VisualStudio.TestTools.UITesting.UITestControl.SetPropertyValue(String propertyName, Object propertyValue)
   at Microsoft.VisualStudio.TestTools.UITesting.UITestControl.SetProperty(String propertyName, Object value)
   at Microsoft.VisualStudio.TestTools.UITesting.WinControls.WinEdit.set_Text(String value)
   at OneRewardsTestProject.UIMap.Homepage() in C:\Users\bhurtunt\Documents\Visual Studio 2010\Projects\OneRewardsCloudService\OneRewardsTestProject\UIMap.Designer.cs:line 50
   at OneRewardsTestProject.CodedUITest1.CodedUITestMethod1() in C:\Users\bhurtunt\Documents\Visual Studio 2010\Projects\OneRewardsCloudService\OneRewardsTestProject\CodedUITest1.cs:line 30
</StackTrace>
        </ErrorInfo>
      </Output>
      <ResultFiles>
        <ResultFile path="QIQSTANB222\CodedUITestMethod1.png" />
      </ResultFiles>
      <ExtensionResult>Exception has been thrown by the target of an invocation.</ExtensionResult>
    </UnitTestResult>
  </Results>
</TestRun>