<?xml version="1.0" encoding="UTF-8"?>
<TestRun id="788657e6-e9f3-4306-a8c5-87c94c071254" name="bhurtunt@QIQSTANB222 2012-09-24 15:38:33" runUser="QIQ\bhurtunt" xmlns="http://microsoft.com/schemas/VisualStudio/TeamTest/2010">
  <TestSettings name="Local" id="cc37a548-0a1e-4665-bb19-abe0d6af83c3">
    <Description>These are default test settings for a local test run.</Description>
    <Deployment userDeploymentRoot="C:\Users\bhurtunt\Documents\Visual Studio 2010\Projects\OneRewardsCloudService\TestResults" useDefaultDeploymentRoot="false" enabled="false" runDeploymentRoot="bhurtunt_QIQSTANB222 2012-09-24 15_38_33">
      <DeploymentItem filename="C:\Program Files\Microsoft SDKs\Windows Azure\.NET SDK\2012-06\ref\Microsoft.WindowsAzure.Configuration.dll" />
      <DeploymentItem filename="C:\Users\bhurtunt\Documents\Visual Studio 2010\Projects\OneRewardsCloudService\packages\Microsoft.AspNet.Providers.Core.1.0\lib\net40\System.Web.Providers.dll" />
      <DeploymentItem filename="C:\Program Files\Microsoft SDKs\Windows Azure\.NET SDK\2012-06\ref\Microsoft.WindowsAzure.Diagnostics.dll" />
      <DeploymentItem filename="C:\Users\bhurtunt\Documents\Visual Studio 2010\Projects\OneRewardsCloudService\OneRewardsWcfService\bin\OneRewardsWcfService.dll" />
      <DeploymentItem filename="C:\Program Files\Microsoft SDKs\Windows Azure\.NET SDK\2012-06\ref\Microsoft.WindowsAzure.StorageClient.dll" />
    </Deployment>
    <Execution>
      <TestTypeSpecific />
      <AgentRule name="Execution Agents">
      </AgentRule>
    </Execution>
  </TestSettings>
  <Times creation="2012-09-24T15:38:33.2170183+01:00" queuing="2012-09-24T15:38:54.0914183+01:00" start="2012-09-24T15:38:57.6494183+01:00" finish="2012-09-24T15:41:20.2786183+01:00" />
  <ResultSummary outcome="Error">
    <Counters total="3" executed="2" passed="1" error="0" failed="0" timeout="0" aborted="1" inconclusive="0" passedButRunAborted="0" notRunnable="0" notExecuted="1" disconnected="0" warning="0" completed="0" inProgress="0" pending="0" />
    <RunInfos>
      <RunInfo computerName="QIQSTANB222" outcome="Error" timestamp="2012-09-24T15:41:20.2546183+01:00">
        <Text>Test host process exited unexpectedly.</Text>
      </RunInfo>
    </RunInfos>
  </ResultSummary>
  <TestDefinitions>
    <UnitTest name="getAllRewardsAccountTest1" storage="c:\users\bhurtunt\documents\visual studio 2010\projects\onerewardscloudservice\onerewardstestproject\bin\release\onerewardstestproject.dll" id="1d26647c-42ba-c0b9-2ee7-5450efeecfd9">
      <Execution id="a0d19b10-4cc0-4cf9-8f6c-536261e21655" />
      <TestMethod codeBase="C:/Users/bhurtunt/Documents/Visual Studio 2010/Projects/OneRewardsCloudService/OneRewardsTestProject/bin/Release/OneRewardsTestProject.DLL" adapterTypeName="Microsoft.VisualStudio.TestTools.TestTypes.Unit.UnitTestAdapter, Microsoft.VisualStudio.QualityTools.Tips.UnitTest.Adapter, Version=10.0.0.0, Culture=neutral, PublicKeyToken=b03f5f7f11d50a3a" className="OneRewardsTestProject.IOneRewardsServiceTest, OneRewardsTestProject, Version=1.0.0.0, Culture=neutral, PublicKeyToken=null" name="getAllRewardsAccountTest1" />
    </UnitTest>
    <UnitTest name="getAllRewardsAccountTest" storage="c:\users\bhurtunt\documents\visual studio 2010\projects\onerewardscloudservice\onerewardstestproject\bin\release\onerewardstestproject.dll" id="f9952bbc-fdc3-e8c2-a850-eb918257649d">
      <Execution id="69835e34-09d4-4673-a44a-721a91e6c24a" />
      <TestMethod codeBase="C:/Users/bhurtunt/Documents/Visual Studio 2010/Projects/OneRewardsCloudService/OneRewardsTestProject/bin/Release/OneRewardsTestProject.DLL" adapterTypeName="Microsoft.VisualStudio.TestTools.TestTypes.Unit.UnitTestAdapter, Microsoft.VisualStudio.QualityTools.Tips.UnitTest.Adapter, Version=10.0.0.0, Culture=neutral, PublicKeyToken=b03f5f7f11d50a3a" className="OneRewardsTestProject.IOneRewardsServiceTest, OneRewardsTestProject, Version=1.0.0.0, Culture=neutral, PublicKeyToken=null" name="getAllRewardsAccountTest" />
    </UnitTest>
    <UnitTest name="getAPointsTest1" storage="c:\users\bhurtunt\documents\visual studio 2010\projects\onerewardscloudservice\onerewardstestproject\bin\release\onerewardstestproject.dll" id="f54be62e-b6ef-0fd9-a706-6249527c3013">
      <Execution id="767fb430-686e-4edb-958e-4cea3c96896a" />
      <TestMethod codeBase="C:/Users/bhurtunt/Documents/Visual Studio 2010/Projects/OneRewardsCloudService/OneRewardsTestProject/bin/Release/OneRewardsTestProject.DLL" adapterTypeName="Microsoft.VisualStudio.TestTools.TestTypes.Unit.UnitTestAdapter, Microsoft.VisualStudio.QualityTools.Tips.UnitTest.Adapter, Version=10.0.0.0, Culture=neutral, PublicKeyToken=b03f5f7f11d50a3a" className="OneRewardsTestProject.IOneRewardsServiceTest, OneRewardsTestProject, Version=1.0.0.0, Culture=neutral, PublicKeyToken=null" name="getAPointsTest1" />
    </UnitTest>
  </TestDefinitions>
  <TestLists>
    <TestList name="Results Not in a List" id="8c84fa94-04c1-424b-9868-57a2d4851a1d" />
    <TestList name="All Loaded Results" id="19431567-8539-422a-85d7-44ee4e166bda" />
  </TestLists>
  <TestEntries>
    <TestEntry testId="f54be62e-b6ef-0fd9-a706-6249527c3013" executionId="767fb430-686e-4edb-958e-4cea3c96896a" testListId="8c84fa94-04c1-424b-9868-57a2d4851a1d" />
    <TestEntry testId="f9952bbc-fdc3-e8c2-a850-eb918257649d" executionId="69835e34-09d4-4673-a44a-721a91e6c24a" testListId="8c84fa94-04c1-424b-9868-57a2d4851a1d" />
    <TestEntry testId="1d26647c-42ba-c0b9-2ee7-5450efeecfd9" executionId="a0d19b10-4cc0-4cf9-8f6c-536261e21655" testListId="8c84fa94-04c1-424b-9868-57a2d4851a1d" />
  </TestEntries>
  <Results>
    <UnitTestResult executionId="767fb430-686e-4edb-958e-4cea3c96896a" testId="f54be62e-b6ef-0fd9-a706-6249527c3013" testName="getAPointsTest1" computerName="QIQSTANB222" duration="00:00:43.8345898" startTime="2012-09-24T15:39:01.2548183+01:00" endTime="2012-09-24T15:39:58.8274183+01:00" testType="13cdc9d9-ddb5-4fa4-a97d-d965ccfc6d4b" outcome="Passed" testListId="8c84fa94-04c1-424b-9868-57a2d4851a1d" relativeResultsDirectory="767fb430-686e-4edb-958e-4cea3c96896a">
    </UnitTestResult>
    <UnitTestResult executionId="69835e34-09d4-4673-a44a-721a91e6c24a" testId="f9952bbc-fdc3-e8c2-a850-eb918257649d" testName="getAllRewardsAccountTest" computerName="QIQSTANB222" duration="00:01:21.3442000" startTime="2012-09-24T15:39:58.9304183+01:00" endTime="2012-09-24T15:41:20.2746183+01:00" testType="13cdc9d9-ddb5-4fa4-a97d-d965ccfc6d4b" outcome="Aborted" testListId="8c84fa94-04c1-424b-9868-57a2d4851a1d" relativeResultsDirectory="69835e34-09d4-4673-a44a-721a91e6c24a">
    </UnitTestResult>
    <UnitTestResult executionId="a0d19b10-4cc0-4cf9-8f6c-536261e21655" testId="1d26647c-42ba-c0b9-2ee7-5450efeecfd9" testName="getAllRewardsAccountTest1" computerName="QIQSTANB222" testType="13cdc9d9-ddb5-4fa4-a97d-d965ccfc6d4b" outcome="NotExecuted" testListId="8c84fa94-04c1-424b-9868-57a2d4851a1d" relativeResultsDirectory="a0d19b10-4cc0-4cf9-8f6c-536261e21655">
    </UnitTestResult>
  </Results>
</TestRun>