<?xml version="1.0" encoding="UTF-8"?>
<TestRun id="4a90b41b-cc74-478c-8939-4d8c58a5b840" name="bhurtunt@QIQSTANB222 2012-10-02 15:44:56" runUser="QIQ\bhurtunt" xmlns="http://microsoft.com/schemas/VisualStudio/TeamTest/2010">
  <TestSettings name="Local" id="cc37a548-0a1e-4665-bb19-abe0d6af83c3">
    <Description>These are default test settings for a local test run.</Description>
    <Deployment enabled="false" runDeploymentRoot="bhurtunt_QIQSTANB222 2012-10-02 15_44_56">
      <DeploymentItem filename="C:\Program Files\Microsoft SDKs\Windows Azure\.NET SDK\2012-06\ref\Microsoft.WindowsAzure.Configuration.dll" />
      <DeploymentItem filename="C:\Users\bhurtunt\Documents\Visual Studio 2010\Projects\OneRewardsCloudService\packages\Microsoft.AspNet.Providers.Core.1.0\lib\net40\System.Web.Providers.dll" />
      <DeploymentItem filename="C:\Program Files\Microsoft SDKs\Windows Azure\.NET SDK\2012-06\ref\Microsoft.WindowsAzure.Diagnostics.dll" />
      <DeploymentItem filename="C:\Users\bhurtunt\Documents\Visual Studio 2010\Projects\OneRewardsCloudService\OneRewardsWcfService\bin\OneRewardsWcfService.dll" />
      <DeploymentItem filename="C:\Program Files\Microsoft SDKs\Windows Azure\.NET SDK\2012-06\ref\Microsoft.WindowsAzure.StorageClient.dll" />
    </Deployment>
    <Execution>
      <TestTypeSpecific />
      <AgentRule name="Execution Agents">
      </AgentRule>
    </Execution>
  </TestSettings>
  <Times creation="2012-10-02T15:44:56.7243031+01:00" queuing="2012-10-02T15:45:00.7967103+01:00" start="2012-10-02T15:45:00.8627169+01:00" finish="2012-10-02T15:45:05.1431449+01:00" />
  <ResultSummary outcome="Completed">
    <Counters total="1" executed="1" passed="1" error="0" failed="0" timeout="0" aborted="0" inconclusive="0" passedButRunAborted="0" notRunnable="0" notExecuted="0" disconnected="0" warning="0" completed="0" inProgress="0" pending="0" />
  </ResultSummary>
  <TestDefinitions>
    <UnitTest name="getCompanyIDTest" storage="c:\users\bhurtunt\documents\visual studio 2010\projects\onerewardscloudservice\onerewardstestproject\bin\release\onerewardstestproject.dll" id="bb8a6b75-14c9-d8c2-3ecb-8348bdaa6920">
      <Execution id="ea32f40f-6a6d-4ebf-9bc2-d3dac55d156e" />
      <TestMethod codeBase="C:/Users/bhurtunt/Documents/Visual Studio 2010/Projects/OneRewardsCloudService/OneRewardsTestProject/bin/Release/OneRewardsTestProject.DLL" adapterTypeName="Microsoft.VisualStudio.TestTools.TestTypes.Unit.UnitTestAdapter, Microsoft.VisualStudio.QualityTools.Tips.UnitTest.Adapter, Version=10.0.0.0, Culture=neutral, PublicKeyToken=b03f5f7f11d50a3a" className="OneRewardsTestProject.IOneRewardsServiceTest, OneRewardsTestProject, Version=1.0.0.0, Culture=neutral, PublicKeyToken=null" name="getCompanyIDTest" />
    </UnitTest>
  </TestDefinitions>
  <TestLists>
    <TestList name="Results Not in a List" id="8c84fa94-04c1-424b-9868-57a2d4851a1d" />
    <TestList name="All Loaded Results" id="19431567-8539-422a-85d7-44ee4e166bda" />
  </TestLists>
  <TestEntries>
    <TestEntry testId="bb8a6b75-14c9-d8c2-3ecb-8348bdaa6920" executionId="ea32f40f-6a6d-4ebf-9bc2-d3dac55d156e" testListId="8c84fa94-04c1-424b-9868-57a2d4851a1d" />
  </TestEntries>
  <Results>
    <UnitTestResult executionId="ea32f40f-6a6d-4ebf-9bc2-d3dac55d156e" testId="bb8a6b75-14c9-d8c2-3ecb-8348bdaa6920" testName="getCompanyIDTest" computerName="QIQSTANB222" duration="00:00:01.9506168" startTime="2012-10-02T15:45:01.0237330+01:00" endTime="2012-10-02T15:45:03.5829889+01:00" testType="13cdc9d9-ddb5-4fa4-a97d-d965ccfc6d4b" outcome="Passed" testListId="8c84fa94-04c1-424b-9868-57a2d4851a1d" relativeResultsDirectory="ea32f40f-6a6d-4ebf-9bc2-d3dac55d156e">
    </UnitTestResult>
  </Results>
</TestRun>