<?xml version="1.0" encoding="UTF-8"?>
<TestRun id="443b2b03-6648-456a-b8fe-a64e2a682c49" name="bhurtunt@QIQSTANB222 2012-09-24 13:49:58" runUser="QIQ\bhurtunt" xmlns="http://microsoft.com/schemas/VisualStudio/TeamTest/2010">
  <TestSettings name="Local" id="cc37a548-0a1e-4665-bb19-abe0d6af83c3">
    <Description>These are default test settings for a local test run.</Description>
    <Deployment userDeploymentRoot="C:\Users\bhurtunt\Documents\Visual Studio 2010\Projects\OneRewardsCloudService\TestResults" useDefaultDeploymentRoot="false" enabled="false" runDeploymentRoot="bhurtunt_QIQSTANB222 2012-09-24 13_49_58">
      <DeploymentItem filename="C:\Program Files\Microsoft SDKs\Windows Azure\.NET SDK\2012-06\ref\Microsoft.WindowsAzure.Configuration.dll" />
      <DeploymentItem filename="C:\Users\bhurtunt\Documents\Visual Studio 2010\Projects\OneRewardsCloudService\packages\Microsoft.AspNet.Providers.Core.1.0\lib\net40\System.Web.Providers.dll" />
      <DeploymentItem filename="C:\Program Files\Microsoft SDKs\Windows Azure\.NET SDK\2012-06\ref\Microsoft.WindowsAzure.Diagnostics.dll" />
      <DeploymentItem filename="C:\Users\bhurtunt\Documents\Visual Studio 2010\Projects\OneRewardsCloudService\OneRewardsWcfService\bin\OneRewardsWcfService.dll" />
      <DeploymentItem filename="C:\Program Files\Microsoft SDKs\Windows Azure\.NET SDK\2012-06\ref\Microsoft.WindowsAzure.StorageClient.dll" />
    </Deployment>
    <Execution>
      <TestTypeSpecific />
      <AgentRule name="Execution Agents">
      </AgentRule>
    </Execution>
  </TestSettings>
  <Times creation="2012-09-24T13:49:58.9766023+01:00" queuing="2012-09-24T13:50:17.0634108+01:00" start="2012-09-24T13:50:21.2758320+01:00" finish="2012-09-24T13:51:22.6509689+01:00" />
  <ResultSummary outcome="Completed">
    <Counters total="1" executed="1" passed="1" error="0" failed="0" timeout="0" aborted="0" inconclusive="0" passedButRunAborted="0" notRunnable="0" notExecuted="0" disconnected="0" warning="0" completed="0" inProgress="0" pending="0" />
  </ResultSummary>
  <TestDefinitions>
    <UnitTest name="addRewardsAccountTest" storage="c:\users\bhurtunt\documents\visual studio 2010\projects\onerewardscloudservice\onerewardstestproject\bin\release\onerewardstestproject.dll" id="ec07ab5b-4fa9-bdff-0466-b2f2dd14af3d">
      <Execution id="b5d9407b-9bad-49a4-a17a-e216125de496" />
      <TestMethod codeBase="C:/Users/bhurtunt/Documents/Visual Studio 2010/Projects/OneRewardsCloudService/OneRewardsTestProject/bin/Release/OneRewardsTestProject.DLL" adapterTypeName="Microsoft.VisualStudio.TestTools.TestTypes.Unit.UnitTestAdapter, Microsoft.VisualStudio.QualityTools.Tips.UnitTest.Adapter, Version=10.0.0.0, Culture=neutral, PublicKeyToken=b03f5f7f11d50a3a" className="OneRewardsTestProject.IOneRewardsServiceTest, OneRewardsTestProject, Version=1.0.0.0, Culture=neutral, PublicKeyToken=null" name="addRewardsAccountTest" />
    </UnitTest>
  </TestDefinitions>
  <TestLists>
    <TestList name="Results Not in a List" id="8c84fa94-04c1-424b-9868-57a2d4851a1d" />
    <TestList name="All Loaded Results" id="19431567-8539-422a-85d7-44ee4e166bda" />
  </TestLists>
  <TestEntries>
    <TestEntry testId="ec07ab5b-4fa9-bdff-0466-b2f2dd14af3d" executionId="b5d9407b-9bad-49a4-a17a-e216125de496" testListId="8c84fa94-04c1-424b-9868-57a2d4851a1d" />
  </TestEntries>
  <Results>
    <UnitTestResult executionId="b5d9407b-9bad-49a4-a17a-e216125de496" testId="ec07ab5b-4fa9-bdff-0466-b2f2dd14af3d" testName="addRewardsAccountTest" computerName="QIQSTANB222" duration="00:00:40.4943267" startTime="2012-09-24T13:50:24.9101954+01:00" endTime="2012-09-24T13:51:20.0587097+01:00" testType="13cdc9d9-ddb5-4fa4-a97d-d965ccfc6d4b" outcome="Passed" testListId="8c84fa94-04c1-424b-9868-57a2d4851a1d" relativeResultsDirectory="b5d9407b-9bad-49a4-a17a-e216125de496">
    </UnitTestResult>
  </Results>
</TestRun>