<?xml version="1.0" encoding="UTF-8"?>
<TestRun id="57b31f55-0a06-49c7-95df-316f5c9cf4e3" name="BhurtunT@QIQSTANB222 2012-10-06 19:47:58" runUser="QIQ\BhurtunT" xmlns="http://microsoft.com/schemas/VisualStudio/TeamTest/2010">
  <TestSettings name="Local" id="cc37a548-0a1e-4665-bb19-abe0d6af83c3">
    <Description>These are default test settings for a local test run.</Description>
    <Deployment enabled="false" runDeploymentRoot="BhurtunT_QIQSTANB222 2012-10-06 19_47_58">
      <DeploymentItem filename="C:\Program Files\Microsoft SDKs\Windows Azure\.NET SDK\2012-06\ref\Microsoft.WindowsAzure.Configuration.dll" />
      <DeploymentItem filename="C:\Users\bhurtunt\Documents\Visual Studio 2010\Projects\OneRewardsCloudService\packages\AsyncUnitTests-MSTest.1.0.1\lib\net40-client\Nito.AsyncEx.UnitTests.MSTest.dll" />
      <DeploymentItem filename="C:\Program Files\Microsoft SDKs\Windows Azure\.NET SDK\2012-06\ref\Microsoft.WindowsAzure.Diagnostics.dll" />
      <DeploymentItem filename="C:\Program Files\Microsoft SDKs\Windows Azure\.NET SDK\2012-06\ref\Microsoft.WindowsAzure.StorageClient.dll" />
      <DeploymentItem filename="C:\Users\bhurtunt\Documents\Visual Studio 2010\Projects\OneRewardsCloudService\OneRewardsWcfService\bin\OneRewardsWcfService.dll" />
      <DeploymentItem filename="C:\Users\bhurtunt\Documents\Visual Studio 2010\Projects\OneRewardsCloudService\packages\Microsoft.AspNet.Providers.Core.1.0\lib\net40\System.Web.Providers.dll" />
    </Deployment>
    <Execution>
      <TestTypeSpecific />
      <AgentRule name="Execution Agents">
      </AgentRule>
    </Execution>
  </TestSettings>
  <Times creation="2012-10-06T19:47:58.1158095+01:00" queuing="2012-10-06T19:48:03.6961287+01:00" start="2012-10-06T19:48:04.0161470+01:00" finish="2012-10-06T19:48:10.2405030+01:00" />
  <ResultSummary outcome="Completed">
    <Counters total="1" executed="1" passed="1" error="0" failed="0" timeout="0" aborted="0" inconclusive="0" passedButRunAborted="0" notRunnable="0" notExecuted="0" disconnected="0" warning="0" completed="0" inProgress="0" pending="0" />
  </ResultSummary>
  <TestDefinitions>
    <UnitTest name="getAllRewardsAccountTest1" storage="c:\users\bhurtunt\documents\visual studio 2010\projects\onerewardscloudservice\onerewardstestproject\bin\release\onerewardstestproject.dll" id="1d26647c-42ba-c0b9-2ee7-5450efeecfd9">
      <Execution id="91b75e7e-71fa-4454-85e6-6ab65d021aa8" />
      <TestMethod codeBase="C:/Users/bhurtunt/Documents/Visual Studio 2010/Projects/OneRewardsCloudService/OneRewardsTestProject/bin/Release/OneRewardsTestProject.DLL" adapterTypeName="Microsoft.VisualStudio.TestTools.TestTypes.Unit.UnitTestAdapter, Microsoft.VisualStudio.QualityTools.Tips.UnitTest.Adapter, Version=10.0.0.0, Culture=neutral, PublicKeyToken=b03f5f7f11d50a3a" className="OneRewardsTestProject.IOneRewardsServiceTest, OneRewardsTestProject, Version=1.0.0.0, Culture=neutral, PublicKeyToken=null" name="getAllRewardsAccountTest1" />
    </UnitTest>
  </TestDefinitions>
  <TestLists>
    <TestList name="Results Not in a List" id="8c84fa94-04c1-424b-9868-57a2d4851a1d" />
    <TestList name="All Loaded Results" id="19431567-8539-422a-85d7-44ee4e166bda" />
  </TestLists>
  <TestEntries>
    <TestEntry testId="1d26647c-42ba-c0b9-2ee7-5450efeecfd9" executionId="91b75e7e-71fa-4454-85e6-6ab65d021aa8" testListId="8c84fa94-04c1-424b-9868-57a2d4851a1d" />
  </TestEntries>
  <Results>
    <UnitTestResult executionId="91b75e7e-71fa-4454-85e6-6ab65d021aa8" testId="1d26647c-42ba-c0b9-2ee7-5450efeecfd9" testName="getAllRewardsAccountTest1" computerName="QIQSTANB222" duration="00:00:02.9311118" startTime="2012-10-06T19:48:04.4911742+01:00" endTime="2012-10-06T19:48:08.6514121+01:00" testType="13cdc9d9-ddb5-4fa4-a97d-d965ccfc6d4b" outcome="Passed" testListId="8c84fa94-04c1-424b-9868-57a2d4851a1d" relativeResultsDirectory="91b75e7e-71fa-4454-85e6-6ab65d021aa8">
    </UnitTestResult>
  </Results>
</TestRun>