<?xml version="1.0" encoding="UTF-8"?>
<TestRun id="24af9f3e-d856-4f20-a93f-7ec3d3e880ad" name="BhurtunT@QIQSTANB222 2012-11-17 19:44:07" runUser="QIQ\BhurtunT" xmlns="http://microsoft.com/schemas/VisualStudio/TeamTest/2010">
  <TestSettings name="Local" id="cc37a548-0a1e-4665-bb19-abe0d6af83c3">
    <Description>These are default test settings for a local test run.</Description>
    <Deployment enabled="false" runDeploymentRoot="BhurtunT_QIQSTANB222 2012-11-17 19_44_07">
      <DeploymentItem filename="C:\Users\bhurtunt\Documents\Visual Studio 2010\Projects\OneRewardsCloudService\packages\AsyncUnitTests-MSTest.1.0.1\lib\net40-client\Nito.AsyncEx.UnitTests.MSTest.dll" />
      <DeploymentItem filename="C:\Users\bhurtunt\Documents\Visual Studio 2010\Projects\OneRewardsCloudService\packages\Microsoft.AspNet.WebPages.2.0.20505.0\lib\net40\System.Web.WebPages.Razor.dll" />
      <DeploymentItem filename="C:\Users\bhurtunt\Documents\Visual Studio 2010\Projects\OneRewardsCloudService\packages\Microsoft.Net.Http.2.0.20505.0\lib\net40\System.Net.Http.WebRequest.dll" />
      <DeploymentItem filename="C:\Users\bhurtunt\Documents\Visual Studio 2010\Projects\OneRewardsCloudService\packages\Newtonsoft.Json.4.5.1\lib\net40\Newtonsoft.Json.dll" />
      <DeploymentItem filename="C:\Users\bhurtunt\Documents\Visual Studio 2010\Projects\OneRewardsCloudService\packages\Microsoft.AspNet.WebPages.2.0.20505.0\lib\net40\System.Web.WebPages.Deployment.dll" />
      <DeploymentItem filename="C:\Users\bhurtunt\Documents\Visual Studio 2010\Projects\OneRewardsCloudService\OneRewardsMvc.Tests\bin\Release\EntityFramework.dll" />
      <DeploymentItem filename="C:\Users\bhurtunt\Documents\Visual Studio 2010\Projects\OneRewardsCloudService\packages\Microsoft.Net.Http.2.0.20505.0\lib\net40\System.Net.Http.dll" />
      <DeploymentItem filename="C:\Users\bhurtunt\Documents\Visual Studio 2010\Projects\OneRewardsCloudService\packages\Microsoft.AspNet.WebApi.Core.4.0.20505.0\lib\net40\System.Web.Http.dll" />
      <DeploymentItem filename="C:\Users\bhurtunt\Documents\Visual Studio 2010\Projects\OneRewardsCloudService\packages\Microsoft.Web.Infrastructure.1.0.0.0\lib\net40\Microsoft.Web.Infrastructure.dll" />
      <DeploymentItem filename="C:\Users\bhurtunt\Documents\Visual Studio 2010\Projects\OneRewardsCloudService\packages\Microsoft.AspNet.WebApi.WebHost.4.0.20505.0\lib\net40\System.Web.Http.WebHost.dll" />
      <DeploymentItem filename="C:\Users\bhurtunt\Documents\Visual Studio 2010\Projects\OneRewardsCloudService\packages\Microsoft.AspNet.WebPages.2.0.20505.0\lib\net40\System.Web.Helpers.dll" />
      <DeploymentItem filename="C:\Program Files\Microsoft SDKs\Windows Azure\.NET SDK\2012-06\ref\Microsoft.WindowsAzure.Configuration.dll" />
      <DeploymentItem filename="C:\Users\bhurtunt\Documents\Visual Studio 2010\Projects\OneRewardsCloudService\OneRewardsWcfService\bin\OneRewardsWcfService.dll" />
      <DeploymentItem filename="C:\Users\bhurtunt\Documents\Visual Studio 2010\Projects\OneRewardsCloudService\OneRewardsMvc.Tests\bin\Release\Antlr3.Runtime.dll" />
      <DeploymentItem filename="C:\Users\bhurtunt\Documents\Visual Studio 2010\Projects\OneRewardsCloudService\packages\Microsoft.AspNet.Razor.2.0.20505.0\lib\net40\System.Web.Razor.dll" />
      <DeploymentItem filename="C:\Users\bhurtunt\Documents\Visual Studio 2010\Projects\OneRewardsCloudService\packages\Microsoft.AspNet.Providers.Core.1.0\lib\net40\System.Web.Providers.dll" />
      <DeploymentItem filename="C:\Users\bhurtunt\Documents\Visual Studio 2010\Projects\OneRewardsCloudService\OneRewardsMvc\bin\OneRewardsMvc.dll" />
      <DeploymentItem filename="C:\Users\bhurtunt\Documents\Visual Studio 2010\Projects\OneRewardsCloudService\OneRewardsMvc.Tests\bin\Release\WebGrease.dll" />
      <DeploymentItem filename="C:\Program Files\Microsoft SDKs\Windows Azure\.NET SDK\2012-06\ref\Microsoft.WindowsAzure.Diagnostics.dll" />
      <DeploymentItem filename="C:\Program Files\Microsoft SDKs\Windows Azure\.NET SDK\2012-06\ref\Microsoft.WindowsAzure.StorageClient.dll" />
      <DeploymentItem filename="C:\Users\bhurtunt\Documents\Visual Studio 2010\Projects\OneRewardsCloudService\packages\Microsoft.AspNet.Mvc.4.0.20505.0\lib\net40\System.Web.Mvc.dll" />
      <DeploymentItem filename="C:\Users\bhurtunt\Documents\Visual Studio 2010\Projects\OneRewardsCloudService\packages\Microsoft.AspNet.WebApi.Client.4.0.20505.0\lib\net40\System.Net.Http.Formatting.dll" />
      <DeploymentItem filename="C:\Users\bhurtunt\Documents\Visual Studio 2010\Projects\OneRewardsCloudService\OneRewardsMvc.Tests\bin\Release\System.Web.Optimization.dll" />
      <DeploymentItem filename="C:\Users\bhurtunt\Documents\Visual Studio 2010\Projects\OneRewardsCloudService\packages\Microsoft.AspNet.WebPages.2.0.20505.0\lib\net40\System.Web.WebPages.dll" />
    </Deployment>
    <Execution>
      <TestTypeSpecific />
      <AgentRule name="Execution Agents">
      </AgentRule>
    </Execution>
  </TestSettings>
  <Times creation="2012-11-17T19:44:07.0845974+00:00" queuing="2012-11-17T19:44:07.5066216+00:00" start="2012-11-17T19:44:07.5306229+00:00" finish="2012-11-17T19:44:10.7978098+00:00" />
  <ResultSummary outcome="Completed">
    <Counters total="73" executed="73" passed="73" error="0" failed="0" timeout="0" aborted="0" inconclusive="0" passedButRunAborted="0" notRunnable="0" notExecuted="0" disconnected="0" warning="0" completed="0" inProgress="0" pending="0" />
  </ResultSummary>
  <TestDefinitions>
    <UnitTest name="removeRewardsAccountTest" storage="c:\users\bhurtunt\documents\visual studio 2010\projects\onerewardscloudservice\onerewardstestproject\bin\release\onerewardstestproject.dll" id="1693e4db-f862-1c48-6c21-acdbd7afc342">
      <Execution id="0633b3ae-3719-45e3-a21e-76f5b6afd353" />
      <TestMethod codeBase="C:/Users/bhurtunt/Documents/Visual Studio 2010/Projects/OneRewardsCloudService/OneRewardsTestProject/bin/Release/OneRewardsTestProject.DLL" adapterTypeName="Microsoft.VisualStudio.TestTools.TestTypes.Unit.UnitTestAdapter, Microsoft.VisualStudio.QualityTools.Tips.UnitTest.Adapter, Version=10.0.0.0, Culture=neutral, PublicKeyToken=b03f5f7f11d50a3a" className="OneRewardsTestProject.IOneRewardsServiceTest, OneRewardsTestProject, Version=1.0.0.0, Culture=neutral, PublicKeyToken=null" name="removeRewardsAccountTest" />
    </UnitTest>
    <UnitTest name="ChangePasswordTest1" storage="c:\users\bhurtunt\documents\visual studio 2010\projects\onerewardscloudservice\onerewardsmvc.tests\bin\release\onerewardsmvc.tests.dll" id="e83d5e76-81cb-7aa5-6350-533ceff0a688">
      <Execution id="f490ab1f-ab64-465f-91e8-0bd651ae95dc" />
      <TestMethod codeBase="C:/Users/bhurtunt/Documents/Visual Studio 2010/Projects/OneRewardsCloudService/OneRewardsMvc.Tests/bin/Release/OneRewardsMvc.Tests.DLL" adapterTypeName="Microsoft.VisualStudio.TestTools.TestTypes.Unit.UnitTestAdapter, Microsoft.VisualStudio.QualityTools.Tips.UnitTest.Adapter, Version=10.0.0.0, Culture=neutral, PublicKeyToken=b03f5f7f11d50a3a" className="OneRewardsMvc.Tests.AccountControllerTest, OneRewardsMvc.Tests, Version=1.0.0.0, Culture=neutral, PublicKeyToken=null" name="ChangePasswordTest1" />
    </UnitTest>
    <UnitTest name="CompanyIDTest" storage="c:\users\bhurtunt\documents\visual studio 2010\projects\onerewardscloudservice\onerewardsmvc.tests\bin\release\onerewardsmvc.tests.dll" id="51975c1c-4e33-f71d-0de2-af5df9be6738">
      <Execution id="9eb05f86-629c-4fc7-a633-1dcb94fb67c3" />
      <TestMethod codeBase="C:/Users/bhurtunt/Documents/Visual Studio 2010/Projects/OneRewardsCloudService/OneRewardsMvc.Tests/bin/Release/OneRewardsMvc.Tests.DLL" adapterTypeName="Microsoft.VisualStudio.TestTools.TestTypes.Unit.UnitTestAdapter, Microsoft.VisualStudio.QualityTools.Tips.UnitTest.Adapter, Version=10.0.0.0, Culture=neutral, PublicKeyToken=b03f5f7f11d50a3a" className="OneRewardsMvc.Tests.RewardAccountTest, OneRewardsMvc.Tests, Version=1.0.0.0, Culture=neutral, PublicKeyToken=null" name="CompanyIDTest" />
    </UnitTest>
    <UnitTest name="getCompanysTest" storage="c:\users\bhurtunt\documents\visual studio 2010\projects\onerewardscloudservice\onerewardstestproject\bin\release\onerewardstestproject.dll" id="9c5e27fe-0639-188a-d23c-50381212400b">
      <Execution id="3a9f121f-9d9c-4019-8eeb-36a837591973" />
      <TestMethod codeBase="C:/Users/bhurtunt/Documents/Visual Studio 2010/Projects/OneRewardsCloudService/OneRewardsTestProject/bin/Release/OneRewardsTestProject.DLL" adapterTypeName="Microsoft.VisualStudio.TestTools.TestTypes.Unit.UnitTestAdapter, Microsoft.VisualStudio.QualityTools.Tips.UnitTest.Adapter, Version=10.0.0.0, Culture=neutral, PublicKeyToken=b03f5f7f11d50a3a" className="OneRewardsTestProject.IOneRewardsServiceTest, OneRewardsTestProject, Version=1.0.0.0, Culture=neutral, PublicKeyToken=null" name="getCompanysTest" />
    </UnitTest>
    <UnitTest name="ConvertImageFiletoBytesTest" storage="c:\users\bhurtunt\documents\visual studio 2010\projects\onerewardscloudservice\onerewardsmvc.tests\bin\release\onerewardsmvc.tests.dll" id="c3470532-85b6-cfc4-e394-8ff591a2d3f9">
      <Execution id="27ad49a1-ec52-4492-9deb-452746c10fb8" />
      <TestMethod codeBase="C:/Users/bhurtunt/Documents/Visual Studio 2010/Projects/OneRewardsCloudService/OneRewardsMvc.Tests/bin/Release/OneRewardsMvc.Tests.DLL" adapterTypeName="Microsoft.VisualStudio.TestTools.TestTypes.Unit.UnitTestAdapter, Microsoft.VisualStudio.QualityTools.Tips.UnitTest.Adapter, Version=10.0.0.0, Culture=neutral, PublicKeyToken=b03f5f7f11d50a3a" className="OneRewardsMvc.Tests.UtilitiesTest, OneRewardsMvc.Tests, Version=1.0.0.0, Culture=neutral, PublicKeyToken=null" name="ConvertImageFiletoBytesTest" />
    </UnitTest>
    <UnitTest name="LoginTest" storage="c:\users\bhurtunt\documents\visual studio 2010\projects\onerewardscloudservice\onerewardsmvc.tests\bin\release\onerewardsmvc.tests.dll" id="7bccd21c-8788-8f6b-24d4-252f03c32562">
      <Execution id="7f5bd8ba-41ec-4f8c-b5ba-342cc42c0cc9" />
      <TestMethod codeBase="C:/Users/bhurtunt/Documents/Visual Studio 2010/Projects/OneRewardsCloudService/OneRewardsMvc.Tests/bin/Release/OneRewardsMvc.Tests.DLL" adapterTypeName="Microsoft.VisualStudio.TestTools.TestTypes.Unit.UnitTestAdapter, Microsoft.VisualStudio.QualityTools.Tips.UnitTest.Adapter, Version=10.0.0.0, Culture=neutral, PublicKeyToken=b03f5f7f11d50a3a" className="OneRewardsMvc.Tests.AccountControllerTest, OneRewardsMvc.Tests, Version=1.0.0.0, Culture=neutral, PublicKeyToken=null" name="LoginTest" />
    </UnitTest>
    <UnitTest name="RegisterTest1" storage="c:\users\bhurtunt\documents\visual studio 2010\projects\onerewardscloudservice\onerewardsmvc.tests\bin\release\onerewardsmvc.tests.dll" id="dfed860a-a785-21dc-6a75-52bf42003c70">
      <Execution id="173357c7-06c0-43c7-806e-05fa1f02861a" />
      <TestMethod codeBase="C:/Users/bhurtunt/Documents/Visual Studio 2010/Projects/OneRewardsCloudService/OneRewardsMvc.Tests/bin/Release/OneRewardsMvc.Tests.DLL" adapterTypeName="Microsoft.VisualStudio.TestTools.TestTypes.Unit.UnitTestAdapter, Microsoft.VisualStudio.QualityTools.Tips.UnitTest.Adapter, Version=10.0.0.0, Culture=neutral, PublicKeyToken=b03f5f7f11d50a3a" className="OneRewardsMvc.Tests.AccountControllerTest, OneRewardsMvc.Tests, Version=1.0.0.0, Culture=neutral, PublicKeyToken=null" name="RegisterTest1" />
    </UnitTest>
    <UnitTest name="ManageUserControllerConstructorTest" storage="c:\users\bhurtunt\documents\visual studio 2010\projects\onerewardscloudservice\onerewardsmvc.tests\bin\release\onerewardsmvc.tests.dll" id="cb123c34-53d6-8589-a530-6019f5c69297">
      <Execution id="83dfd9e2-450b-42dd-868b-5480594b3a0f" />
      <TestMethod codeBase="C:/Users/bhurtunt/Documents/Visual Studio 2010/Projects/OneRewardsCloudService/OneRewardsMvc.Tests/bin/Release/OneRewardsMvc.Tests.DLL" adapterTypeName="Microsoft.VisualStudio.TestTools.TestTypes.Unit.UnitTestAdapter, Microsoft.VisualStudio.QualityTools.Tips.UnitTest.Adapter, Version=10.0.0.0, Culture=neutral, PublicKeyToken=b03f5f7f11d50a3a" className="OneRewardsMvc.Tests.ManageUserControllerTest, OneRewardsMvc.Tests, Version=1.0.0.0, Culture=neutral, PublicKeyToken=null" name="ManageUserControllerConstructorTest" />
    </UnitTest>
    <UnitTest name="getAPointsTest" storage="c:\users\bhurtunt\documents\visual studio 2010\projects\onerewardscloudservice\onerewardstestproject\bin\release\onerewardstestproject.dll" id="1cc26711-067d-90ed-698f-eafeaf6ffdce">
      <Execution id="e7598ab6-a3b1-49ce-833a-f0a7e221ed9a" />
      <TestMethod codeBase="C:/Users/bhurtunt/Documents/Visual Studio 2010/Projects/OneRewardsCloudService/OneRewardsTestProject/bin/Release/OneRewardsTestProject.DLL" adapterTypeName="Microsoft.VisualStudio.TestTools.TestTypes.Unit.UnitTestAdapter, Microsoft.VisualStudio.QualityTools.Tips.UnitTest.Adapter, Version=10.0.0.0, Culture=neutral, PublicKeyToken=b03f5f7f11d50a3a" className="OneRewardsTestProject.IOneRewardsServiceTest, OneRewardsTestProject, Version=1.0.0.0, Culture=neutral, PublicKeyToken=null" name="getAPointsTest" />
    </UnitTest>
    <UnitTest name="updatePointsTest1" storage="c:\users\bhurtunt\documents\visual studio 2010\projects\onerewardscloudservice\onerewardstestproject\bin\release\onerewardstestproject.dll" id="cc0be8b2-6b98-51d5-aa58-deb93b8dda05">
      <Execution id="01abb90e-be2c-4c72-abde-d21d2c3930e2" />
      <TestMethod codeBase="C:/Users/bhurtunt/Documents/Visual Studio 2010/Projects/OneRewardsCloudService/OneRewardsTestProject/bin/Release/OneRewardsTestProject.DLL" adapterTypeName="Microsoft.VisualStudio.TestTools.TestTypes.Unit.UnitTestAdapter, Microsoft.VisualStudio.QualityTools.Tips.UnitTest.Adapter, Version=10.0.0.0, Culture=neutral, PublicKeyToken=b03f5f7f11d50a3a" className="OneRewardsTestProject.IOneRewardsServiceTest, OneRewardsTestProject, Version=1.0.0.0, Culture=neutral, PublicKeyToken=null" name="updatePointsTest1" />
    </UnitTest>
    <UnitTest name="CreateTest" storage="c:\users\bhurtunt\documents\visual studio 2010\projects\onerewardscloudservice\onerewardsmvc.tests\bin\release\onerewardsmvc.tests.dll" id="713d46ab-6981-fbf5-ac44-81204a8a219e">
      <Execution id="0e2f7b47-7517-433a-a0db-b063c1537472" />
      <TestMethod codeBase="C:/Users/bhurtunt/Documents/Visual Studio 2010/Projects/OneRewardsCloudService/OneRewardsMvc.Tests/bin/Release/OneRewardsMvc.Tests.DLL" adapterTypeName="Microsoft.VisualStudio.TestTools.TestTypes.Unit.UnitTestAdapter, Microsoft.VisualStudio.QualityTools.Tips.UnitTest.Adapter, Version=10.0.0.0, Culture=neutral, PublicKeyToken=b03f5f7f11d50a3a" className="OneRewardsMvc.Tests.ManageUserControllerTest, OneRewardsMvc.Tests, Version=1.0.0.0, Culture=neutral, PublicKeyToken=null" name="CreateTest" />
    </UnitTest>
    <UnitTest name="OneRewardsInitializerConstructorTest" storage="c:\users\bhurtunt\documents\visual studio 2010\projects\onerewardscloudservice\onerewardsmvc.tests\bin\release\onerewardsmvc.tests.dll" id="46346720-47cc-a1a5-62c4-07a919cfeca1">
      <Execution id="5fcc61bb-c058-4bdb-abcc-9ddb47bde479" />
      <TestMethod codeBase="C:/Users/bhurtunt/Documents/Visual Studio 2010/Projects/OneRewardsCloudService/OneRewardsMvc.Tests/bin/Release/OneRewardsMvc.Tests.DLL" adapterTypeName="Microsoft.VisualStudio.TestTools.TestTypes.Unit.UnitTestAdapter, Microsoft.VisualStudio.QualityTools.Tips.UnitTest.Adapter, Version=10.0.0.0, Culture=neutral, PublicKeyToken=b03f5f7f11d50a3a" className="OneRewardsMvc.Tests.OneRewardsInitializerTest, OneRewardsMvc.Tests, Version=1.0.0.0, Culture=neutral, PublicKeyToken=null" name="OneRewardsInitializerConstructorTest" />
    </UnitTest>
    <UnitTest name="CreateTest1" storage="c:\users\bhurtunt\documents\visual studio 2010\projects\onerewardscloudservice\onerewardsmvc.tests\bin\release\onerewardsmvc.tests.dll" id="376d4788-8860-6174-3388-983e231b8249">
      <Execution id="c1c427f5-86cf-48c8-a083-67e4613b33a5" />
      <TestMethod codeBase="C:/Users/bhurtunt/Documents/Visual Studio 2010/Projects/OneRewardsCloudService/OneRewardsMvc.Tests/bin/Release/OneRewardsMvc.Tests.DLL" adapterTypeName="Microsoft.VisualStudio.TestTools.TestTypes.Unit.UnitTestAdapter, Microsoft.VisualStudio.QualityTools.Tips.UnitTest.Adapter, Version=10.0.0.0, Culture=neutral, PublicKeyToken=b03f5f7f11d50a3a" className="OneRewardsMvc.Tests.RewardAccountControllerTest, OneRewardsMvc.Tests, Version=1.0.0.0, Culture=neutral, PublicKeyToken=null" name="CreateTest1" />
    </UnitTest>
    <UnitTest name="CompanyNameTest" storage="c:\users\bhurtunt\documents\visual studio 2010\projects\onerewardscloudservice\onerewardsmvc.tests\bin\release\onerewardsmvc.tests.dll" id="7036f143-371c-6f5c-0405-5641f0559823">
      <Execution id="21dde58d-2f44-4581-9645-1207324f3d43" />
      <TestMethod codeBase="C:/Users/bhurtunt/Documents/Visual Studio 2010/Projects/OneRewardsCloudService/OneRewardsMvc.Tests/bin/Release/OneRewardsMvc.Tests.DLL" adapterTypeName="Microsoft.VisualStudio.TestTools.TestTypes.Unit.UnitTestAdapter, Microsoft.VisualStudio.QualityTools.Tips.UnitTest.Adapter, Version=10.0.0.0, Culture=neutral, PublicKeyToken=b03f5f7f11d50a3a" className="OneRewardsMvc.Tests.CompanyTest, OneRewardsMvc.Tests, Version=1.0.0.0, Culture=neutral, PublicKeyToken=null" name="CompanyNameTest" />
    </UnitTest>
    <UnitTest name="RewardAccountsTest" storage="c:\users\bhurtunt\documents\visual studio 2010\projects\onerewardscloudservice\onerewardsmvc.tests\bin\release\onerewardsmvc.tests.dll" id="0a370041-7040-2e13-5863-bac5253f5ac5">
      <Execution id="c642a175-2bb7-4238-897f-b2072b05b341" />
      <TestMethod codeBase="C:/Users/bhurtunt/Documents/Visual Studio 2010/Projects/OneRewardsCloudService/OneRewardsMvc.Tests/bin/Release/OneRewardsMvc.Tests.DLL" adapterTypeName="Microsoft.VisualStudio.TestTools.TestTypes.Unit.UnitTestAdapter, Microsoft.VisualStudio.QualityTools.Tips.UnitTest.Adapter, Version=10.0.0.0, Culture=neutral, PublicKeyToken=b03f5f7f11d50a3a" className="OneRewardsMvc.Tests.OneRewardsContextTest, OneRewardsMvc.Tests, Version=1.0.0.0, Culture=neutral, PublicKeyToken=null" name="RewardAccountsTest" />
    </UnitTest>
    <UnitTest name="TotalPointsTest" storage="c:\users\bhurtunt\documents\visual studio 2010\projects\onerewardscloudservice\onerewardsmvc.tests\bin\release\onerewardsmvc.tests.dll" id="9ece2e17-897e-6388-d7d8-b0118f0c769a">
      <Execution id="2b2f3e9e-d363-4d0d-bcee-871b5bbab9f7" />
      <TestMethod codeBase="C:/Users/bhurtunt/Documents/Visual Studio 2010/Projects/OneRewardsCloudService/OneRewardsMvc.Tests/bin/Release/OneRewardsMvc.Tests.DLL" adapterTypeName="Microsoft.VisualStudio.TestTools.TestTypes.Unit.UnitTestAdapter, Microsoft.VisualStudio.QualityTools.Tips.UnitTest.Adapter, Version=10.0.0.0, Culture=neutral, PublicKeyToken=b03f5f7f11d50a3a" className="OneRewardsMvc.Tests.RewardAccountTest, OneRewardsMvc.Tests, Version=1.0.0.0, Culture=neutral, PublicKeyToken=null" name="TotalPointsTest" />
    </UnitTest>
    <UnitTest name="CompanysTest" storage="c:\users\bhurtunt\documents\visual studio 2010\projects\onerewardscloudservice\onerewardsmvc.tests\bin\release\onerewardsmvc.tests.dll" id="5d19af3b-a1f7-93d9-f491-f55c1806498c">
      <Execution id="69aee8de-8a5f-4761-b691-90493161b7b1" />
      <TestMethod codeBase="C:/Users/bhurtunt/Documents/Visual Studio 2010/Projects/OneRewardsCloudService/OneRewardsMvc.Tests/bin/Release/OneRewardsMvc.Tests.DLL" adapterTypeName="Microsoft.VisualStudio.TestTools.TestTypes.Unit.UnitTestAdapter, Microsoft.VisualStudio.QualityTools.Tips.UnitTest.Adapter, Version=10.0.0.0, Culture=neutral, PublicKeyToken=b03f5f7f11d50a3a" className="OneRewardsMvc.Tests.OneRewardsContextTest, OneRewardsMvc.Tests, Version=1.0.0.0, Culture=neutral, PublicKeyToken=null" name="CompanysTest" />
    </UnitTest>
    <UnitTest name="EmailTest" storage="c:\users\bhurtunt\documents\visual studio 2010\projects\onerewardscloudservice\onerewardsmvc.tests\bin\release\onerewardsmvc.tests.dll" id="78b00d71-1a05-ac7a-2671-0133262f0f63">
      <Execution id="a5da417e-8d38-4712-a363-2f8d44c0896b" />
      <TestMethod codeBase="C:/Users/bhurtunt/Documents/Visual Studio 2010/Projects/OneRewardsCloudService/OneRewardsMvc.Tests/bin/Release/OneRewardsMvc.Tests.DLL" adapterTypeName="Microsoft.VisualStudio.TestTools.TestTypes.Unit.UnitTestAdapter, Microsoft.VisualStudio.QualityTools.Tips.UnitTest.Adapter, Version=10.0.0.0, Culture=neutral, PublicKeyToken=b03f5f7f11d50a3a" className="OneRewardsMvc.Tests.RegisterModelTest, OneRewardsMvc.Tests, Version=1.0.0.0, Culture=neutral, PublicKeyToken=null" name="EmailTest" />
    </UnitTest>
    <UnitTest name="superUserTest" storage="c:\users\bhurtunt\documents\visual studio 2010\projects\onerewardscloudservice\onerewardsmvc.tests\bin\release\onerewardsmvc.tests.dll" id="77a4f4e8-b860-8022-afa0-04f704a7d75b">
      <Execution id="6a6065d4-4930-4c69-9799-fc36ff65dfc8" />
      <TestMethod codeBase="C:/Users/bhurtunt/Documents/Visual Studio 2010/Projects/OneRewardsCloudService/OneRewardsMvc.Tests/bin/Release/OneRewardsMvc.Tests.DLL" adapterTypeName="Microsoft.VisualStudio.TestTools.TestTypes.Unit.UnitTestAdapter, Microsoft.VisualStudio.QualityTools.Tips.UnitTest.Adapter, Version=10.0.0.0, Culture=neutral, PublicKeyToken=b03f5f7f11d50a3a" className="OneRewardsMvc.Tests.UtilitiesTest, OneRewardsMvc.Tests, Version=1.0.0.0, Culture=neutral, PublicKeyToken=null" name="superUserTest" />
    </UnitTest>
    <UnitTest name="LoginTest1" storage="c:\users\bhurtunt\documents\visual studio 2010\projects\onerewardscloudservice\onerewardsmvc.tests\bin\release\onerewardsmvc.tests.dll" id="63d0853f-8615-5260-30bf-6de8d2e4f284">
      <Execution id="287780b1-61ef-43c3-abf7-7837c1215a4f" />
      <TestMethod codeBase="C:/Users/bhurtunt/Documents/Visual Studio 2010/Projects/OneRewardsCloudService/OneRewardsMvc.Tests/bin/Release/OneRewardsMvc.Tests.DLL" adapterTypeName="Microsoft.VisualStudio.TestTools.TestTypes.Unit.UnitTestAdapter, Microsoft.VisualStudio.QualityTools.Tips.UnitTest.Adapter, Version=10.0.0.0, Culture=neutral, PublicKeyToken=b03f5f7f11d50a3a" className="OneRewardsMvc.Tests.AccountControllerTest, OneRewardsMvc.Tests, Version=1.0.0.0, Culture=neutral, PublicKeyToken=null" name="LoginTest1" />
    </UnitTest>
    <UnitTest name="LoginModelConstructorTest" storage="c:\users\bhurtunt\documents\visual studio 2010\projects\onerewardscloudservice\onerewardsmvc.tests\bin\release\onerewardsmvc.tests.dll" id="16a1e043-b2e2-a94b-4b08-b68a099fd758">
      <Execution id="80bca97d-cd2f-41c2-8af3-0e1710ed4348" />
      <TestMethod codeBase="C:/Users/bhurtunt/Documents/Visual Studio 2010/Projects/OneRewardsCloudService/OneRewardsMvc.Tests/bin/Release/OneRewardsMvc.Tests.DLL" adapterTypeName="Microsoft.VisualStudio.TestTools.TestTypes.Unit.UnitTestAdapter, Microsoft.VisualStudio.QualityTools.Tips.UnitTest.Adapter, Version=10.0.0.0, Culture=neutral, PublicKeyToken=b03f5f7f11d50a3a" className="OneRewardsMvc.Tests.LoginModelTest, OneRewardsMvc.Tests, Version=1.0.0.0, Culture=neutral, PublicKeyToken=null" name="LoginModelConstructorTest" />
    </UnitTest>
    <UnitTest name="NewPasswordTest" storage="c:\users\bhurtunt\documents\visual studio 2010\projects\onerewardscloudservice\onerewardsmvc.tests\bin\release\onerewardsmvc.tests.dll" id="43d82bd3-0aa5-484b-e322-8b19b19a32b8">
      <Execution id="b4f02be3-a662-44f5-b304-eff13a085ad1" />
      <TestMethod codeBase="C:/Users/bhurtunt/Documents/Visual Studio 2010/Projects/OneRewardsCloudService/OneRewardsMvc.Tests/bin/Release/OneRewardsMvc.Tests.DLL" adapterTypeName="Microsoft.VisualStudio.TestTools.TestTypes.Unit.UnitTestAdapter, Microsoft.VisualStudio.QualityTools.Tips.UnitTest.Adapter, Version=10.0.0.0, Culture=neutral, PublicKeyToken=b03f5f7f11d50a3a" className="OneRewardsMvc.Tests.ChangePasswordModelTest, OneRewardsMvc.Tests, Version=1.0.0.0, Culture=neutral, PublicKeyToken=null" name="NewPasswordTest" />
    </UnitTest>
    <UnitTest name="getCompanyIDTest" storage="c:\users\bhurtunt\documents\visual studio 2010\projects\onerewardscloudservice\onerewardstestproject\bin\release\onerewardstestproject.dll" id="bb8a6b75-14c9-d8c2-3ecb-8348bdaa6920">
      <Execution id="714f91a3-c3cf-47c7-948e-a972696e21fa" />
      <TestMethod codeBase="C:/Users/bhurtunt/Documents/Visual Studio 2010/Projects/OneRewardsCloudService/OneRewardsTestProject/bin/Release/OneRewardsTestProject.DLL" adapterTypeName="Microsoft.VisualStudio.TestTools.TestTypes.Unit.UnitTestAdapter, Microsoft.VisualStudio.QualityTools.Tips.UnitTest.Adapter, Version=10.0.0.0, Culture=neutral, PublicKeyToken=b03f5f7f11d50a3a" className="OneRewardsTestProject.IOneRewardsServiceTest, OneRewardsTestProject, Version=1.0.0.0, Culture=neutral, PublicKeyToken=null" name="getCompanyIDTest" />
    </UnitTest>
    <UnitTest name="CompanyTest" storage="c:\users\bhurtunt\documents\visual studio 2010\projects\onerewardscloudservice\onerewardsmvc.tests\bin\release\onerewardsmvc.tests.dll" id="bd3310f4-b4bd-3ae6-6615-9138f25eecfe">
      <Execution id="6200e7da-c403-41a9-8e6f-da4c71dbdc2b" />
      <TestMethod codeBase="C:/Users/bhurtunt/Documents/Visual Studio 2010/Projects/OneRewardsCloudService/OneRewardsMvc.Tests/bin/Release/OneRewardsMvc.Tests.DLL" adapterTypeName="Microsoft.VisualStudio.TestTools.TestTypes.Unit.UnitTestAdapter, Microsoft.VisualStudio.QualityTools.Tips.UnitTest.Adapter, Version=10.0.0.0, Culture=neutral, PublicKeyToken=b03f5f7f11d50a3a" className="OneRewardsMvc.Tests.RewardAccountTest, OneRewardsMvc.Tests, Version=1.0.0.0, Culture=neutral, PublicKeyToken=null" name="CompanyTest" />
    </UnitTest>
    <UnitTest name="RewardAccountControllerConstructorTest" storage="c:\users\bhurtunt\documents\visual studio 2010\projects\onerewardscloudservice\onerewardsmvc.tests\bin\release\onerewardsmvc.tests.dll" id="47c84612-e9a7-0037-f786-2df27ea2d7d5">
      <Execution id="87c8303e-3646-41d4-bce2-b3b903f3def4" />
      <TestMethod codeBase="C:/Users/bhurtunt/Documents/Visual Studio 2010/Projects/OneRewardsCloudService/OneRewardsMvc.Tests/bin/Release/OneRewardsMvc.Tests.DLL" adapterTypeName="Microsoft.VisualStudio.TestTools.TestTypes.Unit.UnitTestAdapter, Microsoft.VisualStudio.QualityTools.Tips.UnitTest.Adapter, Version=10.0.0.0, Culture=neutral, PublicKeyToken=b03f5f7f11d50a3a" className="OneRewardsMvc.Tests.RewardAccountControllerTest, OneRewardsMvc.Tests, Version=1.0.0.0, Culture=neutral, PublicKeyToken=null" name="RewardAccountControllerConstructorTest" />
    </UnitTest>
    <UnitTest name="RewardAccountConstructorTest" storage="c:\users\bhurtunt\documents\visual studio 2010\projects\onerewardscloudservice\onerewardsmvc.tests\bin\release\onerewardsmvc.tests.dll" id="6e4dde9a-dbbb-b9f4-e481-f97b930e2a0a">
      <Execution id="ad4a7a74-ecbc-449f-b3a4-7d0f92b1fa4c" />
      <TestMethod codeBase="C:/Users/bhurtunt/Documents/Visual Studio 2010/Projects/OneRewardsCloudService/OneRewardsMvc.Tests/bin/Release/OneRewardsMvc.Tests.DLL" adapterTypeName="Microsoft.VisualStudio.TestTools.TestTypes.Unit.UnitTestAdapter, Microsoft.VisualStudio.QualityTools.Tips.UnitTest.Adapter, Version=10.0.0.0, Culture=neutral, PublicKeyToken=b03f5f7f11d50a3a" className="OneRewardsMvc.Tests.RewardAccountTest, OneRewardsMvc.Tests, Version=1.0.0.0, Culture=neutral, PublicKeyToken=null" name="RewardAccountConstructorTest" />
    </UnitTest>
    <UnitTest name="ChangePasswordSuccessTest" storage="c:\users\bhurtunt\documents\visual studio 2010\projects\onerewardscloudservice\onerewardsmvc.tests\bin\release\onerewardsmvc.tests.dll" id="2c4292c6-e7b9-e2bc-bc8b-0a8e348093c5">
      <Execution id="934d7b7f-ebcf-466c-8db8-60382020f8dd" />
      <TestMethod codeBase="C:/Users/bhurtunt/Documents/Visual Studio 2010/Projects/OneRewardsCloudService/OneRewardsMvc.Tests/bin/Release/OneRewardsMvc.Tests.DLL" adapterTypeName="Microsoft.VisualStudio.TestTools.TestTypes.Unit.UnitTestAdapter, Microsoft.VisualStudio.QualityTools.Tips.UnitTest.Adapter, Version=10.0.0.0, Culture=neutral, PublicKeyToken=b03f5f7f11d50a3a" className="OneRewardsMvc.Tests.AccountControllerTest, OneRewardsMvc.Tests, Version=1.0.0.0, Culture=neutral, PublicKeyToken=null" name="ChangePasswordSuccessTest" />
    </UnitTest>
    <UnitTest name="getAllRewardsAccountTest1" storage="c:\users\bhurtunt\documents\visual studio 2010\projects\onerewardscloudservice\onerewardstestproject\bin\release\onerewardstestproject.dll" id="1d26647c-42ba-c0b9-2ee7-5450efeecfd9">
      <Execution id="3e7a0356-1cc5-4ec6-8847-d2f04312bb66" />
      <TestMethod codeBase="C:/Users/bhurtunt/Documents/Visual Studio 2010/Projects/OneRewardsCloudService/OneRewardsTestProject/bin/Release/OneRewardsTestProject.DLL" adapterTypeName="Microsoft.VisualStudio.TestTools.TestTypes.Unit.UnitTestAdapter, Microsoft.VisualStudio.QualityTools.Tips.UnitTest.Adapter, Version=10.0.0.0, Culture=neutral, PublicKeyToken=b03f5f7f11d50a3a" className="OneRewardsTestProject.IOneRewardsServiceTest, OneRewardsTestProject, Version=1.0.0.0, Culture=neutral, PublicKeyToken=null" name="getAllRewardsAccountTest1" />
    </UnitTest>
    <UnitTest name="VerifyAppDomainHasConfigurationSettings" storage="c:\users\bhurtunt\documents\visual studio 2010\projects\onerewardscloudservice\onerewardstestproject\bin\release\onerewardstestproject.dll" id="145fdb5f-e5e9-756f-1a85-85923f93c7a4">
      <Execution id="aff02fc8-912e-4e24-a37e-8cbbe0992e29" />
      <TestMethod codeBase="C:/Users/bhurtunt/Documents/Visual Studio 2010/Projects/OneRewardsCloudService/OneRewardsTestProject/bin/Release/OneRewardsTestProject.DLL" adapterTypeName="Microsoft.VisualStudio.TestTools.TestTypes.Unit.UnitTestAdapter, Microsoft.VisualStudio.QualityTools.Tips.UnitTest.Adapter, Version=10.0.0.0, Culture=neutral, PublicKeyToken=b03f5f7f11d50a3a" className="OneRewardsTestProject.IOneRewardsServiceTest, OneRewardsTestProject, Version=1.0.0.0, Culture=neutral, PublicKeyToken=null" name="VerifyAppDomainHasConfigurationSettings" />
    </UnitTest>
    <UnitTest name="PointsTest" storage="c:\users\bhurtunt\documents\visual studio 2010\projects\onerewardscloudservice\onerewardsmvc.tests\bin\release\onerewardsmvc.tests.dll" id="f75630da-5c1f-a916-4e6a-f746a6a75e69">
      <Execution id="fd4137e1-e28c-4fbb-9407-ceb98f5c4041" />
      <TestMethod codeBase="C:/Users/bhurtunt/Documents/Visual Studio 2010/Projects/OneRewardsCloudService/OneRewardsMvc.Tests/bin/Release/OneRewardsMvc.Tests.DLL" adapterTypeName="Microsoft.VisualStudio.TestTools.TestTypes.Unit.UnitTestAdapter, Microsoft.VisualStudio.QualityTools.Tips.UnitTest.Adapter, Version=10.0.0.0, Culture=neutral, PublicKeyToken=b03f5f7f11d50a3a" className="OneRewardsMvc.Tests.RewardAccountTest, OneRewardsMvc.Tests, Version=1.0.0.0, Culture=neutral, PublicKeyToken=null" name="PointsTest" />
    </UnitTest>
    <UnitTest name="updatePointsTest" storage="c:\users\bhurtunt\documents\visual studio 2010\projects\onerewardscloudservice\onerewardstestproject\bin\release\onerewardstestproject.dll" id="e82191a5-2f62-4d54-fa6f-90c6e1d348a4">
      <Execution id="a0014f32-3c80-41cb-96b6-e13f8532a4f8" />
      <TestMethod codeBase="C:/Users/bhurtunt/Documents/Visual Studio 2010/Projects/OneRewardsCloudService/OneRewardsTestProject/bin/Release/OneRewardsTestProject.DLL" adapterTypeName="Microsoft.VisualStudio.TestTools.TestTypes.Unit.UnitTestAdapter, Microsoft.VisualStudio.QualityTools.Tips.UnitTest.Adapter, Version=10.0.0.0, Culture=neutral, PublicKeyToken=b03f5f7f11d50a3a" className="OneRewardsTestProject.IOneRewardsServiceTest, OneRewardsTestProject, Version=1.0.0.0, Culture=neutral, PublicKeyToken=null" name="updatePointsTest" />
    </UnitTest>
    <UnitTest name="CompanyConstructorTest" storage="c:\users\bhurtunt\documents\visual studio 2010\projects\onerewardscloudservice\onerewardsmvc.tests\bin\release\onerewardsmvc.tests.dll" id="bd178d7f-5b38-e3e2-4e89-bcc5bc5dd2bc">
      <Execution id="ea841c9b-158d-4cfd-a75a-d7d3f0becaaa" />
      <TestMethod codeBase="C:/Users/bhurtunt/Documents/Visual Studio 2010/Projects/OneRewardsCloudService/OneRewardsMvc.Tests/bin/Release/OneRewardsMvc.Tests.DLL" adapterTypeName="Microsoft.VisualStudio.TestTools.TestTypes.Unit.UnitTestAdapter, Microsoft.VisualStudio.QualityTools.Tips.UnitTest.Adapter, Version=10.0.0.0, Culture=neutral, PublicKeyToken=b03f5f7f11d50a3a" className="OneRewardsMvc.Tests.CompanyTest, OneRewardsMvc.Tests, Version=1.0.0.0, Culture=neutral, PublicKeyToken=null" name="CompanyConstructorTest" />
    </UnitTest>
    <UnitTest name="UserNameTest" storage="c:\users\bhurtunt\documents\visual studio 2010\projects\onerewardscloudservice\onerewardsmvc.tests\bin\release\onerewardsmvc.tests.dll" id="5c4a3b81-d2e9-390e-4d47-debd5f30f955">
      <Execution id="958d3437-f798-4ba3-8a46-ed7d9842565f" />
      <TestMethod codeBase="C:/Users/bhurtunt/Documents/Visual Studio 2010/Projects/OneRewardsCloudService/OneRewardsMvc.Tests/bin/Release/OneRewardsMvc.Tests.DLL" adapterTypeName="Microsoft.VisualStudio.TestTools.TestTypes.Unit.UnitTestAdapter, Microsoft.VisualStudio.QualityTools.Tips.UnitTest.Adapter, Version=10.0.0.0, Culture=neutral, PublicKeyToken=b03f5f7f11d50a3a" className="OneRewardsMvc.Tests.LoginModelTest, OneRewardsMvc.Tests, Version=1.0.0.0, Culture=neutral, PublicKeyToken=null" name="UserNameTest" />
    </UnitTest>
    <UnitTest name="getCompanyLogoTest" storage="c:\users\bhurtunt\documents\visual studio 2010\projects\onerewardscloudservice\onerewardstestproject\bin\release\onerewardstestproject.dll" id="3123d3c1-b807-14df-258c-4bcb70729054">
      <Execution id="a48de33e-0873-41a2-9718-3c8768b4a6ee" />
      <TestMethod codeBase="C:/Users/bhurtunt/Documents/Visual Studio 2010/Projects/OneRewardsCloudService/OneRewardsTestProject/bin/Release/OneRewardsTestProject.DLL" adapterTypeName="Microsoft.VisualStudio.TestTools.TestTypes.Unit.UnitTestAdapter, Microsoft.VisualStudio.QualityTools.Tips.UnitTest.Adapter, Version=10.0.0.0, Culture=neutral, PublicKeyToken=b03f5f7f11d50a3a" className="OneRewardsTestProject.IOneRewardsServiceTest, OneRewardsTestProject, Version=1.0.0.0, Culture=neutral, PublicKeyToken=null" name="getCompanyLogoTest" />
    </UnitTest>
    <UnitTest name="UserNameTest" storage="c:\users\bhurtunt\documents\visual studio 2010\projects\onerewardscloudservice\onerewardsmvc.tests\bin\release\onerewardsmvc.tests.dll" id="569db36b-aaf6-0347-4a22-0da6b66abb9d">
      <Execution id="ad55c79b-9a20-4a85-b2ca-37e056c17575" />
      <TestMethod codeBase="C:/Users/bhurtunt/Documents/Visual Studio 2010/Projects/OneRewardsCloudService/OneRewardsMvc.Tests/bin/Release/OneRewardsMvc.Tests.DLL" adapterTypeName="Microsoft.VisualStudio.TestTools.TestTypes.Unit.UnitTestAdapter, Microsoft.VisualStudio.QualityTools.Tips.UnitTest.Adapter, Version=10.0.0.0, Culture=neutral, PublicKeyToken=b03f5f7f11d50a3a" className="OneRewardsMvc.Tests.RewardAccountTest, OneRewardsMvc.Tests, Version=1.0.0.0, Culture=neutral, PublicKeyToken=null" name="UserNameTest" />
    </UnitTest>
    <UnitTest name="getTPointsTest" storage="c:\users\bhurtunt\documents\visual studio 2010\projects\onerewardscloudservice\onerewardstestproject\bin\release\onerewardstestproject.dll" id="48762070-4a75-7928-4c52-f763f6fa0806">
      <Execution id="28fd81cb-24d6-4651-a649-4237ac0de19f" />
      <TestMethod codeBase="C:/Users/bhurtunt/Documents/Visual Studio 2010/Projects/OneRewardsCloudService/OneRewardsTestProject/bin/Release/OneRewardsTestProject.DLL" adapterTypeName="Microsoft.VisualStudio.TestTools.TestTypes.Unit.UnitTestAdapter, Microsoft.VisualStudio.QualityTools.Tips.UnitTest.Adapter, Version=10.0.0.0, Culture=neutral, PublicKeyToken=b03f5f7f11d50a3a" className="OneRewardsTestProject.IOneRewardsServiceTest, OneRewardsTestProject, Version=1.0.0.0, Culture=neutral, PublicKeyToken=null" name="getTPointsTest" />
    </UnitTest>
    <UnitTest name="About" storage="c:\users\bhurtunt\documents\visual studio 2010\projects\onerewardscloudservice\onerewardsmvc.tests\bin\release\onerewardsmvc.tests.dll" id="29ea4fd2-7950-bb6f-6670-81b029ce6dc7">
      <Execution id="6636db27-599b-4f01-b48a-2c9741b17f79" />
      <TestMethod codeBase="C:/Users/bhurtunt/Documents/Visual Studio 2010/Projects/OneRewardsCloudService/OneRewardsMvc.Tests/bin/Release/OneRewardsMvc.Tests.DLL" adapterTypeName="Microsoft.VisualStudio.TestTools.TestTypes.Unit.UnitTestAdapter, Microsoft.VisualStudio.QualityTools.Tips.UnitTest.Adapter, Version=10.0.0.0, Culture=neutral, PublicKeyToken=b03f5f7f11d50a3a" className="OneRewardsMvc.Tests.Controllers.HomeControllerTest, OneRewardsMvc.Tests, Version=1.0.0.0, Culture=neutral, PublicKeyToken=null" name="About" />
    </UnitTest>
    <UnitTest name="PasswordTest" storage="c:\users\bhurtunt\documents\visual studio 2010\projects\onerewardscloudservice\onerewardsmvc.tests\bin\release\onerewardsmvc.tests.dll" id="00be0e1b-b601-c776-f2f0-30741904f1b1">
      <Execution id="61ecc23d-3b72-4207-a89a-2502defaafc1" />
      <TestMethod codeBase="C:/Users/bhurtunt/Documents/Visual Studio 2010/Projects/OneRewardsCloudService/OneRewardsMvc.Tests/bin/Release/OneRewardsMvc.Tests.DLL" adapterTypeName="Microsoft.VisualStudio.TestTools.TestTypes.Unit.UnitTestAdapter, Microsoft.VisualStudio.QualityTools.Tips.UnitTest.Adapter, Version=10.0.0.0, Culture=neutral, PublicKeyToken=b03f5f7f11d50a3a" className="OneRewardsMvc.Tests.RegisterModelTest, OneRewardsMvc.Tests, Version=1.0.0.0, Culture=neutral, PublicKeyToken=null" name="PasswordTest" />
    </UnitTest>
    <UnitTest name="addDuplicateRewardsAccountTest" storage="c:\users\bhurtunt\documents\visual studio 2010\projects\onerewardscloudservice\onerewardstestproject\bin\release\onerewardstestproject.dll" id="77d7d89d-1e6e-7b7f-2b0f-a16d7a49ede6">
      <Execution id="7be842de-748a-4a13-8457-e0c038777097" />
      <TestMethod codeBase="C:/Users/bhurtunt/Documents/Visual Studio 2010/Projects/OneRewardsCloudService/OneRewardsTestProject/bin/Release/OneRewardsTestProject.DLL" adapterTypeName="Microsoft.VisualStudio.TestTools.TestTypes.Unit.UnitTestAdapter, Microsoft.VisualStudio.QualityTools.Tips.UnitTest.Adapter, Version=10.0.0.0, Culture=neutral, PublicKeyToken=b03f5f7f11d50a3a" className="OneRewardsTestProject.IOneRewardsServiceTest, OneRewardsTestProject, Version=1.0.0.0, Culture=neutral, PublicKeyToken=null" name="addDuplicateRewardsAccountTest" />
    </UnitTest>
    <UnitTest name="ChangePasswordTest" storage="c:\users\bhurtunt\documents\visual studio 2010\projects\onerewardscloudservice\onerewardsmvc.tests\bin\release\onerewardsmvc.tests.dll" id="7256a3be-dfa5-ba8a-8c9c-abdc43dfa189">
      <Execution id="d4d59ca5-6ec4-4ced-b8f5-38217adea1de" />
      <TestMethod codeBase="C:/Users/bhurtunt/Documents/Visual Studio 2010/Projects/OneRewardsCloudService/OneRewardsMvc.Tests/bin/Release/OneRewardsMvc.Tests.DLL" adapterTypeName="Microsoft.VisualStudio.TestTools.TestTypes.Unit.UnitTestAdapter, Microsoft.VisualStudio.QualityTools.Tips.UnitTest.Adapter, Version=10.0.0.0, Culture=neutral, PublicKeyToken=b03f5f7f11d50a3a" className="OneRewardsMvc.Tests.AccountControllerTest, OneRewardsMvc.Tests, Version=1.0.0.0, Culture=neutral, PublicKeyToken=null" name="ChangePasswordTest" />
    </UnitTest>
    <UnitTest name="RegisterTest" storage="c:\users\bhurtunt\documents\visual studio 2010\projects\onerewardscloudservice\onerewardsmvc.tests\bin\release\onerewardsmvc.tests.dll" id="70a63c12-bf69-ec6d-2e0b-2b37b30e7f99">
      <Execution id="4ec9f4c9-28bf-43bc-85d3-fce0b3854256" />
      <TestMethod codeBase="C:/Users/bhurtunt/Documents/Visual Studio 2010/Projects/OneRewardsCloudService/OneRewardsMvc.Tests/bin/Release/OneRewardsMvc.Tests.DLL" adapterTypeName="Microsoft.VisualStudio.TestTools.TestTypes.Unit.UnitTestAdapter, Microsoft.VisualStudio.QualityTools.Tips.UnitTest.Adapter, Version=10.0.0.0, Culture=neutral, PublicKeyToken=b03f5f7f11d50a3a" className="OneRewardsMvc.Tests.AccountControllerTest, OneRewardsMvc.Tests, Version=1.0.0.0, Culture=neutral, PublicKeyToken=null" name="RegisterTest" />
    </UnitTest>
    <UnitTest name="UtilitiesConstructorTest" storage="c:\users\bhurtunt\documents\visual studio 2010\projects\onerewardscloudservice\onerewardsmvc.tests\bin\release\onerewardsmvc.tests.dll" id="2cc9ea1a-a266-d60f-a5ef-ca71eb8d2701">
      <Execution id="18e5ebad-fcda-4610-8a3a-e9c39e2e52dd" />
      <TestMethod codeBase="C:/Users/bhurtunt/Documents/Visual Studio 2010/Projects/OneRewardsCloudService/OneRewardsMvc.Tests/bin/Release/OneRewardsMvc.Tests.DLL" adapterTypeName="Microsoft.VisualStudio.TestTools.TestTypes.Unit.UnitTestAdapter, Microsoft.VisualStudio.QualityTools.Tips.UnitTest.Adapter, Version=10.0.0.0, Culture=neutral, PublicKeyToken=b03f5f7f11d50a3a" className="OneRewardsMvc.Tests.UtilitiesTest, OneRewardsMvc.Tests, Version=1.0.0.0, Culture=neutral, PublicKeyToken=null" name="UtilitiesConstructorTest" />
    </UnitTest>
    <UnitTest name="RewardAccountIDTest" storage="c:\users\bhurtunt\documents\visual studio 2010\projects\onerewardscloudservice\onerewardsmvc.tests\bin\release\onerewardsmvc.tests.dll" id="8141c866-f817-7fc4-cbec-b68e4ba3e60d">
      <Execution id="e6b1b021-e082-4342-bc5b-c670018678e6" />
      <TestMethod codeBase="C:/Users/bhurtunt/Documents/Visual Studio 2010/Projects/OneRewardsCloudService/OneRewardsMvc.Tests/bin/Release/OneRewardsMvc.Tests.DLL" adapterTypeName="Microsoft.VisualStudio.TestTools.TestTypes.Unit.UnitTestAdapter, Microsoft.VisualStudio.QualityTools.Tips.UnitTest.Adapter, Version=10.0.0.0, Culture=neutral, PublicKeyToken=b03f5f7f11d50a3a" className="OneRewardsMvc.Tests.RewardAccountTest, OneRewardsMvc.Tests, Version=1.0.0.0, Culture=neutral, PublicKeyToken=null" name="RewardAccountIDTest" />
    </UnitTest>
    <UnitTest name="getAPointsTest1" storage="c:\users\bhurtunt\documents\visual studio 2010\projects\onerewardscloudservice\onerewardstestproject\bin\release\onerewardstestproject.dll" id="f54be62e-b6ef-0fd9-a706-6249527c3013">
      <Execution id="fd62a268-f55b-4965-91d2-156c6256645f" />
      <TestMethod codeBase="C:/Users/bhurtunt/Documents/Visual Studio 2010/Projects/OneRewardsCloudService/OneRewardsTestProject/bin/Release/OneRewardsTestProject.DLL" adapterTypeName="Microsoft.VisualStudio.TestTools.TestTypes.Unit.UnitTestAdapter, Microsoft.VisualStudio.QualityTools.Tips.UnitTest.Adapter, Version=10.0.0.0, Culture=neutral, PublicKeyToken=b03f5f7f11d50a3a" className="OneRewardsTestProject.IOneRewardsServiceTest, OneRewardsTestProject, Version=1.0.0.0, Culture=neutral, PublicKeyToken=null" name="getAPointsTest1" />
    </UnitTest>
    <UnitTest name="updatePointsTest2" storage="c:\users\bhurtunt\documents\visual studio 2010\projects\onerewardscloudservice\onerewardstestproject\bin\release\onerewardstestproject.dll" id="37d24a8f-6816-1971-ad17-a13c8dbb2c2f">
      <Execution id="ce5b9d5b-bc85-4331-b7f3-4598d6dbc8ba" />
      <TestMethod codeBase="C:/Users/bhurtunt/Documents/Visual Studio 2010/Projects/OneRewardsCloudService/OneRewardsTestProject/bin/Release/OneRewardsTestProject.DLL" adapterTypeName="Microsoft.VisualStudio.TestTools.TestTypes.Unit.UnitTestAdapter, Microsoft.VisualStudio.QualityTools.Tips.UnitTest.Adapter, Version=10.0.0.0, Culture=neutral, PublicKeyToken=b03f5f7f11d50a3a" className="OneRewardsTestProject.IOneRewardsServiceTest, OneRewardsTestProject, Version=1.0.0.0, Culture=neutral, PublicKeyToken=null" name="updatePointsTest2" />
    </UnitTest>
    <UnitTest name="CreateTest1" storage="c:\users\bhurtunt\documents\visual studio 2010\projects\onerewardscloudservice\onerewardsmvc.tests\bin\release\onerewardsmvc.tests.dll" id="d7a44c14-47b8-0ca6-fe55-fc4a88d8a203">
      <Execution id="aff64f21-386e-4161-8f44-0612ab53d31e" />
      <TestMethod codeBase="C:/Users/bhurtunt/Documents/Visual Studio 2010/Projects/OneRewardsCloudService/OneRewardsMvc.Tests/bin/Release/OneRewardsMvc.Tests.DLL" adapterTypeName="Microsoft.VisualStudio.TestTools.TestTypes.Unit.UnitTestAdapter, Microsoft.VisualStudio.QualityTools.Tips.UnitTest.Adapter, Version=10.0.0.0, Culture=neutral, PublicKeyToken=b03f5f7f11d50a3a" className="OneRewardsMvc.Tests.CompanyControllerTest, OneRewardsMvc.Tests, Version=1.0.0.0, Culture=neutral, PublicKeyToken=null" name="CreateTest1" />
    </UnitTest>
    <UnitTest name="AccountControllerConstructorTest" storage="c:\users\bhurtunt\documents\visual studio 2010\projects\onerewardscloudservice\onerewardsmvc.tests\bin\release\onerewardsmvc.tests.dll" id="2fbb13fc-94a9-6e99-97ca-45b994685fe9">
      <Execution id="4fbdf41c-0ae3-47cd-9cc0-61929a68256a" />
      <TestMethod codeBase="C:/Users/bhurtunt/Documents/Visual Studio 2010/Projects/OneRewardsCloudService/OneRewardsMvc.Tests/bin/Release/OneRewardsMvc.Tests.DLL" adapterTypeName="Microsoft.VisualStudio.TestTools.TestTypes.Unit.UnitTestAdapter, Microsoft.VisualStudio.QualityTools.Tips.UnitTest.Adapter, Version=10.0.0.0, Culture=neutral, PublicKeyToken=b03f5f7f11d50a3a" className="OneRewardsMvc.Tests.AccountControllerTest, OneRewardsMvc.Tests, Version=1.0.0.0, Culture=neutral, PublicKeyToken=null" name="AccountControllerConstructorTest" />
    </UnitTest>
    <UnitTest name="randomNumberTest" storage="c:\users\bhurtunt\documents\visual studio 2010\projects\onerewardscloudservice\onerewardsmvc.tests\bin\release\onerewardsmvc.tests.dll" id="21be142e-5370-ae21-e2dc-be63484b5918">
      <Execution id="e2198105-5b52-4df8-b609-d9ec2d0293db" />
      <TestMethod codeBase="C:/Users/bhurtunt/Documents/Visual Studio 2010/Projects/OneRewardsCloudService/OneRewardsMvc.Tests/bin/Release/OneRewardsMvc.Tests.DLL" adapterTypeName="Microsoft.VisualStudio.TestTools.TestTypes.Unit.UnitTestAdapter, Microsoft.VisualStudio.QualityTools.Tips.UnitTest.Adapter, Version=10.0.0.0, Culture=neutral, PublicKeyToken=b03f5f7f11d50a3a" className="OneRewardsMvc.Tests.RewardAccountControllerTest, OneRewardsMvc.Tests, Version=1.0.0.0, Culture=neutral, PublicKeyToken=null" name="randomNumberTest" />
    </UnitTest>
    <UnitTest name="CompanyLogoTest" storage="c:\users\bhurtunt\documents\visual studio 2010\projects\onerewardscloudservice\onerewardsmvc.tests\bin\release\onerewardsmvc.tests.dll" id="69bf6a1f-1ea6-38b5-18dc-1a6d0ce22411">
      <Execution id="19f36f8c-8f53-42cf-b8a1-02946539e1ac" />
      <TestMethod codeBase="C:/Users/bhurtunt/Documents/Visual Studio 2010/Projects/OneRewardsCloudService/OneRewardsMvc.Tests/bin/Release/OneRewardsMvc.Tests.DLL" adapterTypeName="Microsoft.VisualStudio.TestTools.TestTypes.Unit.UnitTestAdapter, Microsoft.VisualStudio.QualityTools.Tips.UnitTest.Adapter, Version=10.0.0.0, Culture=neutral, PublicKeyToken=b03f5f7f11d50a3a" className="OneRewardsMvc.Tests.CompanyTest, OneRewardsMvc.Tests, Version=1.0.0.0, Culture=neutral, PublicKeyToken=null" name="CompanyLogoTest" />
    </UnitTest>
    <UnitTest name="CreateTest1" storage="c:\users\bhurtunt\documents\visual studio 2010\projects\onerewardscloudservice\onerewardsmvc.tests\bin\release\onerewardsmvc.tests.dll" id="17bdc49d-92ff-5313-d946-c26cad936b82">
      <Execution id="f58e7e67-1786-4e19-973e-b7df0c3f031f" />
      <TestMethod codeBase="C:/Users/bhurtunt/Documents/Visual Studio 2010/Projects/OneRewardsCloudService/OneRewardsMvc.Tests/bin/Release/OneRewardsMvc.Tests.DLL" adapterTypeName="Microsoft.VisualStudio.TestTools.TestTypes.Unit.UnitTestAdapter, Microsoft.VisualStudio.QualityTools.Tips.UnitTest.Adapter, Version=10.0.0.0, Culture=neutral, PublicKeyToken=b03f5f7f11d50a3a" className="OneRewardsMvc.Tests.ManageUserControllerTest, OneRewardsMvc.Tests, Version=1.0.0.0, Culture=neutral, PublicKeyToken=null" name="CreateTest1" />
    </UnitTest>
    <UnitTest name="getRewardsAccountTest" storage="c:\users\bhurtunt\documents\visual studio 2010\projects\onerewardscloudservice\onerewardstestproject\bin\release\onerewardstestproject.dll" id="19c3c3f8-0de5-98b3-b920-2aa3a45b3c3a">
      <Execution id="fcbbe5fd-a957-4abc-ba5d-78162124213b" />
      <TestMethod codeBase="C:/Users/bhurtunt/Documents/Visual Studio 2010/Projects/OneRewardsCloudService/OneRewardsTestProject/bin/Release/OneRewardsTestProject.DLL" adapterTypeName="Microsoft.VisualStudio.TestTools.TestTypes.Unit.UnitTestAdapter, Microsoft.VisualStudio.QualityTools.Tips.UnitTest.Adapter, Version=10.0.0.0, Culture=neutral, PublicKeyToken=b03f5f7f11d50a3a" className="OneRewardsTestProject.IOneRewardsServiceTest, OneRewardsTestProject, Version=1.0.0.0, Culture=neutral, PublicKeyToken=null" name="getRewardsAccountTest" />
    </UnitTest>
    <UnitTest name="RegisterModelConstructorTest" storage="c:\users\bhurtunt\documents\visual studio 2010\projects\onerewardscloudservice\onerewardsmvc.tests\bin\release\onerewardsmvc.tests.dll" id="ae35e2ee-ae2d-f18d-8b83-76e8db8078e6">
      <Execution id="dc041a42-e2e6-4cb1-8fd4-adf741e75424" />
      <TestMethod codeBase="C:/Users/bhurtunt/Documents/Visual Studio 2010/Projects/OneRewardsCloudService/OneRewardsMvc.Tests/bin/Release/OneRewardsMvc.Tests.DLL" adapterTypeName="Microsoft.VisualStudio.TestTools.TestTypes.Unit.UnitTestAdapter, Microsoft.VisualStudio.QualityTools.Tips.UnitTest.Adapter, Version=10.0.0.0, Culture=neutral, PublicKeyToken=b03f5f7f11d50a3a" className="OneRewardsMvc.Tests.RegisterModelTest, OneRewardsMvc.Tests, Version=1.0.0.0, Culture=neutral, PublicKeyToken=null" name="RegisterModelConstructorTest" />
    </UnitTest>
    <UnitTest name="ConfirmPasswordTest" storage="c:\users\bhurtunt\documents\visual studio 2010\projects\onerewardscloudservice\onerewardsmvc.tests\bin\release\onerewardsmvc.tests.dll" id="bfa3d854-20e9-afaf-6a5b-84d340d16475">
      <Execution id="b9861b06-0829-4dc0-8338-2fc38dab2a1b" />
      <TestMethod codeBase="C:/Users/bhurtunt/Documents/Visual Studio 2010/Projects/OneRewardsCloudService/OneRewardsMvc.Tests/bin/Release/OneRewardsMvc.Tests.DLL" adapterTypeName="Microsoft.VisualStudio.TestTools.TestTypes.Unit.UnitTestAdapter, Microsoft.VisualStudio.QualityTools.Tips.UnitTest.Adapter, Version=10.0.0.0, Culture=neutral, PublicKeyToken=b03f5f7f11d50a3a" className="OneRewardsMvc.Tests.ChangePasswordModelTest, OneRewardsMvc.Tests, Version=1.0.0.0, Culture=neutral, PublicKeyToken=null" name="ConfirmPasswordTest" />
    </UnitTest>
    <UnitTest name="ConfirmPasswordTest" storage="c:\users\bhurtunt\documents\visual studio 2010\projects\onerewardscloudservice\onerewardsmvc.tests\bin\release\onerewardsmvc.tests.dll" id="0500de23-aeeb-f6c6-c692-6fab2def3d9a">
      <Execution id="7a50d30f-ffc7-4e2f-a22f-a9ed48174439" />
      <TestMethod codeBase="C:/Users/bhurtunt/Documents/Visual Studio 2010/Projects/OneRewardsCloudService/OneRewardsMvc.Tests/bin/Release/OneRewardsMvc.Tests.DLL" adapterTypeName="Microsoft.VisualStudio.TestTools.TestTypes.Unit.UnitTestAdapter, Microsoft.VisualStudio.QualityTools.Tips.UnitTest.Adapter, Version=10.0.0.0, Culture=neutral, PublicKeyToken=b03f5f7f11d50a3a" className="OneRewardsMvc.Tests.RegisterModelTest, OneRewardsMvc.Tests, Version=1.0.0.0, Culture=neutral, PublicKeyToken=null" name="ConfirmPasswordTest" />
    </UnitTest>
    <UnitTest name="RememberMeTest" storage="c:\users\bhurtunt\documents\visual studio 2010\projects\onerewardscloudservice\onerewardsmvc.tests\bin\release\onerewardsmvc.tests.dll" id="6d0c9798-42d3-4120-fbc0-fe8daffcbb33">
      <Execution id="29bb0279-7777-45c9-82f8-b0484bebae1c" />
      <TestMethod codeBase="C:/Users/bhurtunt/Documents/Visual Studio 2010/Projects/OneRewardsCloudService/OneRewardsMvc.Tests/bin/Release/OneRewardsMvc.Tests.DLL" adapterTypeName="Microsoft.VisualStudio.TestTools.TestTypes.Unit.UnitTestAdapter, Microsoft.VisualStudio.QualityTools.Tips.UnitTest.Adapter, Version=10.0.0.0, Culture=neutral, PublicKeyToken=b03f5f7f11d50a3a" className="OneRewardsMvc.Tests.LoginModelTest, OneRewardsMvc.Tests, Version=1.0.0.0, Culture=neutral, PublicKeyToken=null" name="RememberMeTest" />
    </UnitTest>
    <UnitTest name="ChangePasswordModelConstructorTest" storage="c:\users\bhurtunt\documents\visual studio 2010\projects\onerewardscloudservice\onerewardsmvc.tests\bin\release\onerewardsmvc.tests.dll" id="45ccdcf3-4686-de7a-54f8-2bf19bffaf16">
      <Execution id="a9b5b9fc-9522-4a18-9fed-9da83dd5056c" />
      <TestMethod codeBase="C:/Users/bhurtunt/Documents/Visual Studio 2010/Projects/OneRewardsCloudService/OneRewardsMvc.Tests/bin/Release/OneRewardsMvc.Tests.DLL" adapterTypeName="Microsoft.VisualStudio.TestTools.TestTypes.Unit.UnitTestAdapter, Microsoft.VisualStudio.QualityTools.Tips.UnitTest.Adapter, Version=10.0.0.0, Culture=neutral, PublicKeyToken=b03f5f7f11d50a3a" className="OneRewardsMvc.Tests.ChangePasswordModelTest, OneRewardsMvc.Tests, Version=1.0.0.0, Culture=neutral, PublicKeyToken=null" name="ChangePasswordModelConstructorTest" />
    </UnitTest>
    <UnitTest name="getCompanyNamesTest" storage="c:\users\bhurtunt\documents\visual studio 2010\projects\onerewardscloudservice\onerewardstestproject\bin\release\onerewardstestproject.dll" id="e51a2420-e972-e32d-c397-59bc0fd814dc">
      <Execution id="b1f9d73e-1833-409d-8069-4d234d6b657b" />
      <TestMethod codeBase="C:/Users/bhurtunt/Documents/Visual Studio 2010/Projects/OneRewardsCloudService/OneRewardsTestProject/bin/Release/OneRewardsTestProject.DLL" adapterTypeName="Microsoft.VisualStudio.TestTools.TestTypes.Unit.UnitTestAdapter, Microsoft.VisualStudio.QualityTools.Tips.UnitTest.Adapter, Version=10.0.0.0, Culture=neutral, PublicKeyToken=b03f5f7f11d50a3a" className="OneRewardsTestProject.IOneRewardsServiceTest, OneRewardsTestProject, Version=1.0.0.0, Culture=neutral, PublicKeyToken=null" name="getCompanyNamesTest" />
    </UnitTest>
    <UnitTest name="PasswordTest" storage="c:\users\bhurtunt\documents\visual studio 2010\projects\onerewardscloudservice\onerewardsmvc.tests\bin\release\onerewardsmvc.tests.dll" id="5d366f05-d5ed-f6a1-c3f5-0946714cc580">
      <Execution id="cb67ab9d-c8f0-4d17-864b-a40ae42a62be" />
      <TestMethod codeBase="C:/Users/bhurtunt/Documents/Visual Studio 2010/Projects/OneRewardsCloudService/OneRewardsMvc.Tests/bin/Release/OneRewardsMvc.Tests.DLL" adapterTypeName="Microsoft.VisualStudio.TestTools.TestTypes.Unit.UnitTestAdapter, Microsoft.VisualStudio.QualityTools.Tips.UnitTest.Adapter, Version=10.0.0.0, Culture=neutral, PublicKeyToken=b03f5f7f11d50a3a" className="OneRewardsMvc.Tests.LoginModelTest, OneRewardsMvc.Tests, Version=1.0.0.0, Culture=neutral, PublicKeyToken=null" name="PasswordTest" />
    </UnitTest>
    <UnitTest name="OneRewardsContextConstructorTest" storage="c:\users\bhurtunt\documents\visual studio 2010\projects\onerewardscloudservice\onerewardsmvc.tests\bin\release\onerewardsmvc.tests.dll" id="429d7597-ec02-7233-723e-1f5db3d511c3">
      <Execution id="b3480d52-1581-4160-b3a5-1f3af0e3e97b" />
      <TestMethod codeBase="C:/Users/bhurtunt/Documents/Visual Studio 2010/Projects/OneRewardsCloudService/OneRewardsMvc.Tests/bin/Release/OneRewardsMvc.Tests.DLL" adapterTypeName="Microsoft.VisualStudio.TestTools.TestTypes.Unit.UnitTestAdapter, Microsoft.VisualStudio.QualityTools.Tips.UnitTest.Adapter, Version=10.0.0.0, Culture=neutral, PublicKeyToken=b03f5f7f11d50a3a" className="OneRewardsMvc.Tests.OneRewardsContextTest, OneRewardsMvc.Tests, Version=1.0.0.0, Culture=neutral, PublicKeyToken=null" name="OneRewardsContextConstructorTest" />
    </UnitTest>
    <UnitTest name="getCompanyLogoIDTest" storage="c:\users\bhurtunt\documents\visual studio 2010\projects\onerewardscloudservice\onerewardstestproject\bin\release\onerewardstestproject.dll" id="74a55861-f0ce-65d1-fdbe-91c8dd52c914">
      <Execution id="afdac714-fa48-450a-87dd-bc64554cef1b" />
      <TestMethod codeBase="C:/Users/bhurtunt/Documents/Visual Studio 2010/Projects/OneRewardsCloudService/OneRewardsTestProject/bin/Release/OneRewardsTestProject.DLL" adapterTypeName="Microsoft.VisualStudio.TestTools.TestTypes.Unit.UnitTestAdapter, Microsoft.VisualStudio.QualityTools.Tips.UnitTest.Adapter, Version=10.0.0.0, Culture=neutral, PublicKeyToken=b03f5f7f11d50a3a" className="OneRewardsTestProject.IOneRewardsServiceTest, OneRewardsTestProject, Version=1.0.0.0, Culture=neutral, PublicKeyToken=null" name="getCompanyLogoIDTest" />
    </UnitTest>
    <UnitTest name="Contact" storage="c:\users\bhurtunt\documents\visual studio 2010\projects\onerewardscloudservice\onerewardsmvc.tests\bin\release\onerewardsmvc.tests.dll" id="11fe0478-6fbe-efe8-a7c0-eff58555c624">
      <Execution id="71dd83a5-9553-4920-8b48-5029683f4c02" />
      <TestMethod codeBase="C:/Users/bhurtunt/Documents/Visual Studio 2010/Projects/OneRewardsCloudService/OneRewardsMvc.Tests/bin/Release/OneRewardsMvc.Tests.DLL" adapterTypeName="Microsoft.VisualStudio.TestTools.TestTypes.Unit.UnitTestAdapter, Microsoft.VisualStudio.QualityTools.Tips.UnitTest.Adapter, Version=10.0.0.0, Culture=neutral, PublicKeyToken=b03f5f7f11d50a3a" className="OneRewardsMvc.Tests.Controllers.HomeControllerTest, OneRewardsMvc.Tests, Version=1.0.0.0, Culture=neutral, PublicKeyToken=null" name="Contact" />
    </UnitTest>
    <UnitTest name="Index" storage="c:\users\bhurtunt\documents\visual studio 2010\projects\onerewardscloudservice\onerewardsmvc.tests\bin\release\onerewardsmvc.tests.dll" id="9393a8b0-c66a-8c79-0e50-8db802539041">
      <Execution id="d0ce2877-f59e-4bb2-b16a-90e009e8d5a4" />
      <TestMethod codeBase="C:/Users/bhurtunt/Documents/Visual Studio 2010/Projects/OneRewardsCloudService/OneRewardsMvc.Tests/bin/Release/OneRewardsMvc.Tests.DLL" adapterTypeName="Microsoft.VisualStudio.TestTools.TestTypes.Unit.UnitTestAdapter, Microsoft.VisualStudio.QualityTools.Tips.UnitTest.Adapter, Version=10.0.0.0, Culture=neutral, PublicKeyToken=b03f5f7f11d50a3a" className="OneRewardsMvc.Tests.Controllers.HomeControllerTest, OneRewardsMvc.Tests, Version=1.0.0.0, Culture=neutral, PublicKeyToken=null" name="Index" />
    </UnitTest>
    <UnitTest name="CompanyControllerConstructorTest" storage="c:\users\bhurtunt\documents\visual studio 2010\projects\onerewardscloudservice\onerewardsmvc.tests\bin\release\onerewardsmvc.tests.dll" id="048c21fc-22db-258a-b14e-0727745eb56f">
      <Execution id="730ef6ae-d385-4276-80ef-e04502324ad0" />
      <TestMethod codeBase="C:/Users/bhurtunt/Documents/Visual Studio 2010/Projects/OneRewardsCloudService/OneRewardsMvc.Tests/bin/Release/OneRewardsMvc.Tests.DLL" adapterTypeName="Microsoft.VisualStudio.TestTools.TestTypes.Unit.UnitTestAdapter, Microsoft.VisualStudio.QualityTools.Tips.UnitTest.Adapter, Version=10.0.0.0, Culture=neutral, PublicKeyToken=b03f5f7f11d50a3a" className="OneRewardsMvc.Tests.CompanyControllerTest, OneRewardsMvc.Tests, Version=1.0.0.0, Culture=neutral, PublicKeyToken=null" name="CompanyControllerConstructorTest" />
    </UnitTest>
    <UnitTest name="CompanyIDTest" storage="c:\users\bhurtunt\documents\visual studio 2010\projects\onerewardscloudservice\onerewardsmvc.tests\bin\release\onerewardsmvc.tests.dll" id="2da4bebc-3c59-5ad6-f979-253de0819eef">
      <Execution id="c9945cad-6d84-4ccb-8d04-08540f438bf1" />
      <TestMethod codeBase="C:/Users/bhurtunt/Documents/Visual Studio 2010/Projects/OneRewardsCloudService/OneRewardsMvc.Tests/bin/Release/OneRewardsMvc.Tests.DLL" adapterTypeName="Microsoft.VisualStudio.TestTools.TestTypes.Unit.UnitTestAdapter, Microsoft.VisualStudio.QualityTools.Tips.UnitTest.Adapter, Version=10.0.0.0, Culture=neutral, PublicKeyToken=b03f5f7f11d50a3a" className="OneRewardsMvc.Tests.CompanyTest, OneRewardsMvc.Tests, Version=1.0.0.0, Culture=neutral, PublicKeyToken=null" name="CompanyIDTest" />
    </UnitTest>
    <UnitTest name="autenticateUnregisteredTest" storage="c:\users\bhurtunt\documents\visual studio 2010\projects\onerewardscloudservice\onerewardstestproject\bin\release\onerewardstestproject.dll" id="598a27e1-d830-9fbb-0960-89499962ae78">
      <Execution id="107afacd-509c-4124-bb1a-95baaf465173" />
      <TestMethod codeBase="C:/Users/bhurtunt/Documents/Visual Studio 2010/Projects/OneRewardsCloudService/OneRewardsTestProject/bin/Release/OneRewardsTestProject.DLL" adapterTypeName="Microsoft.VisualStudio.TestTools.TestTypes.Unit.UnitTestAdapter, Microsoft.VisualStudio.QualityTools.Tips.UnitTest.Adapter, Version=10.0.0.0, Culture=neutral, PublicKeyToken=b03f5f7f11d50a3a" className="OneRewardsTestProject.IOneRewardsServiceTest, OneRewardsTestProject, Version=1.0.0.0, Culture=neutral, PublicKeyToken=null" name="autenticateUnregisteredTest" />
    </UnitTest>
    <UnitTest name="getAllRewardsAccountTest" storage="c:\users\bhurtunt\documents\visual studio 2010\projects\onerewardscloudservice\onerewardstestproject\bin\release\onerewardstestproject.dll" id="f9952bbc-fdc3-e8c2-a850-eb918257649d">
      <Execution id="2209f4a8-7d4f-4db3-bab2-5998a4c0264d" />
      <TestMethod codeBase="C:/Users/bhurtunt/Documents/Visual Studio 2010/Projects/OneRewardsCloudService/OneRewardsTestProject/bin/Release/OneRewardsTestProject.DLL" adapterTypeName="Microsoft.VisualStudio.TestTools.TestTypes.Unit.UnitTestAdapter, Microsoft.VisualStudio.QualityTools.Tips.UnitTest.Adapter, Version=10.0.0.0, Culture=neutral, PublicKeyToken=b03f5f7f11d50a3a" className="OneRewardsTestProject.IOneRewardsServiceTest, OneRewardsTestProject, Version=1.0.0.0, Culture=neutral, PublicKeyToken=null" name="getAllRewardsAccountTest" />
    </UnitTest>
    <UnitTest name="autenticatRegisteredTest" storage="c:\users\bhurtunt\documents\visual studio 2010\projects\onerewardscloudservice\onerewardstestproject\bin\release\onerewardstestproject.dll" id="5176054c-75c6-838b-4970-d3108d95b0c4">
      <Execution id="2239ef94-c33e-402a-81e7-3d5207cd4ead" />
      <TestMethod codeBase="C:/Users/bhurtunt/Documents/Visual Studio 2010/Projects/OneRewardsCloudService/OneRewardsTestProject/bin/Release/OneRewardsTestProject.DLL" adapterTypeName="Microsoft.VisualStudio.TestTools.TestTypes.Unit.UnitTestAdapter, Microsoft.VisualStudio.QualityTools.Tips.UnitTest.Adapter, Version=10.0.0.0, Culture=neutral, PublicKeyToken=b03f5f7f11d50a3a" className="OneRewardsTestProject.IOneRewardsServiceTest, OneRewardsTestProject, Version=1.0.0.0, Culture=neutral, PublicKeyToken=null" name="autenticatRegisteredTest" />
    </UnitTest>
    <UnitTest name="checkUserTest" storage="c:\users\bhurtunt\documents\visual studio 2010\projects\onerewardscloudservice\onerewardsmvc.tests\bin\release\onerewardsmvc.tests.dll" id="aa374df2-50fc-43d7-2eb6-9baf87f49e00">
      <Execution id="d3b79eee-2d0c-417f-a0e7-ed6aa003acb8" />
      <TestMethod codeBase="C:/Users/bhurtunt/Documents/Visual Studio 2010/Projects/OneRewardsCloudService/OneRewardsMvc.Tests/bin/Release/OneRewardsMvc.Tests.DLL" adapterTypeName="Microsoft.VisualStudio.TestTools.TestTypes.Unit.UnitTestAdapter, Microsoft.VisualStudio.QualityTools.Tips.UnitTest.Adapter, Version=10.0.0.0, Culture=neutral, PublicKeyToken=b03f5f7f11d50a3a" className="OneRewardsMvc.Tests.UtilitiesTest, OneRewardsMvc.Tests, Version=1.0.0.0, Culture=neutral, PublicKeyToken=null" name="checkUserTest" />
    </UnitTest>
    <UnitTest name="CompanyRewardsLinkTest" storage="c:\users\bhurtunt\documents\visual studio 2010\projects\onerewardscloudservice\onerewardsmvc.tests\bin\release\onerewardsmvc.tests.dll" id="f7d76670-4ea5-14d9-3740-a9f0c64dcb60">
      <Execution id="6a29ddc7-59c0-4395-90da-e1776b349307" />
      <TestMethod codeBase="C:/Users/bhurtunt/Documents/Visual Studio 2010/Projects/OneRewardsCloudService/OneRewardsMvc.Tests/bin/Release/OneRewardsMvc.Tests.DLL" adapterTypeName="Microsoft.VisualStudio.TestTools.TestTypes.Unit.UnitTestAdapter, Microsoft.VisualStudio.QualityTools.Tips.UnitTest.Adapter, Version=10.0.0.0, Culture=neutral, PublicKeyToken=b03f5f7f11d50a3a" className="OneRewardsMvc.Tests.CompanyTest, OneRewardsMvc.Tests, Version=1.0.0.0, Culture=neutral, PublicKeyToken=null" name="CompanyRewardsLinkTest" />
    </UnitTest>
    <UnitTest name="UserNameTest" storage="c:\users\bhurtunt\documents\visual studio 2010\projects\onerewardscloudservice\onerewardsmvc.tests\bin\release\onerewardsmvc.tests.dll" id="99af52ae-1cd6-7bc0-0a21-7a78e3f5546d">
      <Execution id="85901202-535a-48a0-9d37-1174d7b25ef7" />
      <TestMethod codeBase="C:/Users/bhurtunt/Documents/Visual Studio 2010/Projects/OneRewardsCloudService/OneRewardsMvc.Tests/bin/Release/OneRewardsMvc.Tests.DLL" adapterTypeName="Microsoft.VisualStudio.TestTools.TestTypes.Unit.UnitTestAdapter, Microsoft.VisualStudio.QualityTools.Tips.UnitTest.Adapter, Version=10.0.0.0, Culture=neutral, PublicKeyToken=b03f5f7f11d50a3a" className="OneRewardsMvc.Tests.RegisterModelTest, OneRewardsMvc.Tests, Version=1.0.0.0, Culture=neutral, PublicKeyToken=null" name="UserNameTest" />
    </UnitTest>
    <UnitTest name="removeRewardsAccountTest1" storage="c:\users\bhurtunt\documents\visual studio 2010\projects\onerewardscloudservice\onerewardstestproject\bin\release\onerewardstestproject.dll" id="03723c9d-78b0-9a97-d39b-ea9adc0b5032">
      <Execution id="1a4e600f-3863-480a-add6-2af1cf9722ac" />
      <TestMethod codeBase="C:/Users/bhurtunt/Documents/Visual Studio 2010/Projects/OneRewardsCloudService/OneRewardsTestProject/bin/Release/OneRewardsTestProject.DLL" adapterTypeName="Microsoft.VisualStudio.TestTools.TestTypes.Unit.UnitTestAdapter, Microsoft.VisualStudio.QualityTools.Tips.UnitTest.Adapter, Version=10.0.0.0, Culture=neutral, PublicKeyToken=b03f5f7f11d50a3a" className="OneRewardsTestProject.IOneRewardsServiceTest, OneRewardsTestProject, Version=1.0.0.0, Culture=neutral, PublicKeyToken=null" name="removeRewardsAccountTest1" />
    </UnitTest>
    <UnitTest name="addRewardsAccountTest" storage="c:\users\bhurtunt\documents\visual studio 2010\projects\onerewardscloudservice\onerewardstestproject\bin\release\onerewardstestproject.dll" id="ec07ab5b-4fa9-bdff-0466-b2f2dd14af3d">
      <Execution id="58d36ddb-5c44-472a-85a0-ea12d86d9aab" />
      <TestMethod codeBase="C:/Users/bhurtunt/Documents/Visual Studio 2010/Projects/OneRewardsCloudService/OneRewardsTestProject/bin/Release/OneRewardsTestProject.DLL" adapterTypeName="Microsoft.VisualStudio.TestTools.TestTypes.Unit.UnitTestAdapter, Microsoft.VisualStudio.QualityTools.Tips.UnitTest.Adapter, Version=10.0.0.0, Culture=neutral, PublicKeyToken=b03f5f7f11d50a3a" className="OneRewardsTestProject.IOneRewardsServiceTest, OneRewardsTestProject, Version=1.0.0.0, Culture=neutral, PublicKeyToken=null" name="addRewardsAccountTest" />
    </UnitTest>
    <UnitTest name="OldPasswordTest" storage="c:\users\bhurtunt\documents\visual studio 2010\projects\onerewardscloudservice\onerewardsmvc.tests\bin\release\onerewardsmvc.tests.dll" id="ed20047a-3110-0877-3507-be97b1a3c1c4">
      <Execution id="93165ce2-0d69-418b-8a9e-648f496222af" />
      <TestMethod codeBase="C:/Users/bhurtunt/Documents/Visual Studio 2010/Projects/OneRewardsCloudService/OneRewardsMvc.Tests/bin/Release/OneRewardsMvc.Tests.DLL" adapterTypeName="Microsoft.VisualStudio.TestTools.TestTypes.Unit.UnitTestAdapter, Microsoft.VisualStudio.QualityTools.Tips.UnitTest.Adapter, Version=10.0.0.0, Culture=neutral, PublicKeyToken=b03f5f7f11d50a3a" className="OneRewardsMvc.Tests.ChangePasswordModelTest, OneRewardsMvc.Tests, Version=1.0.0.0, Culture=neutral, PublicKeyToken=null" name="OldPasswordTest" />
    </UnitTest>
  </TestDefinitions>
  <TestLists>
    <TestList name="Results Not in a List" id="8c84fa94-04c1-424b-9868-57a2d4851a1d" />
    <TestList name="All Loaded Results" id="19431567-8539-422a-85d7-44ee4e166bda" />
  </TestLists>
  <TestEntries>
    <TestEntry testId="048c21fc-22db-258a-b14e-0727745eb56f" executionId="730ef6ae-d385-4276-80ef-e04502324ad0" testListId="8c84fa94-04c1-424b-9868-57a2d4851a1d" />
    <TestEntry testId="1cc26711-067d-90ed-698f-eafeaf6ffdce" executionId="e7598ab6-a3b1-49ce-833a-f0a7e221ed9a" testListId="8c84fa94-04c1-424b-9868-57a2d4851a1d" />
    <TestEntry testId="21be142e-5370-ae21-e2dc-be63484b5918" executionId="e2198105-5b52-4df8-b609-d9ec2d0293db" testListId="8c84fa94-04c1-424b-9868-57a2d4851a1d" />
    <TestEntry testId="43d82bd3-0aa5-484b-e322-8b19b19a32b8" executionId="b4f02be3-a662-44f5-b304-eff13a085ad1" testListId="8c84fa94-04c1-424b-9868-57a2d4851a1d" />
    <TestEntry testId="69bf6a1f-1ea6-38b5-18dc-1a6d0ce22411" executionId="19f36f8c-8f53-42cf-b8a1-02946539e1ac" testListId="8c84fa94-04c1-424b-9868-57a2d4851a1d" />
    <TestEntry testId="00be0e1b-b601-c776-f2f0-30741904f1b1" executionId="61ecc23d-3b72-4207-a89a-2502defaafc1" testListId="8c84fa94-04c1-424b-9868-57a2d4851a1d" />
    <TestEntry testId="1693e4db-f862-1c48-6c21-acdbd7afc342" executionId="0633b3ae-3719-45e3-a21e-76f5b6afd353" testListId="8c84fa94-04c1-424b-9868-57a2d4851a1d" />
    <TestEntry testId="7256a3be-dfa5-ba8a-8c9c-abdc43dfa189" executionId="d4d59ca5-6ec4-4ced-b8f5-38217adea1de" testListId="8c84fa94-04c1-424b-9868-57a2d4851a1d" />
    <TestEntry testId="9393a8b0-c66a-8c79-0e50-8db802539041" executionId="d0ce2877-f59e-4bb2-b16a-90e009e8d5a4" testListId="8c84fa94-04c1-424b-9868-57a2d4851a1d" />
    <TestEntry testId="2fbb13fc-94a9-6e99-97ca-45b994685fe9" executionId="4fbdf41c-0ae3-47cd-9cc0-61929a68256a" testListId="8c84fa94-04c1-424b-9868-57a2d4851a1d" />
    <TestEntry testId="0500de23-aeeb-f6c6-c692-6fab2def3d9a" executionId="7a50d30f-ffc7-4e2f-a22f-a9ed48174439" testListId="8c84fa94-04c1-424b-9868-57a2d4851a1d" />
    <TestEntry testId="03723c9d-78b0-9a97-d39b-ea9adc0b5032" executionId="1a4e600f-3863-480a-add6-2af1cf9722ac" testListId="8c84fa94-04c1-424b-9868-57a2d4851a1d" />
    <TestEntry testId="e83d5e76-81cb-7aa5-6350-533ceff0a688" executionId="f490ab1f-ab64-465f-91e8-0bd651ae95dc" testListId="8c84fa94-04c1-424b-9868-57a2d4851a1d" />
    <TestEntry testId="ae35e2ee-ae2d-f18d-8b83-76e8db8078e6" executionId="dc041a42-e2e6-4cb1-8fd4-adf741e75424" testListId="8c84fa94-04c1-424b-9868-57a2d4851a1d" />
    <TestEntry testId="19c3c3f8-0de5-98b3-b920-2aa3a45b3c3a" executionId="fcbbe5fd-a957-4abc-ba5d-78162124213b" testListId="8c84fa94-04c1-424b-9868-57a2d4851a1d" />
    <TestEntry testId="cb123c34-53d6-8589-a530-6019f5c69297" executionId="83dfd9e2-450b-42dd-868b-5480594b3a0f" testListId="8c84fa94-04c1-424b-9868-57a2d4851a1d" />
    <TestEntry testId="6d0c9798-42d3-4120-fbc0-fe8daffcbb33" executionId="29bb0279-7777-45c9-82f8-b0484bebae1c" testListId="8c84fa94-04c1-424b-9868-57a2d4851a1d" />
    <TestEntry testId="74a55861-f0ce-65d1-fdbe-91c8dd52c914" executionId="afdac714-fa48-450a-87dd-bc64554cef1b" testListId="8c84fa94-04c1-424b-9868-57a2d4851a1d" />
    <TestEntry testId="aa374df2-50fc-43d7-2eb6-9baf87f49e00" executionId="d3b79eee-2d0c-417f-a0e7-ed6aa003acb8" testListId="8c84fa94-04c1-424b-9868-57a2d4851a1d" />
    <TestEntry testId="1d26647c-42ba-c0b9-2ee7-5450efeecfd9" executionId="3e7a0356-1cc5-4ec6-8847-d2f04312bb66" testListId="8c84fa94-04c1-424b-9868-57a2d4851a1d" />
    <TestEntry testId="6e4dde9a-dbbb-b9f4-e481-f97b930e2a0a" executionId="ad4a7a74-ecbc-449f-b3a4-7d0f92b1fa4c" testListId="8c84fa94-04c1-424b-9868-57a2d4851a1d" />
    <TestEntry testId="77a4f4e8-b860-8022-afa0-04f704a7d75b" executionId="6a6065d4-4930-4c69-9799-fc36ff65dfc8" testListId="8c84fa94-04c1-424b-9868-57a2d4851a1d" />
    <TestEntry testId="70a63c12-bf69-ec6d-2e0b-2b37b30e7f99" executionId="4ec9f4c9-28bf-43bc-85d3-fce0b3854256" testListId="8c84fa94-04c1-424b-9868-57a2d4851a1d" />
    <TestEntry testId="dfed860a-a785-21dc-6a75-52bf42003c70" executionId="173357c7-06c0-43c7-806e-05fa1f02861a" testListId="8c84fa94-04c1-424b-9868-57a2d4851a1d" />
    <TestEntry testId="bd3310f4-b4bd-3ae6-6615-9138f25eecfe" executionId="6200e7da-c403-41a9-8e6f-da4c71dbdc2b" testListId="8c84fa94-04c1-424b-9868-57a2d4851a1d" />
    <TestEntry testId="46346720-47cc-a1a5-62c4-07a919cfeca1" executionId="5fcc61bb-c058-4bdb-abcc-9ddb47bde479" testListId="8c84fa94-04c1-424b-9868-57a2d4851a1d" />
    <TestEntry testId="f75630da-5c1f-a916-4e6a-f746a6a75e69" executionId="fd4137e1-e28c-4fbb-9407-ceb98f5c4041" testListId="8c84fa94-04c1-424b-9868-57a2d4851a1d" />
    <TestEntry testId="11fe0478-6fbe-efe8-a7c0-eff58555c624" executionId="71dd83a5-9553-4920-8b48-5029683f4c02" testListId="8c84fa94-04c1-424b-9868-57a2d4851a1d" />
    <TestEntry testId="e51a2420-e972-e32d-c397-59bc0fd814dc" executionId="b1f9d73e-1833-409d-8069-4d234d6b657b" testListId="8c84fa94-04c1-424b-9868-57a2d4851a1d" />
    <TestEntry testId="78b00d71-1a05-ac7a-2671-0133262f0f63" executionId="a5da417e-8d38-4712-a363-2f8d44c0896b" testListId="8c84fa94-04c1-424b-9868-57a2d4851a1d" />
    <TestEntry testId="8141c866-f817-7fc4-cbec-b68e4ba3e60d" executionId="e6b1b021-e082-4342-bc5b-c670018678e6" testListId="8c84fa94-04c1-424b-9868-57a2d4851a1d" />
    <TestEntry testId="2da4bebc-3c59-5ad6-f979-253de0819eef" executionId="c9945cad-6d84-4ccb-8d04-08540f438bf1" testListId="8c84fa94-04c1-424b-9868-57a2d4851a1d" />
    <TestEntry testId="5c4a3b81-d2e9-390e-4d47-debd5f30f955" executionId="958d3437-f798-4ba3-8a46-ed7d9842565f" testListId="8c84fa94-04c1-424b-9868-57a2d4851a1d" />
    <TestEntry testId="9ece2e17-897e-6388-d7d8-b0118f0c769a" executionId="2b2f3e9e-d363-4d0d-bcee-871b5bbab9f7" testListId="8c84fa94-04c1-424b-9868-57a2d4851a1d" />
    <TestEntry testId="5176054c-75c6-838b-4970-d3108d95b0c4" executionId="2239ef94-c33e-402a-81e7-3d5207cd4ead" testListId="8c84fa94-04c1-424b-9868-57a2d4851a1d" />
    <TestEntry testId="99af52ae-1cd6-7bc0-0a21-7a78e3f5546d" executionId="85901202-535a-48a0-9d37-1174d7b25ef7" testListId="8c84fa94-04c1-424b-9868-57a2d4851a1d" />
    <TestEntry testId="ec07ab5b-4fa9-bdff-0466-b2f2dd14af3d" executionId="58d36ddb-5c44-472a-85a0-ea12d86d9aab" testListId="8c84fa94-04c1-424b-9868-57a2d4851a1d" />
    <TestEntry testId="51975c1c-4e33-f71d-0de2-af5df9be6738" executionId="9eb05f86-629c-4fc7-a633-1dcb94fb67c3" testListId="8c84fa94-04c1-424b-9868-57a2d4851a1d" />
    <TestEntry testId="376d4788-8860-6174-3388-983e231b8249" executionId="c1c427f5-86cf-48c8-a083-67e4613b33a5" testListId="8c84fa94-04c1-424b-9868-57a2d4851a1d" />
    <TestEntry testId="d7a44c14-47b8-0ca6-fe55-fc4a88d8a203" executionId="aff64f21-386e-4161-8f44-0612ab53d31e" testListId="8c84fa94-04c1-424b-9868-57a2d4851a1d" />
    <TestEntry testId="bb8a6b75-14c9-d8c2-3ecb-8348bdaa6920" executionId="714f91a3-c3cf-47c7-948e-a972696e21fa" testListId="8c84fa94-04c1-424b-9868-57a2d4851a1d" />
    <TestEntry testId="9c5e27fe-0639-188a-d23c-50381212400b" executionId="3a9f121f-9d9c-4019-8eeb-36a837591973" testListId="8c84fa94-04c1-424b-9868-57a2d4851a1d" />
    <TestEntry testId="e82191a5-2f62-4d54-fa6f-90c6e1d348a4" executionId="a0014f32-3c80-41cb-96b6-e13f8532a4f8" testListId="8c84fa94-04c1-424b-9868-57a2d4851a1d" />
    <TestEntry testId="bfa3d854-20e9-afaf-6a5b-84d340d16475" executionId="b9861b06-0829-4dc0-8338-2fc38dab2a1b" testListId="8c84fa94-04c1-424b-9868-57a2d4851a1d" />
    <TestEntry testId="bd178d7f-5b38-e3e2-4e89-bcc5bc5dd2bc" executionId="ea841c9b-158d-4cfd-a75a-d7d3f0becaaa" testListId="8c84fa94-04c1-424b-9868-57a2d4851a1d" />
    <TestEntry testId="16a1e043-b2e2-a94b-4b08-b68a099fd758" executionId="80bca97d-cd2f-41c2-8af3-0e1710ed4348" testListId="8c84fa94-04c1-424b-9868-57a2d4851a1d" />
    <TestEntry testId="f7d76670-4ea5-14d9-3740-a9f0c64dcb60" executionId="6a29ddc7-59c0-4395-90da-e1776b349307" testListId="8c84fa94-04c1-424b-9868-57a2d4851a1d" />
    <TestEntry testId="2c4292c6-e7b9-e2bc-bc8b-0a8e348093c5" executionId="934d7b7f-ebcf-466c-8db8-60382020f8dd" testListId="8c84fa94-04c1-424b-9868-57a2d4851a1d" />
    <TestEntry testId="63d0853f-8615-5260-30bf-6de8d2e4f284" executionId="287780b1-61ef-43c3-abf7-7837c1215a4f" testListId="8c84fa94-04c1-424b-9868-57a2d4851a1d" />
    <TestEntry testId="2cc9ea1a-a266-d60f-a5ef-ca71eb8d2701" executionId="18e5ebad-fcda-4610-8a3a-e9c39e2e52dd" testListId="8c84fa94-04c1-424b-9868-57a2d4851a1d" />
    <TestEntry testId="48762070-4a75-7928-4c52-f763f6fa0806" executionId="28fd81cb-24d6-4651-a649-4237ac0de19f" testListId="8c84fa94-04c1-424b-9868-57a2d4851a1d" />
    <TestEntry testId="569db36b-aaf6-0347-4a22-0da6b66abb9d" executionId="ad55c79b-9a20-4a85-b2ca-37e056c17575" testListId="8c84fa94-04c1-424b-9868-57a2d4851a1d" />
    <TestEntry testId="7bccd21c-8788-8f6b-24d4-252f03c32562" executionId="7f5bd8ba-41ec-4f8c-b5ba-342cc42c0cc9" testListId="8c84fa94-04c1-424b-9868-57a2d4851a1d" />
    <TestEntry testId="7036f143-371c-6f5c-0405-5641f0559823" executionId="21dde58d-2f44-4581-9645-1207324f3d43" testListId="8c84fa94-04c1-424b-9868-57a2d4851a1d" />
    <TestEntry testId="429d7597-ec02-7233-723e-1f5db3d511c3" executionId="b3480d52-1581-4160-b3a5-1f3af0e3e97b" testListId="8c84fa94-04c1-424b-9868-57a2d4851a1d" />
    <TestEntry testId="5d366f05-d5ed-f6a1-c3f5-0946714cc580" executionId="cb67ab9d-c8f0-4d17-864b-a40ae42a62be" testListId="8c84fa94-04c1-424b-9868-57a2d4851a1d" />
    <TestEntry testId="ed20047a-3110-0877-3507-be97b1a3c1c4" executionId="93165ce2-0d69-418b-8a9e-648f496222af" testListId="8c84fa94-04c1-424b-9868-57a2d4851a1d" />
    <TestEntry testId="0a370041-7040-2e13-5863-bac5253f5ac5" executionId="c642a175-2bb7-4238-897f-b2072b05b341" testListId="8c84fa94-04c1-424b-9868-57a2d4851a1d" />
    <TestEntry testId="c3470532-85b6-cfc4-e394-8ff591a2d3f9" executionId="27ad49a1-ec52-4492-9deb-452746c10fb8" testListId="8c84fa94-04c1-424b-9868-57a2d4851a1d" />
    <TestEntry testId="598a27e1-d830-9fbb-0960-89499962ae78" executionId="107afacd-509c-4124-bb1a-95baaf465173" testListId="8c84fa94-04c1-424b-9868-57a2d4851a1d" />
    <TestEntry testId="713d46ab-6981-fbf5-ac44-81204a8a219e" executionId="0e2f7b47-7517-433a-a0db-b063c1537472" testListId="8c84fa94-04c1-424b-9868-57a2d4851a1d" />
    <TestEntry testId="145fdb5f-e5e9-756f-1a85-85923f93c7a4" executionId="aff02fc8-912e-4e24-a37e-8cbbe0992e29" testListId="8c84fa94-04c1-424b-9868-57a2d4851a1d" />
    <TestEntry testId="5d19af3b-a1f7-93d9-f491-f55c1806498c" executionId="69aee8de-8a5f-4761-b691-90493161b7b1" testListId="8c84fa94-04c1-424b-9868-57a2d4851a1d" />
    <TestEntry testId="f9952bbc-fdc3-e8c2-a850-eb918257649d" executionId="2209f4a8-7d4f-4db3-bab2-5998a4c0264d" testListId="8c84fa94-04c1-424b-9868-57a2d4851a1d" />
    <TestEntry testId="3123d3c1-b807-14df-258c-4bcb70729054" executionId="a48de33e-0873-41a2-9718-3c8768b4a6ee" testListId="8c84fa94-04c1-424b-9868-57a2d4851a1d" />
    <TestEntry testId="45ccdcf3-4686-de7a-54f8-2bf19bffaf16" executionId="a9b5b9fc-9522-4a18-9fed-9da83dd5056c" testListId="8c84fa94-04c1-424b-9868-57a2d4851a1d" />
    <TestEntry testId="17bdc49d-92ff-5313-d946-c26cad936b82" executionId="f58e7e67-1786-4e19-973e-b7df0c3f031f" testListId="8c84fa94-04c1-424b-9868-57a2d4851a1d" />
    <TestEntry testId="37d24a8f-6816-1971-ad17-a13c8dbb2c2f" executionId="ce5b9d5b-bc85-4331-b7f3-4598d6dbc8ba" testListId="8c84fa94-04c1-424b-9868-57a2d4851a1d" />
    <TestEntry testId="cc0be8b2-6b98-51d5-aa58-deb93b8dda05" executionId="01abb90e-be2c-4c72-abde-d21d2c3930e2" testListId="8c84fa94-04c1-424b-9868-57a2d4851a1d" />
    <TestEntry testId="f54be62e-b6ef-0fd9-a706-6249527c3013" executionId="fd62a268-f55b-4965-91d2-156c6256645f" testListId="8c84fa94-04c1-424b-9868-57a2d4851a1d" />
    <TestEntry testId="29ea4fd2-7950-bb6f-6670-81b029ce6dc7" executionId="6636db27-599b-4f01-b48a-2c9741b17f79" testListId="8c84fa94-04c1-424b-9868-57a2d4851a1d" />
    <TestEntry testId="47c84612-e9a7-0037-f786-2df27ea2d7d5" executionId="87c8303e-3646-41d4-bce2-b3b903f3def4" testListId="8c84fa94-04c1-424b-9868-57a2d4851a1d" />
    <TestEntry testId="77d7d89d-1e6e-7b7f-2b0f-a16d7a49ede6" executionId="7be842de-748a-4a13-8457-e0c038777097" testListId="8c84fa94-04c1-424b-9868-57a2d4851a1d" />
  </TestEntries>
  <Results>
    <UnitTestResult executionId="730ef6ae-d385-4276-80ef-e04502324ad0" testId="048c21fc-22db-258a-b14e-0727745eb56f" testName="CompanyControllerConstructorTest" computerName="QIQSTANB222" duration="00:00:00.0975473" startTime="2012-11-17T19:44:07.5386234+00:00" endTime="2012-11-17T19:44:07.9026442+00:00" testType="13cdc9d9-ddb5-4fa4-a97d-d965ccfc6d4b" outcome="Passed" testListId="8c84fa94-04c1-424b-9868-57a2d4851a1d" relativeResultsDirectory="730ef6ae-d385-4276-80ef-e04502324ad0">
    </UnitTestResult>
    <UnitTestResult executionId="e7598ab6-a3b1-49ce-833a-f0a7e221ed9a" testId="1cc26711-067d-90ed-698f-eafeaf6ffdce" testName="getAPointsTest" computerName="QIQSTANB222" duration="00:00:00.4497161" startTime="2012-11-17T19:44:07.9096446+00:00" endTime="2012-11-17T19:44:08.6296858+00:00" testType="13cdc9d9-ddb5-4fa4-a97d-d965ccfc6d4b" outcome="Passed" testListId="8c84fa94-04c1-424b-9868-57a2d4851a1d" relativeResultsDirectory="e7598ab6-a3b1-49ce-833a-f0a7e221ed9a">
    </UnitTestResult>
    <UnitTestResult executionId="e2198105-5b52-4df8-b609-d9ec2d0293db" testId="21be142e-5370-ae21-e2dc-be63484b5918" testName="randomNumberTest" computerName="QIQSTANB222" duration="00:00:00.0008513" startTime="2012-11-17T19:44:08.6356861+00:00" endTime="2012-11-17T19:44:08.6396864+00:00" testType="13cdc9d9-ddb5-4fa4-a97d-d965ccfc6d4b" outcome="Passed" testListId="8c84fa94-04c1-424b-9868-57a2d4851a1d" relativeResultsDirectory="e2198105-5b52-4df8-b609-d9ec2d0293db">
    </UnitTestResult>
    <UnitTestResult executionId="b4f02be3-a662-44f5-b304-eff13a085ad1" testId="43d82bd3-0aa5-484b-e322-8b19b19a32b8" testName="NewPasswordTest" computerName="QIQSTANB222" duration="00:00:00.0003746" startTime="2012-11-17T19:44:08.6456867+00:00" endTime="2012-11-17T19:44:08.6486869+00:00" testType="13cdc9d9-ddb5-4fa4-a97d-d965ccfc6d4b" outcome="Passed" testListId="8c84fa94-04c1-424b-9868-57a2d4851a1d" relativeResultsDirectory="b4f02be3-a662-44f5-b304-eff13a085ad1">
    </UnitTestResult>
    <UnitTestResult executionId="19f36f8c-8f53-42cf-b8a1-02946539e1ac" testId="69bf6a1f-1ea6-38b5-18dc-1a6d0ce22411" testName="CompanyLogoTest" computerName="QIQSTANB222" duration="00:00:00.0002835" startTime="2012-11-17T19:44:08.6536872+00:00" endTime="2012-11-17T19:44:08.6576874+00:00" testType="13cdc9d9-ddb5-4fa4-a97d-d965ccfc6d4b" outcome="Passed" testListId="8c84fa94-04c1-424b-9868-57a2d4851a1d" relativeResultsDirectory="19f36f8c-8f53-42cf-b8a1-02946539e1ac">
    </UnitTestResult>
    <UnitTestResult executionId="61ecc23d-3b72-4207-a89a-2502defaafc1" testId="00be0e1b-b601-c776-f2f0-30741904f1b1" testName="PasswordTest" computerName="QIQSTANB222" duration="00:00:00.0003304" startTime="2012-11-17T19:44:08.6626877+00:00" endTime="2012-11-17T19:44:08.6656878+00:00" testType="13cdc9d9-ddb5-4fa4-a97d-d965ccfc6d4b" outcome="Passed" testListId="8c84fa94-04c1-424b-9868-57a2d4851a1d" relativeResultsDirectory="61ecc23d-3b72-4207-a89a-2502defaafc1">
    </UnitTestResult>
    <UnitTestResult executionId="0633b3ae-3719-45e3-a21e-76f5b6afd353" testId="1693e4db-f862-1c48-6c21-acdbd7afc342" testName="removeRewardsAccountTest" computerName="QIQSTANB222" duration="00:00:00.2413656" startTime="2012-11-17T19:44:08.6716882+00:00" endTime="2012-11-17T19:44:08.9157021+00:00" testType="13cdc9d9-ddb5-4fa4-a97d-d965ccfc6d4b" outcome="Passed" testListId="8c84fa94-04c1-424b-9868-57a2d4851a1d" relativeResultsDirectory="0633b3ae-3719-45e3-a21e-76f5b6afd353">
    </UnitTestResult>
    <UnitTestResult executionId="d4d59ca5-6ec4-4ced-b8f5-38217adea1de" testId="7256a3be-dfa5-ba8a-8c9c-abdc43dfa189" testName="ChangePasswordTest" computerName="QIQSTANB222" duration="00:00:00.0007583" startTime="2012-11-17T19:44:08.9227026+00:00" endTime="2012-11-17T19:44:08.9257027+00:00" testType="13cdc9d9-ddb5-4fa4-a97d-d965ccfc6d4b" outcome="Passed" testListId="8c84fa94-04c1-424b-9868-57a2d4851a1d" relativeResultsDirectory="d4d59ca5-6ec4-4ced-b8f5-38217adea1de">
    </UnitTestResult>
    <UnitTestResult executionId="d0ce2877-f59e-4bb2-b16a-90e009e8d5a4" testId="9393a8b0-c66a-8c79-0e50-8db802539041" testName="Index" computerName="QIQSTANB222" duration="00:00:00.0149360" startTime="2012-11-17T19:44:08.9317031+00:00" endTime="2012-11-17T19:44:08.9497041+00:00" testType="13cdc9d9-ddb5-4fa4-a97d-d965ccfc6d4b" outcome="Passed" testListId="8c84fa94-04c1-424b-9868-57a2d4851a1d" relativeResultsDirectory="d0ce2877-f59e-4bb2-b16a-90e009e8d5a4">
    </UnitTestResult>
    <UnitTestResult executionId="4fbdf41c-0ae3-47cd-9cc0-61929a68256a" testId="2fbb13fc-94a9-6e99-97ca-45b994685fe9" testName="AccountControllerConstructorTest" computerName="QIQSTANB222" duration="00:00:00.0003053" startTime="2012-11-17T19:44:08.9557044+00:00" endTime="2012-11-17T19:44:08.9587046+00:00" testType="13cdc9d9-ddb5-4fa4-a97d-d965ccfc6d4b" outcome="Passed" testListId="8c84fa94-04c1-424b-9868-57a2d4851a1d" relativeResultsDirectory="4fbdf41c-0ae3-47cd-9cc0-61929a68256a">
    </UnitTestResult>
    <UnitTestResult executionId="7a50d30f-ffc7-4e2f-a22f-a9ed48174439" testId="0500de23-aeeb-f6c6-c692-6fab2def3d9a" testName="ConfirmPasswordTest" computerName="QIQSTANB222" duration="00:00:00.0002437" startTime="2012-11-17T19:44:08.9647050+00:00" endTime="2012-11-17T19:44:08.9677051+00:00" testType="13cdc9d9-ddb5-4fa4-a97d-d965ccfc6d4b" outcome="Passed" testListId="8c84fa94-04c1-424b-9868-57a2d4851a1d" relativeResultsDirectory="7a50d30f-ffc7-4e2f-a22f-a9ed48174439">
    </UnitTestResult>
    <UnitTestResult executionId="1a4e600f-3863-480a-add6-2af1cf9722ac" testId="03723c9d-78b0-9a97-d39b-ea9adc0b5032" testName="removeRewardsAccountTest1" computerName="QIQSTANB222" duration="00:00:00.0360548" startTime="2012-11-17T19:44:08.9737055+00:00" endTime="2012-11-17T19:44:09.0127077+00:00" testType="13cdc9d9-ddb5-4fa4-a97d-d965ccfc6d4b" outcome="Passed" testListId="8c84fa94-04c1-424b-9868-57a2d4851a1d" relativeResultsDirectory="1a4e600f-3863-480a-add6-2af1cf9722ac">
    </UnitTestResult>
    <UnitTestResult executionId="f490ab1f-ab64-465f-91e8-0bd651ae95dc" testId="e83d5e76-81cb-7aa5-6350-533ceff0a688" testName="ChangePasswordTest1" computerName="QIQSTANB222" duration="00:00:00.0035311" startTime="2012-11-17T19:44:09.0257084+00:00" endTime="2012-11-17T19:44:09.0347090+00:00" testType="13cdc9d9-ddb5-4fa4-a97d-d965ccfc6d4b" outcome="Passed" testListId="8c84fa94-04c1-424b-9868-57a2d4851a1d" relativeResultsDirectory="f490ab1f-ab64-465f-91e8-0bd651ae95dc">
    </UnitTestResult>
    <UnitTestResult executionId="dc041a42-e2e6-4cb1-8fd4-adf741e75424" testId="ae35e2ee-ae2d-f18d-8b83-76e8db8078e6" testName="RegisterModelConstructorTest" computerName="QIQSTANB222" duration="00:00:00.0002559" startTime="2012-11-17T19:44:09.0447095+00:00" endTime="2012-11-17T19:44:09.0497098+00:00" testType="13cdc9d9-ddb5-4fa4-a97d-d965ccfc6d4b" outcome="Passed" testListId="8c84fa94-04c1-424b-9868-57a2d4851a1d" relativeResultsDirectory="dc041a42-e2e6-4cb1-8fd4-adf741e75424">
    </UnitTestResult>
    <UnitTestResult executionId="fcbbe5fd-a957-4abc-ba5d-78162124213b" testId="19c3c3f8-0de5-98b3-b920-2aa3a45b3c3a" testName="getRewardsAccountTest" computerName="QIQSTANB222" duration="00:00:00.0403532" startTime="2012-11-17T19:44:09.0587103+00:00" endTime="2012-11-17T19:44:09.1047130+00:00" testType="13cdc9d9-ddb5-4fa4-a97d-d965ccfc6d4b" outcome="Passed" testListId="8c84fa94-04c1-424b-9868-57a2d4851a1d" relativeResultsDirectory="fcbbe5fd-a957-4abc-ba5d-78162124213b">
    </UnitTestResult>
    <UnitTestResult executionId="83dfd9e2-450b-42dd-868b-5480594b3a0f" testId="cb123c34-53d6-8589-a530-6019f5c69297" testName="ManageUserControllerConstructorTest" computerName="QIQSTANB222" duration="00:00:00.0013985" startTime="2012-11-17T19:44:09.1167136+00:00" endTime="2012-11-17T19:44:09.1247141+00:00" testType="13cdc9d9-ddb5-4fa4-a97d-d965ccfc6d4b" outcome="Passed" testListId="8c84fa94-04c1-424b-9868-57a2d4851a1d" relativeResultsDirectory="83dfd9e2-450b-42dd-868b-5480594b3a0f">
    </UnitTestResult>
    <UnitTestResult executionId="29bb0279-7777-45c9-82f8-b0484bebae1c" testId="6d0c9798-42d3-4120-fbc0-fe8daffcbb33" testName="RememberMeTest" computerName="QIQSTANB222" duration="00:00:00.0005555" startTime="2012-11-17T19:44:09.1347147+00:00" endTime="2012-11-17T19:44:09.1647164+00:00" testType="13cdc9d9-ddb5-4fa4-a97d-d965ccfc6d4b" outcome="Passed" testListId="8c84fa94-04c1-424b-9868-57a2d4851a1d" relativeResultsDirectory="29bb0279-7777-45c9-82f8-b0484bebae1c">
    </UnitTestResult>
    <UnitTestResult executionId="afdac714-fa48-450a-87dd-bc64554cef1b" testId="74a55861-f0ce-65d1-fdbe-91c8dd52c914" testName="getCompanyLogoIDTest" computerName="QIQSTANB222" duration="00:00:00.0204399" startTime="2012-11-17T19:44:09.1707167+00:00" endTime="2012-11-17T19:44:09.1947181+00:00" testType="13cdc9d9-ddb5-4fa4-a97d-d965ccfc6d4b" outcome="Passed" testListId="8c84fa94-04c1-424b-9868-57a2d4851a1d" relativeResultsDirectory="afdac714-fa48-450a-87dd-bc64554cef1b">
    </UnitTestResult>
    <UnitTestResult executionId="d3b79eee-2d0c-417f-a0e7-ed6aa003acb8" testId="aa374df2-50fc-43d7-2eb6-9baf87f49e00" testName="checkUserTest" computerName="QIQSTANB222" duration="00:00:00.0349481" startTime="2012-11-17T19:44:09.2017185+00:00" endTime="2012-11-17T19:44:09.2397207+00:00" testType="13cdc9d9-ddb5-4fa4-a97d-d965ccfc6d4b" outcome="Passed" testListId="8c84fa94-04c1-424b-9868-57a2d4851a1d" relativeResultsDirectory="d3b79eee-2d0c-417f-a0e7-ed6aa003acb8">
    </UnitTestResult>
    <UnitTestResult executionId="3e7a0356-1cc5-4ec6-8847-d2f04312bb66" testId="1d26647c-42ba-c0b9-2ee7-5450efeecfd9" testName="getAllRewardsAccountTest1" computerName="QIQSTANB222" duration="00:00:00.0765408" startTime="2012-11-17T19:44:09.2457210+00:00" endTime="2012-11-17T19:44:09.3257256+00:00" testType="13cdc9d9-ddb5-4fa4-a97d-d965ccfc6d4b" outcome="Passed" testListId="8c84fa94-04c1-424b-9868-57a2d4851a1d" relativeResultsDirectory="3e7a0356-1cc5-4ec6-8847-d2f04312bb66">
    </UnitTestResult>
    <UnitTestResult executionId="ad4a7a74-ecbc-449f-b3a4-7d0f92b1fa4c" testId="6e4dde9a-dbbb-b9f4-e481-f97b930e2a0a" testName="RewardAccountConstructorTest" computerName="QIQSTANB222" duration="00:00:00.0004811" startTime="2012-11-17T19:44:09.3377263+00:00" endTime="2012-11-17T19:44:09.3437266+00:00" testType="13cdc9d9-ddb5-4fa4-a97d-d965ccfc6d4b" outcome="Passed" testListId="8c84fa94-04c1-424b-9868-57a2d4851a1d" relativeResultsDirectory="ad4a7a74-ecbc-449f-b3a4-7d0f92b1fa4c">
    </UnitTestResult>
    <UnitTestResult executionId="6a6065d4-4930-4c69-9799-fc36ff65dfc8" testId="77a4f4e8-b860-8022-afa0-04f704a7d75b" testName="superUserTest" computerName="QIQSTANB222" duration="00:00:00.0007705" startTime="2012-11-17T19:44:09.3527271+00:00" endTime="2012-11-17T19:44:09.3577274+00:00" testType="13cdc9d9-ddb5-4fa4-a97d-d965ccfc6d4b" outcome="Passed" testListId="8c84fa94-04c1-424b-9868-57a2d4851a1d" relativeResultsDirectory="6a6065d4-4930-4c69-9799-fc36ff65dfc8">
    </UnitTestResult>
    <UnitTestResult executionId="4ec9f4c9-28bf-43bc-85d3-fce0b3854256" testId="70a63c12-bf69-ec6d-2e0b-2b37b30e7f99" testName="RegisterTest" computerName="QIQSTANB222" duration="00:00:00.0004105" startTime="2012-11-17T19:44:09.3657279+00:00" endTime="2012-11-17T19:44:09.3697281+00:00" testType="13cdc9d9-ddb5-4fa4-a97d-d965ccfc6d4b" outcome="Passed" testListId="8c84fa94-04c1-424b-9868-57a2d4851a1d" relativeResultsDirectory="4ec9f4c9-28bf-43bc-85d3-fce0b3854256">
    </UnitTestResult>
    <UnitTestResult executionId="173357c7-06c0-43c7-806e-05fa1f02861a" testId="dfed860a-a785-21dc-6a75-52bf42003c70" testName="RegisterTest1" computerName="QIQSTANB222" duration="00:00:00.0011830" startTime="2012-11-17T19:44:09.3757285+00:00" endTime="2012-11-17T19:44:09.3797287+00:00" testType="13cdc9d9-ddb5-4fa4-a97d-d965ccfc6d4b" outcome="Passed" testListId="8c84fa94-04c1-424b-9868-57a2d4851a1d" relativeResultsDirectory="173357c7-06c0-43c7-806e-05fa1f02861a">
    </UnitTestResult>
    <UnitTestResult executionId="6200e7da-c403-41a9-8e6f-da4c71dbdc2b" testId="bd3310f4-b4bd-3ae6-6615-9138f25eecfe" testName="CompanyTest" computerName="QIQSTANB222" duration="00:00:00.0002976" startTime="2012-11-17T19:44:09.3857290+00:00" endTime="2012-11-17T19:44:09.3887292+00:00" testType="13cdc9d9-ddb5-4fa4-a97d-d965ccfc6d4b" outcome="Passed" testListId="8c84fa94-04c1-424b-9868-57a2d4851a1d" relativeResultsDirectory="6200e7da-c403-41a9-8e6f-da4c71dbdc2b">
    </UnitTestResult>
    <UnitTestResult executionId="5fcc61bb-c058-4bdb-abcc-9ddb47bde479" testId="46346720-47cc-a1a5-62c4-07a919cfeca1" testName="OneRewardsInitializerConstructorTest" computerName="QIQSTANB222" duration="00:00:00.0003631" startTime="2012-11-17T19:44:09.3937295+00:00" endTime="2012-11-17T19:44:09.3967297+00:00" testType="13cdc9d9-ddb5-4fa4-a97d-d965ccfc6d4b" outcome="Passed" testListId="8c84fa94-04c1-424b-9868-57a2d4851a1d" relativeResultsDirectory="5fcc61bb-c058-4bdb-abcc-9ddb47bde479">
    </UnitTestResult>
    <UnitTestResult executionId="fd4137e1-e28c-4fbb-9407-ceb98f5c4041" testId="f75630da-5c1f-a916-4e6a-f746a6a75e69" testName="PointsTest" computerName="QIQSTANB222" duration="00:00:00.0002970" startTime="2012-11-17T19:44:09.4027300+00:00" endTime="2012-11-17T19:44:09.4057302+00:00" testType="13cdc9d9-ddb5-4fa4-a97d-d965ccfc6d4b" outcome="Passed" testListId="8c84fa94-04c1-424b-9868-57a2d4851a1d" relativeResultsDirectory="fd4137e1-e28c-4fbb-9407-ceb98f5c4041">
    </UnitTestResult>
    <UnitTestResult executionId="71dd83a5-9553-4920-8b48-5029683f4c02" testId="11fe0478-6fbe-efe8-a7c0-eff58555c624" testName="Contact" computerName="QIQSTANB222" duration="00:00:00.0032385" startTime="2012-11-17T19:44:09.4117305+00:00" endTime="2012-11-17T19:44:09.4177309+00:00" testType="13cdc9d9-ddb5-4fa4-a97d-d965ccfc6d4b" outcome="Passed" testListId="8c84fa94-04c1-424b-9868-57a2d4851a1d" relativeResultsDirectory="71dd83a5-9553-4920-8b48-5029683f4c02">
    </UnitTestResult>
    <UnitTestResult executionId="b1f9d73e-1833-409d-8069-4d234d6b657b" testId="e51a2420-e972-e32d-c397-59bc0fd814dc" testName="getCompanyNamesTest" computerName="QIQSTANB222" duration="00:00:00.0360817" startTime="2012-11-17T19:44:09.4237312+00:00" endTime="2012-11-17T19:44:09.4627334+00:00" testType="13cdc9d9-ddb5-4fa4-a97d-d965ccfc6d4b" outcome="Passed" testListId="8c84fa94-04c1-424b-9868-57a2d4851a1d" relativeResultsDirectory="b1f9d73e-1833-409d-8069-4d234d6b657b">
    </UnitTestResult>
    <UnitTestResult executionId="a5da417e-8d38-4712-a363-2f8d44c0896b" testId="78b00d71-1a05-ac7a-2671-0133262f0f63" testName="EmailTest" computerName="QIQSTANB222" duration="00:00:00.0005761" startTime="2012-11-17T19:44:09.4747341+00:00" endTime="2012-11-17T19:44:09.4817345+00:00" testType="13cdc9d9-ddb5-4fa4-a97d-d965ccfc6d4b" outcome="Passed" testListId="8c84fa94-04c1-424b-9868-57a2d4851a1d" relativeResultsDirectory="a5da417e-8d38-4712-a363-2f8d44c0896b">
    </UnitTestResult>
    <UnitTestResult executionId="e6b1b021-e082-4342-bc5b-c670018678e6" testId="8141c866-f817-7fc4-cbec-b68e4ba3e60d" testName="RewardAccountIDTest" computerName="QIQSTANB222" duration="00:00:00.0003188" startTime="2012-11-17T19:44:09.4917351+00:00" endTime="2012-11-17T19:44:09.4957353+00:00" testType="13cdc9d9-ddb5-4fa4-a97d-d965ccfc6d4b" outcome="Passed" testListId="8c84fa94-04c1-424b-9868-57a2d4851a1d" relativeResultsDirectory="e6b1b021-e082-4342-bc5b-c670018678e6">
    </UnitTestResult>
    <UnitTestResult executionId="c9945cad-6d84-4ccb-8d04-08540f438bf1" testId="2da4bebc-3c59-5ad6-f979-253de0819eef" testName="CompanyIDTest" computerName="QIQSTANB222" duration="00:00:00.0002418" startTime="2012-11-17T19:44:09.5027357+00:00" endTime="2012-11-17T19:44:09.5067360+00:00" testType="13cdc9d9-ddb5-4fa4-a97d-d965ccfc6d4b" outcome="Passed" testListId="8c84fa94-04c1-424b-9868-57a2d4851a1d" relativeResultsDirectory="c9945cad-6d84-4ccb-8d04-08540f438bf1">
    </UnitTestResult>
    <UnitTestResult executionId="958d3437-f798-4ba3-8a46-ed7d9842565f" testId="5c4a3b81-d2e9-390e-4d47-debd5f30f955" testName="UserNameTest" computerName="QIQSTANB222" duration="00:00:00.0002944" startTime="2012-11-17T19:44:09.5127363+00:00" endTime="2012-11-17T19:44:09.5167365+00:00" testType="13cdc9d9-ddb5-4fa4-a97d-d965ccfc6d4b" outcome="Passed" testListId="8c84fa94-04c1-424b-9868-57a2d4851a1d" relativeResultsDirectory="958d3437-f798-4ba3-8a46-ed7d9842565f">
    </UnitTestResult>
    <UnitTestResult executionId="2b2f3e9e-d363-4d0d-bcee-871b5bbab9f7" testId="9ece2e17-897e-6388-d7d8-b0118f0c769a" testName="TotalPointsTest" computerName="QIQSTANB222" duration="00:00:00.0003355" startTime="2012-11-17T19:44:09.5237369+00:00" endTime="2012-11-17T19:44:09.5277372+00:00" testType="13cdc9d9-ddb5-4fa4-a97d-d965ccfc6d4b" outcome="Passed" testListId="8c84fa94-04c1-424b-9868-57a2d4851a1d" relativeResultsDirectory="2b2f3e9e-d363-4d0d-bcee-871b5bbab9f7">
    </UnitTestResult>
    <UnitTestResult executionId="2239ef94-c33e-402a-81e7-3d5207cd4ead" testId="5176054c-75c6-838b-4970-d3108d95b0c4" testName="autenticatRegisteredTest" computerName="QIQSTANB222" duration="00:00:00.0212476" startTime="2012-11-17T19:44:09.5347376+00:00" endTime="2012-11-17T19:44:09.5587389+00:00" testType="13cdc9d9-ddb5-4fa4-a97d-d965ccfc6d4b" outcome="Passed" testListId="8c84fa94-04c1-424b-9868-57a2d4851a1d" relativeResultsDirectory="2239ef94-c33e-402a-81e7-3d5207cd4ead">
    </UnitTestResult>
    <UnitTestResult executionId="85901202-535a-48a0-9d37-1174d7b25ef7" testId="99af52ae-1cd6-7bc0-0a21-7a78e3f5546d" testName="UserNameTest" computerName="QIQSTANB222" duration="00:00:00.0002585" startTime="2012-11-17T19:44:09.5657393+00:00" endTime="2012-11-17T19:44:09.5687395+00:00" testType="13cdc9d9-ddb5-4fa4-a97d-d965ccfc6d4b" outcome="Passed" testListId="8c84fa94-04c1-424b-9868-57a2d4851a1d" relativeResultsDirectory="85901202-535a-48a0-9d37-1174d7b25ef7">
    </UnitTestResult>
    <UnitTestResult executionId="58d36ddb-5c44-472a-85a0-ea12d86d9aab" testId="ec07ab5b-4fa9-bdff-0466-b2f2dd14af3d" testName="addRewardsAccountTest" computerName="QIQSTANB222" duration="00:00:00.1130300" startTime="2012-11-17T19:44:09.5747398+00:00" endTime="2012-11-17T19:44:09.6917465+00:00" testType="13cdc9d9-ddb5-4fa4-a97d-d965ccfc6d4b" outcome="Passed" testListId="8c84fa94-04c1-424b-9868-57a2d4851a1d" relativeResultsDirectory="58d36ddb-5c44-472a-85a0-ea12d86d9aab">
    </UnitTestResult>
    <UnitTestResult executionId="9eb05f86-629c-4fc7-a633-1dcb94fb67c3" testId="51975c1c-4e33-f71d-0de2-af5df9be6738" testName="CompanyIDTest" computerName="QIQSTANB222" duration="00:00:00.0005273" startTime="2012-11-17T19:44:09.7047473+00:00" endTime="2012-11-17T19:44:09.7117477+00:00" testType="13cdc9d9-ddb5-4fa4-a97d-d965ccfc6d4b" outcome="Passed" testListId="8c84fa94-04c1-424b-9868-57a2d4851a1d" relativeResultsDirectory="9eb05f86-629c-4fc7-a633-1dcb94fb67c3">
    </UnitTestResult>
    <UnitTestResult executionId="c1c427f5-86cf-48c8-a083-67e4613b33a5" testId="376d4788-8860-6174-3388-983e231b8249" testName="CreateTest1" computerName="QIQSTANB222" duration="00:00:00.0015159" startTime="2012-11-17T19:44:09.7247484+00:00" endTime="2012-11-17T19:44:09.7307488+00:00" testType="13cdc9d9-ddb5-4fa4-a97d-d965ccfc6d4b" outcome="Passed" testListId="8c84fa94-04c1-424b-9868-57a2d4851a1d" relativeResultsDirectory="c1c427f5-86cf-48c8-a083-67e4613b33a5">
    </UnitTestResult>
    <UnitTestResult executionId="aff64f21-386e-4161-8f44-0612ab53d31e" testId="d7a44c14-47b8-0ca6-fe55-fc4a88d8a203" testName="CreateTest1" computerName="QIQSTANB222" duration="00:00:00.0004715" startTime="2012-11-17T19:44:09.7377492+00:00" endTime="2012-11-17T19:44:09.7417494+00:00" testType="13cdc9d9-ddb5-4fa4-a97d-d965ccfc6d4b" outcome="Passed" testListId="8c84fa94-04c1-424b-9868-57a2d4851a1d" relativeResultsDirectory="aff64f21-386e-4161-8f44-0612ab53d31e">
    </UnitTestResult>
    <UnitTestResult executionId="714f91a3-c3cf-47c7-948e-a972696e21fa" testId="bb8a6b75-14c9-d8c2-3ecb-8348bdaa6920" testName="getCompanyIDTest" computerName="QIQSTANB222" duration="00:00:00.0302808" startTime="2012-11-17T19:44:09.7477497+00:00" endTime="2012-11-17T19:44:09.7817517+00:00" testType="13cdc9d9-ddb5-4fa4-a97d-d965ccfc6d4b" outcome="Passed" testListId="8c84fa94-04c1-424b-9868-57a2d4851a1d" relativeResultsDirectory="714f91a3-c3cf-47c7-948e-a972696e21fa">
    </UnitTestResult>
    <UnitTestResult executionId="3a9f121f-9d9c-4019-8eeb-36a837591973" testId="9c5e27fe-0639-188a-d23c-50381212400b" testName="getCompanysTest" computerName="QIQSTANB222" duration="00:00:00.0409409" startTime="2012-11-17T19:44:09.7887521+00:00" endTime="2012-11-17T19:44:09.8327546+00:00" testType="13cdc9d9-ddb5-4fa4-a97d-d965ccfc6d4b" outcome="Passed" testListId="8c84fa94-04c1-424b-9868-57a2d4851a1d" relativeResultsDirectory="3a9f121f-9d9c-4019-8eeb-36a837591973">
    </UnitTestResult>
    <UnitTestResult executionId="a0014f32-3c80-41cb-96b6-e13f8532a4f8" testId="e82191a5-2f62-4d54-fa6f-90c6e1d348a4" testName="updatePointsTest" computerName="QIQSTANB222" duration="00:00:00.1074337" startTime="2012-11-17T19:44:09.8387549+00:00" endTime="2012-11-17T19:44:09.9497613+00:00" testType="13cdc9d9-ddb5-4fa4-a97d-d965ccfc6d4b" outcome="Passed" testListId="8c84fa94-04c1-424b-9868-57a2d4851a1d" relativeResultsDirectory="a0014f32-3c80-41cb-96b6-e13f8532a4f8">
    </UnitTestResult>
    <UnitTestResult executionId="b9861b06-0829-4dc0-8338-2fc38dab2a1b" testId="bfa3d854-20e9-afaf-6a5b-84d340d16475" testName="ConfirmPasswordTest" computerName="QIQSTANB222" duration="00:00:00.0004632" startTime="2012-11-17T19:44:09.9617620+00:00" endTime="2012-11-17T19:44:09.9697624+00:00" testType="13cdc9d9-ddb5-4fa4-a97d-d965ccfc6d4b" outcome="Passed" testListId="8c84fa94-04c1-424b-9868-57a2d4851a1d" relativeResultsDirectory="b9861b06-0829-4dc0-8338-2fc38dab2a1b">
    </UnitTestResult>
    <UnitTestResult executionId="ea841c9b-158d-4cfd-a75a-d7d3f0becaaa" testId="bd178d7f-5b38-e3e2-4e89-bcc5bc5dd2bc" testName="CompanyConstructorTest" computerName="QIQSTANB222" duration="00:00:00.0002777" startTime="2012-11-17T19:44:09.9797630+00:00" endTime="2012-11-17T19:44:09.9847633+00:00" testType="13cdc9d9-ddb5-4fa4-a97d-d965ccfc6d4b" outcome="Passed" testListId="8c84fa94-04c1-424b-9868-57a2d4851a1d" relativeResultsDirectory="ea841c9b-158d-4cfd-a75a-d7d3f0becaaa">
    </UnitTestResult>
    <UnitTestResult executionId="80bca97d-cd2f-41c2-8af3-0e1710ed4348" testId="16a1e043-b2e2-a94b-4b08-b68a099fd758" testName="LoginModelConstructorTest" computerName="QIQSTANB222" duration="00:00:00.0001353" startTime="2012-11-17T19:44:09.9947639+00:00" endTime="2012-11-17T19:44:09.9987641+00:00" testType="13cdc9d9-ddb5-4fa4-a97d-d965ccfc6d4b" outcome="Passed" testListId="8c84fa94-04c1-424b-9868-57a2d4851a1d" relativeResultsDirectory="80bca97d-cd2f-41c2-8af3-0e1710ed4348">
    </UnitTestResult>
    <UnitTestResult executionId="6a29ddc7-59c0-4395-90da-e1776b349307" testId="f7d76670-4ea5-14d9-3740-a9f0c64dcb60" testName="CompanyRewardsLinkTest" computerName="QIQSTANB222" duration="00:00:00.0002065" startTime="2012-11-17T19:44:10.0047644+00:00" endTime="2012-11-17T19:44:10.0077646+00:00" testType="13cdc9d9-ddb5-4fa4-a97d-d965ccfc6d4b" outcome="Passed" testListId="8c84fa94-04c1-424b-9868-57a2d4851a1d" relativeResultsDirectory="6a29ddc7-59c0-4395-90da-e1776b349307">
    </UnitTestResult>
    <UnitTestResult executionId="934d7b7f-ebcf-466c-8db8-60382020f8dd" testId="2c4292c6-e7b9-e2bc-bc8b-0a8e348093c5" testName="ChangePasswordSuccessTest" computerName="QIQSTANB222" duration="00:00:00.0004317" startTime="2012-11-17T19:44:10.0137650+00:00" endTime="2012-11-17T19:44:10.0177652+00:00" testType="13cdc9d9-ddb5-4fa4-a97d-d965ccfc6d4b" outcome="Passed" testListId="8c84fa94-04c1-424b-9868-57a2d4851a1d" relativeResultsDirectory="934d7b7f-ebcf-466c-8db8-60382020f8dd">
    </UnitTestResult>
    <UnitTestResult executionId="287780b1-61ef-43c3-abf7-7837c1215a4f" testId="63d0853f-8615-5260-30bf-6de8d2e4f284" testName="LoginTest1" computerName="QIQSTANB222" duration="00:00:00.0079148" startTime="2012-11-17T19:44:10.0237655+00:00" endTime="2012-11-17T19:44:10.0347662+00:00" testType="13cdc9d9-ddb5-4fa4-a97d-d965ccfc6d4b" outcome="Passed" testListId="8c84fa94-04c1-424b-9868-57a2d4851a1d" relativeResultsDirectory="287780b1-61ef-43c3-abf7-7837c1215a4f">
    </UnitTestResult>
    <UnitTestResult executionId="18e5ebad-fcda-4610-8a3a-e9c39e2e52dd" testId="2cc9ea1a-a266-d60f-a5ef-ca71eb8d2701" testName="UtilitiesConstructorTest" computerName="QIQSTANB222" duration="00:00:00.0001886" startTime="2012-11-17T19:44:10.0407665+00:00" endTime="2012-11-17T19:44:10.0437667+00:00" testType="13cdc9d9-ddb5-4fa4-a97d-d965ccfc6d4b" outcome="Passed" testListId="8c84fa94-04c1-424b-9868-57a2d4851a1d" relativeResultsDirectory="18e5ebad-fcda-4610-8a3a-e9c39e2e52dd">
    </UnitTestResult>
    <UnitTestResult executionId="28fd81cb-24d6-4651-a649-4237ac0de19f" testId="48762070-4a75-7928-4c52-f763f6fa0806" testName="getTPointsTest" computerName="QIQSTANB222" duration="00:00:00.0181438" startTime="2012-11-17T19:44:10.0497670+00:00" endTime="2012-11-17T19:44:10.0707682+00:00" testType="13cdc9d9-ddb5-4fa4-a97d-d965ccfc6d4b" outcome="Passed" testListId="8c84fa94-04c1-424b-9868-57a2d4851a1d" relativeResultsDirectory="28fd81cb-24d6-4651-a649-4237ac0de19f">
    </UnitTestResult>
    <UnitTestResult executionId="ad55c79b-9a20-4a85-b2ca-37e056c17575" testId="569db36b-aaf6-0347-4a22-0da6b66abb9d" testName="UserNameTest" computerName="QIQSTANB222" duration="00:00:00.0002656" startTime="2012-11-17T19:44:10.0767686+00:00" endTime="2012-11-17T19:44:10.0797687+00:00" testType="13cdc9d9-ddb5-4fa4-a97d-d965ccfc6d4b" outcome="Passed" testListId="8c84fa94-04c1-424b-9868-57a2d4851a1d" relativeResultsDirectory="ad55c79b-9a20-4a85-b2ca-37e056c17575">
    </UnitTestResult>
    <UnitTestResult executionId="7f5bd8ba-41ec-4f8c-b5ba-342cc42c0cc9" testId="7bccd21c-8788-8f6b-24d4-252f03c32562" testName="LoginTest" computerName="QIQSTANB222" duration="00:00:00.0187642" startTime="2012-11-17T19:44:10.0857691+00:00" endTime="2012-11-17T19:44:10.1067703+00:00" testType="13cdc9d9-ddb5-4fa4-a97d-d965ccfc6d4b" outcome="Passed" testListId="8c84fa94-04c1-424b-9868-57a2d4851a1d" relativeResultsDirectory="7f5bd8ba-41ec-4f8c-b5ba-342cc42c0cc9">
    </UnitTestResult>
    <UnitTestResult executionId="21dde58d-2f44-4581-9645-1207324f3d43" testId="7036f143-371c-6f5c-0405-5641f0559823" testName="CompanyNameTest" computerName="QIQSTANB222" duration="00:00:00.0002566" startTime="2012-11-17T19:44:10.1127706+00:00" endTime="2012-11-17T19:44:10.1167708+00:00" testType="13cdc9d9-ddb5-4fa4-a97d-d965ccfc6d4b" outcome="Passed" testListId="8c84fa94-04c1-424b-9868-57a2d4851a1d" relativeResultsDirectory="21dde58d-2f44-4581-9645-1207324f3d43">
    </UnitTestResult>
    <UnitTestResult executionId="b3480d52-1581-4160-b3a5-1f3af0e3e97b" testId="429d7597-ec02-7233-723e-1f5db3d511c3" testName="OneRewardsContextConstructorTest" computerName="QIQSTANB222" duration="00:00:00.0002405" startTime="2012-11-17T19:44:10.1217711+00:00" endTime="2012-11-17T19:44:10.1257714+00:00" testType="13cdc9d9-ddb5-4fa4-a97d-d965ccfc6d4b" outcome="Passed" testListId="8c84fa94-04c1-424b-9868-57a2d4851a1d" relativeResultsDirectory="b3480d52-1581-4160-b3a5-1f3af0e3e97b">
    </UnitTestResult>
    <UnitTestResult executionId="cb67ab9d-c8f0-4d17-864b-a40ae42a62be" testId="5d366f05-d5ed-f6a1-c3f5-0946714cc580" testName="PasswordTest" computerName="QIQSTANB222" duration="00:00:00.0002373" startTime="2012-11-17T19:44:10.1317717+00:00" endTime="2012-11-17T19:44:10.1337718+00:00" testType="13cdc9d9-ddb5-4fa4-a97d-d965ccfc6d4b" outcome="Passed" testListId="8c84fa94-04c1-424b-9868-57a2d4851a1d" relativeResultsDirectory="cb67ab9d-c8f0-4d17-864b-a40ae42a62be">
    </UnitTestResult>
    <UnitTestResult executionId="93165ce2-0d69-418b-8a9e-648f496222af" testId="ed20047a-3110-0877-3507-be97b1a3c1c4" testName="OldPasswordTest" computerName="QIQSTANB222" duration="00:00:00.0002335" startTime="2012-11-17T19:44:10.1407722+00:00" endTime="2012-11-17T19:44:10.1437724+00:00" testType="13cdc9d9-ddb5-4fa4-a97d-d965ccfc6d4b" outcome="Passed" testListId="8c84fa94-04c1-424b-9868-57a2d4851a1d" relativeResultsDirectory="93165ce2-0d69-418b-8a9e-648f496222af">
    </UnitTestResult>
    <UnitTestResult executionId="c642a175-2bb7-4238-897f-b2072b05b341" testId="0a370041-7040-2e13-5863-bac5253f5ac5" testName="RewardAccountsTest" computerName="QIQSTANB222" duration="00:00:00.0004003" startTime="2012-11-17T19:44:10.1487727+00:00" endTime="2012-11-17T19:44:10.1527729+00:00" testType="13cdc9d9-ddb5-4fa4-a97d-d965ccfc6d4b" outcome="Passed" testListId="8c84fa94-04c1-424b-9868-57a2d4851a1d" relativeResultsDirectory="c642a175-2bb7-4238-897f-b2072b05b341">
    </UnitTestResult>
    <UnitTestResult executionId="27ad49a1-ec52-4492-9deb-452746c10fb8" testId="c3470532-85b6-cfc4-e394-8ff591a2d3f9" testName="ConvertImageFiletoBytesTest" computerName="QIQSTANB222" duration="00:00:00.0008616" startTime="2012-11-17T19:44:10.1587732+00:00" endTime="2012-11-17T19:44:10.1617734+00:00" testType="13cdc9d9-ddb5-4fa4-a97d-d965ccfc6d4b" outcome="Passed" testListId="8c84fa94-04c1-424b-9868-57a2d4851a1d" relativeResultsDirectory="27ad49a1-ec52-4492-9deb-452746c10fb8">
    </UnitTestResult>
    <UnitTestResult executionId="107afacd-509c-4124-bb1a-95baaf465173" testId="598a27e1-d830-9fbb-0960-89499962ae78" testName="autenticateUnregisteredTest" computerName="QIQSTANB222" duration="00:00:00.0179173" startTime="2012-11-17T19:44:10.1677738+00:00" endTime="2012-11-17T19:44:10.1887750+00:00" testType="13cdc9d9-ddb5-4fa4-a97d-d965ccfc6d4b" outcome="Passed" testListId="8c84fa94-04c1-424b-9868-57a2d4851a1d" relativeResultsDirectory="107afacd-509c-4124-bb1a-95baaf465173">
    </UnitTestResult>
    <UnitTestResult executionId="0e2f7b47-7517-433a-a0db-b063c1537472" testId="713d46ab-6981-fbf5-ac44-81204a8a219e" testName="CreateTest" computerName="QIQSTANB222" duration="00:00:00.0033630" startTime="2012-11-17T19:44:10.1947753+00:00" endTime="2012-11-17T19:44:10.2007757+00:00" testType="13cdc9d9-ddb5-4fa4-a97d-d965ccfc6d4b" outcome="Passed" testListId="8c84fa94-04c1-424b-9868-57a2d4851a1d" relativeResultsDirectory="0e2f7b47-7517-433a-a0db-b063c1537472">
    </UnitTestResult>
    <UnitTestResult executionId="aff02fc8-912e-4e24-a37e-8cbbe0992e29" testId="145fdb5f-e5e9-756f-1a85-85923f93c7a4" testName="VerifyAppDomainHasConfigurationSettings" computerName="QIQSTANB222" duration="00:00:00.0002854" startTime="2012-11-17T19:44:10.2067760+00:00" endTime="2012-11-17T19:44:10.2097762+00:00" testType="13cdc9d9-ddb5-4fa4-a97d-d965ccfc6d4b" outcome="Passed" testListId="8c84fa94-04c1-424b-9868-57a2d4851a1d" relativeResultsDirectory="aff02fc8-912e-4e24-a37e-8cbbe0992e29">
    </UnitTestResult>
    <UnitTestResult executionId="69aee8de-8a5f-4761-b691-90493161b7b1" testId="5d19af3b-a1f7-93d9-f491-f55c1806498c" testName="CompanysTest" computerName="QIQSTANB222" duration="00:00:00.0002861" startTime="2012-11-17T19:44:10.2147765+00:00" endTime="2012-11-17T19:44:10.2177766+00:00" testType="13cdc9d9-ddb5-4fa4-a97d-d965ccfc6d4b" outcome="Passed" testListId="8c84fa94-04c1-424b-9868-57a2d4851a1d" relativeResultsDirectory="69aee8de-8a5f-4761-b691-90493161b7b1">
    </UnitTestResult>
    <UnitTestResult executionId="2209f4a8-7d4f-4db3-bab2-5998a4c0264d" testId="f9952bbc-fdc3-e8c2-a850-eb918257649d" testName="getAllRewardsAccountTest" computerName="QIQSTANB222" duration="00:00:00.0208897" startTime="2012-11-17T19:44:10.2237770+00:00" endTime="2012-11-17T19:44:10.2477783+00:00" testType="13cdc9d9-ddb5-4fa4-a97d-d965ccfc6d4b" outcome="Passed" testListId="8c84fa94-04c1-424b-9868-57a2d4851a1d" relativeResultsDirectory="2209f4a8-7d4f-4db3-bab2-5998a4c0264d">
    </UnitTestResult>
    <UnitTestResult executionId="a48de33e-0873-41a2-9718-3c8768b4a6ee" testId="3123d3c1-b807-14df-258c-4bcb70729054" testName="getCompanyLogoTest" computerName="QIQSTANB222" duration="00:00:00.0303545" startTime="2012-11-17T19:44:10.2537787+00:00" endTime="2012-11-17T19:44:10.2867806+00:00" testType="13cdc9d9-ddb5-4fa4-a97d-d965ccfc6d4b" outcome="Passed" testListId="8c84fa94-04c1-424b-9868-57a2d4851a1d" relativeResultsDirectory="a48de33e-0873-41a2-9718-3c8768b4a6ee">
    </UnitTestResult>
    <UnitTestResult executionId="a9b5b9fc-9522-4a18-9fed-9da83dd5056c" testId="45ccdcf3-4686-de7a-54f8-2bf19bffaf16" testName="ChangePasswordModelConstructorTest" computerName="QIQSTANB222" duration="00:00:00.0001693" startTime="2012-11-17T19:44:10.2927809+00:00" endTime="2012-11-17T19:44:10.2967811+00:00" testType="13cdc9d9-ddb5-4fa4-a97d-d965ccfc6d4b" outcome="Passed" testListId="8c84fa94-04c1-424b-9868-57a2d4851a1d" relativeResultsDirectory="a9b5b9fc-9522-4a18-9fed-9da83dd5056c">
    </UnitTestResult>
    <UnitTestResult executionId="f58e7e67-1786-4e19-973e-b7df0c3f031f" testId="17bdc49d-92ff-5313-d946-c26cad936b82" testName="CreateTest1" computerName="QIQSTANB222" duration="00:00:00.0004959" startTime="2012-11-17T19:44:10.3027815+00:00" endTime="2012-11-17T19:44:10.3057817+00:00" testType="13cdc9d9-ddb5-4fa4-a97d-d965ccfc6d4b" outcome="Passed" testListId="8c84fa94-04c1-424b-9868-57a2d4851a1d" relativeResultsDirectory="f58e7e67-1786-4e19-973e-b7df0c3f031f">
    </UnitTestResult>
    <UnitTestResult executionId="ce5b9d5b-bc85-4331-b7f3-4598d6dbc8ba" testId="37d24a8f-6816-1971-ad17-a13c8dbb2c2f" testName="updatePointsTest2" computerName="QIQSTANB222" duration="00:00:00.0214401" startTime="2012-11-17T19:44:10.3127821+00:00" endTime="2012-11-17T19:44:10.3367834+00:00" testType="13cdc9d9-ddb5-4fa4-a97d-d965ccfc6d4b" outcome="Passed" testListId="8c84fa94-04c1-424b-9868-57a2d4851a1d" relativeResultsDirectory="ce5b9d5b-bc85-4331-b7f3-4598d6dbc8ba">
    </UnitTestResult>
    <UnitTestResult executionId="01abb90e-be2c-4c72-abde-d21d2c3930e2" testId="cc0be8b2-6b98-51d5-aa58-deb93b8dda05" testName="updatePointsTest1" computerName="QIQSTANB222" duration="00:00:00.0596826" startTime="2012-11-17T19:44:10.3427838+00:00" endTime="2012-11-17T19:44:10.4057874+00:00" testType="13cdc9d9-ddb5-4fa4-a97d-d965ccfc6d4b" outcome="Passed" testListId="8c84fa94-04c1-424b-9868-57a2d4851a1d" relativeResultsDirectory="01abb90e-be2c-4c72-abde-d21d2c3930e2">
    </UnitTestResult>
    <UnitTestResult executionId="fd62a268-f55b-4965-91d2-156c6256645f" testId="f54be62e-b6ef-0fd9-a706-6249527c3013" testName="getAPointsTest1" computerName="QIQSTANB222" duration="00:00:00.0235040" startTime="2012-11-17T19:44:10.4187881+00:00" endTime="2012-11-17T19:44:10.4487898+00:00" testType="13cdc9d9-ddb5-4fa4-a97d-d965ccfc6d4b" outcome="Passed" testListId="8c84fa94-04c1-424b-9868-57a2d4851a1d" relativeResultsDirectory="fd62a268-f55b-4965-91d2-156c6256645f">
    </UnitTestResult>
    <UnitTestResult executionId="6636db27-599b-4f01-b48a-2c9741b17f79" testId="29ea4fd2-7950-bb6f-6670-81b029ce6dc7" testName="About" computerName="QIQSTANB222" duration="00:00:00.0057913" startTime="2012-11-17T19:44:10.4607905+00:00" endTime="2012-11-17T19:44:10.4727912+00:00" testType="13cdc9d9-ddb5-4fa4-a97d-d965ccfc6d4b" outcome="Passed" testListId="8c84fa94-04c1-424b-9868-57a2d4851a1d" relativeResultsDirectory="6636db27-599b-4f01-b48a-2c9741b17f79">
    </UnitTestResult>
    <UnitTestResult executionId="87c8303e-3646-41d4-bce2-b3b903f3def4" testId="47c84612-e9a7-0037-f786-2df27ea2d7d5" testName="RewardAccountControllerConstructorTest" computerName="QIQSTANB222" duration="00:00:00.0004170" startTime="2012-11-17T19:44:10.4827918+00:00" endTime="2012-11-17T19:44:10.4867920+00:00" testType="13cdc9d9-ddb5-4fa4-a97d-d965ccfc6d4b" outcome="Passed" testListId="8c84fa94-04c1-424b-9868-57a2d4851a1d" relativeResultsDirectory="87c8303e-3646-41d4-bce2-b3b903f3def4">
    </UnitTestResult>
    <UnitTestResult executionId="7be842de-748a-4a13-8457-e0c038777097" testId="77d7d89d-1e6e-7b7f-2b0f-a16d7a49ede6" testName="addDuplicateRewardsAccountTest" computerName="QIQSTANB222" duration="00:00:00.2394191" startTime="2012-11-17T19:44:10.4947925+00:00" endTime="2012-11-17T19:44:10.7378064+00:00" testType="13cdc9d9-ddb5-4fa4-a97d-d965ccfc6d4b" outcome="Passed" testListId="8c84fa94-04c1-424b-9868-57a2d4851a1d" relativeResultsDirectory="7be842de-748a-4a13-8457-e0c038777097">
    </UnitTestResult>
  </Results>
</TestRun>