<?xml version="1.0" encoding="UTF-8"?>
<TestRun id="a8b6ac89-d5b4-4fb3-819f-6df69c479205" name="bhurtunt@QIQSTANB222 2012-09-24 14:27:55" runUser="QIQ\bhurtunt" xmlns="http://microsoft.com/schemas/VisualStudio/TeamTest/2010">
  <TestSettings name="Local" id="cc37a548-0a1e-4665-bb19-abe0d6af83c3">
    <Description>These are default test settings for a local test run.</Description>
    <Deployment enabled="false" runDeploymentRoot="bhurtunt_QIQSTANB222 2012-09-24 14_27_55">
      <DeploymentItem filename="C:\Program Files\Microsoft SDKs\Windows Azure\.NET SDK\2012-06\ref\Microsoft.WindowsAzure.Configuration.dll" />
      <DeploymentItem filename="C:\Users\bhurtunt\Documents\Visual Studio 2010\Projects\OneRewardsCloudService\packages\Microsoft.AspNet.Providers.Core.1.0\lib\net40\System.Web.Providers.dll" />
      <DeploymentItem filename="C:\Program Files\Microsoft SDKs\Windows Azure\.NET SDK\2012-06\ref\Microsoft.WindowsAzure.Diagnostics.dll" />
      <DeploymentItem filename="C:\Users\bhurtunt\Documents\Visual Studio 2010\Projects\OneRewardsCloudService\OneRewardsWcfService\bin\OneRewardsWcfService.dll" />
      <DeploymentItem filename="C:\Program Files\Microsoft SDKs\Windows Azure\.NET SDK\2012-06\ref\Microsoft.WindowsAzure.StorageClient.dll" />
    </Deployment>
    <Execution>
      <TestTypeSpecific />
      <AgentRule name="Execution Agents">
      </AgentRule>
    </Execution>
  </TestSettings>
  <Times creation="2012-09-24T14:27:55.7902609+01:00" queuing="2012-09-24T14:27:58.8945713+01:00" start="2012-09-24T14:27:59.0305849+01:00" finish="2012-09-24T14:28:12.9109728+01:00" />
  <ResultSummary outcome="Failed">
    <Counters total="17" executed="17" passed="13" error="0" failed="4" timeout="0" aborted="0" inconclusive="0" passedButRunAborted="0" notRunnable="0" notExecuted="0" disconnected="0" warning="0" completed="0" inProgress="0" pending="0" />
  </ResultSummary>
  <TestDefinitions>
    <UnitTest name="removeRewardsAccountTest1" storage="c:\users\bhurtunt\documents\visual studio 2010\projects\onerewardscloudservice\onerewardstestproject\bin\release\onerewardstestproject.dll" id="03723c9d-78b0-9a97-d39b-ea9adc0b5032">
      <Execution id="b540d19d-797b-4907-82a6-0f3c1775ad6c" />
      <TestMethod codeBase="C:/Users/bhurtunt/Documents/Visual Studio 2010/Projects/OneRewardsCloudService/OneRewardsTestProject/bin/Release/OneRewardsTestProject.DLL" adapterTypeName="Microsoft.VisualStudio.TestTools.TestTypes.Unit.UnitTestAdapter, Microsoft.VisualStudio.QualityTools.Tips.UnitTest.Adapter, Version=10.0.0.0, Culture=neutral, PublicKeyToken=b03f5f7f11d50a3a" className="OneRewardsTestProject.IOneRewardsServiceTest, OneRewardsTestProject, Version=1.0.0.0, Culture=neutral, PublicKeyToken=null" name="removeRewardsAccountTest1" />
    </UnitTest>
    <UnitTest name="getRewardsAccountTest" storage="c:\users\bhurtunt\documents\visual studio 2010\projects\onerewardscloudservice\onerewardstestproject\bin\release\onerewardstestproject.dll" id="19c3c3f8-0de5-98b3-b920-2aa3a45b3c3a">
      <Execution id="7d8da8d4-c88b-40d9-b6d5-9b4a7414fcae" />
      <TestMethod codeBase="C:/Users/bhurtunt/Documents/Visual Studio 2010/Projects/OneRewardsCloudService/OneRewardsTestProject/bin/Release/OneRewardsTestProject.DLL" adapterTypeName="Microsoft.VisualStudio.TestTools.TestTypes.Unit.UnitTestAdapter, Microsoft.VisualStudio.QualityTools.Tips.UnitTest.Adapter, Version=10.0.0.0, Culture=neutral, PublicKeyToken=b03f5f7f11d50a3a" className="OneRewardsTestProject.IOneRewardsServiceTest, OneRewardsTestProject, Version=1.0.0.0, Culture=neutral, PublicKeyToken=null" name="getRewardsAccountTest" />
    </UnitTest>
    <UnitTest name="getTPointsTest" storage="c:\users\bhurtunt\documents\visual studio 2010\projects\onerewardscloudservice\onerewardstestproject\bin\release\onerewardstestproject.dll" id="48762070-4a75-7928-4c52-f763f6fa0806">
      <Execution id="c76a2740-d154-4b75-b06c-269b8e49c211" />
      <TestMethod codeBase="C:/Users/bhurtunt/Documents/Visual Studio 2010/Projects/OneRewardsCloudService/OneRewardsTestProject/bin/Release/OneRewardsTestProject.DLL" adapterTypeName="Microsoft.VisualStudio.TestTools.TestTypes.Unit.UnitTestAdapter, Microsoft.VisualStudio.QualityTools.Tips.UnitTest.Adapter, Version=10.0.0.0, Culture=neutral, PublicKeyToken=b03f5f7f11d50a3a" className="OneRewardsTestProject.IOneRewardsServiceTest, OneRewardsTestProject, Version=1.0.0.0, Culture=neutral, PublicKeyToken=null" name="getTPointsTest" />
    </UnitTest>
    <UnitTest name="updatePointsTest2" storage="c:\users\bhurtunt\documents\visual studio 2010\projects\onerewardscloudservice\onerewardstestproject\bin\release\onerewardstestproject.dll" id="37d24a8f-6816-1971-ad17-a13c8dbb2c2f">
      <Execution id="1c492977-8130-4c81-a598-6dd1d541d76d" />
      <TestMethod codeBase="C:/Users/bhurtunt/Documents/Visual Studio 2010/Projects/OneRewardsCloudService/OneRewardsTestProject/bin/Release/OneRewardsTestProject.DLL" adapterTypeName="Microsoft.VisualStudio.TestTools.TestTypes.Unit.UnitTestAdapter, Microsoft.VisualStudio.QualityTools.Tips.UnitTest.Adapter, Version=10.0.0.0, Culture=neutral, PublicKeyToken=b03f5f7f11d50a3a" className="OneRewardsTestProject.IOneRewardsServiceTest, OneRewardsTestProject, Version=1.0.0.0, Culture=neutral, PublicKeyToken=null" name="updatePointsTest2" />
    </UnitTest>
    <UnitTest name="VerifyAppDomainHasConfigurationSettings" storage="c:\users\bhurtunt\documents\visual studio 2010\projects\onerewardscloudservice\onerewardstestproject\bin\release\onerewardstestproject.dll" id="145fdb5f-e5e9-756f-1a85-85923f93c7a4">
      <Execution id="03d6f0cc-c6a7-48a5-8d18-14feea1f65cf" />
      <TestMethod codeBase="C:/Users/bhurtunt/Documents/Visual Studio 2010/Projects/OneRewardsCloudService/OneRewardsTestProject/bin/Release/OneRewardsTestProject.DLL" adapterTypeName="Microsoft.VisualStudio.TestTools.TestTypes.Unit.UnitTestAdapter, Microsoft.VisualStudio.QualityTools.Tips.UnitTest.Adapter, Version=10.0.0.0, Culture=neutral, PublicKeyToken=b03f5f7f11d50a3a" className="OneRewardsTestProject.IOneRewardsServiceTest, OneRewardsTestProject, Version=1.0.0.0, Culture=neutral, PublicKeyToken=null" name="VerifyAppDomainHasConfigurationSettings" />
    </UnitTest>
    <UnitTest name="getCompanyLogoTest" storage="c:\users\bhurtunt\documents\visual studio 2010\projects\onerewardscloudservice\onerewardstestproject\bin\release\onerewardstestproject.dll" id="3123d3c1-b807-14df-258c-4bcb70729054">
      <Execution id="ffcc6a69-47fa-46d9-aaf9-d5bcfc2a6c0c" />
      <TestMethod codeBase="C:/Users/bhurtunt/Documents/Visual Studio 2010/Projects/OneRewardsCloudService/OneRewardsTestProject/bin/Release/OneRewardsTestProject.DLL" adapterTypeName="Microsoft.VisualStudio.TestTools.TestTypes.Unit.UnitTestAdapter, Microsoft.VisualStudio.QualityTools.Tips.UnitTest.Adapter, Version=10.0.0.0, Culture=neutral, PublicKeyToken=b03f5f7f11d50a3a" className="OneRewardsTestProject.IOneRewardsServiceTest, OneRewardsTestProject, Version=1.0.0.0, Culture=neutral, PublicKeyToken=null" name="getCompanyLogoTest" />
    </UnitTest>
    <UnitTest name="addRewardsAccountTest" storage="c:\users\bhurtunt\documents\visual studio 2010\projects\onerewardscloudservice\onerewardstestproject\bin\release\onerewardstestproject.dll" id="ec07ab5b-4fa9-bdff-0466-b2f2dd14af3d">
      <Execution id="f90f08f8-6155-4027-a884-134016e0f12f" />
      <TestMethod codeBase="C:/Users/bhurtunt/Documents/Visual Studio 2010/Projects/OneRewardsCloudService/OneRewardsTestProject/bin/Release/OneRewardsTestProject.DLL" adapterTypeName="Microsoft.VisualStudio.TestTools.TestTypes.Unit.UnitTestAdapter, Microsoft.VisualStudio.QualityTools.Tips.UnitTest.Adapter, Version=10.0.0.0, Culture=neutral, PublicKeyToken=b03f5f7f11d50a3a" className="OneRewardsTestProject.IOneRewardsServiceTest, OneRewardsTestProject, Version=1.0.0.0, Culture=neutral, PublicKeyToken=null" name="addRewardsAccountTest" />
    </UnitTest>
    <UnitTest name="autenticateUnregisteredTest" storage="c:\users\bhurtunt\documents\visual studio 2010\projects\onerewardscloudservice\onerewardstestproject\bin\release\onerewardstestproject.dll" id="598a27e1-d830-9fbb-0960-89499962ae78">
      <Execution id="d819e468-a320-41ed-bc29-51872b949465" />
      <TestMethod codeBase="C:/Users/bhurtunt/Documents/Visual Studio 2010/Projects/OneRewardsCloudService/OneRewardsTestProject/bin/Release/OneRewardsTestProject.DLL" adapterTypeName="Microsoft.VisualStudio.TestTools.TestTypes.Unit.UnitTestAdapter, Microsoft.VisualStudio.QualityTools.Tips.UnitTest.Adapter, Version=10.0.0.0, Culture=neutral, PublicKeyToken=b03f5f7f11d50a3a" className="OneRewardsTestProject.IOneRewardsServiceTest, OneRewardsTestProject, Version=1.0.0.0, Culture=neutral, PublicKeyToken=null" name="autenticateUnregisteredTest" />
    </UnitTest>
    <UnitTest name="getAllRewardsAccountTest1" storage="c:\users\bhurtunt\documents\visual studio 2010\projects\onerewardscloudservice\onerewardstestproject\bin\release\onerewardstestproject.dll" id="1d26647c-42ba-c0b9-2ee7-5450efeecfd9">
      <Execution id="1b07a745-4af7-4ee6-8ff8-97fd57d1676d" />
      <TestMethod codeBase="C:/Users/bhurtunt/Documents/Visual Studio 2010/Projects/OneRewardsCloudService/OneRewardsTestProject/bin/Release/OneRewardsTestProject.DLL" adapterTypeName="Microsoft.VisualStudio.TestTools.TestTypes.Unit.UnitTestAdapter, Microsoft.VisualStudio.QualityTools.Tips.UnitTest.Adapter, Version=10.0.0.0, Culture=neutral, PublicKeyToken=b03f5f7f11d50a3a" className="OneRewardsTestProject.IOneRewardsServiceTest, OneRewardsTestProject, Version=1.0.0.0, Culture=neutral, PublicKeyToken=null" name="getAllRewardsAccountTest1" />
    </UnitTest>
    <UnitTest name="addDuplicateRewardsAccountTest" storage="c:\users\bhurtunt\documents\visual studio 2010\projects\onerewardscloudservice\onerewardstestproject\bin\release\onerewardstestproject.dll" id="77d7d89d-1e6e-7b7f-2b0f-a16d7a49ede6">
      <Execution id="c2029b86-e6c1-46d6-a29c-87b37e03160f" />
      <TestMethod codeBase="C:/Users/bhurtunt/Documents/Visual Studio 2010/Projects/OneRewardsCloudService/OneRewardsTestProject/bin/Release/OneRewardsTestProject.DLL" adapterTypeName="Microsoft.VisualStudio.TestTools.TestTypes.Unit.UnitTestAdapter, Microsoft.VisualStudio.QualityTools.Tips.UnitTest.Adapter, Version=10.0.0.0, Culture=neutral, PublicKeyToken=b03f5f7f11d50a3a" className="OneRewardsTestProject.IOneRewardsServiceTest, OneRewardsTestProject, Version=1.0.0.0, Culture=neutral, PublicKeyToken=null" name="addDuplicateRewardsAccountTest" />
    </UnitTest>
    <UnitTest name="updatePointsTest" storage="c:\users\bhurtunt\documents\visual studio 2010\projects\onerewardscloudservice\onerewardstestproject\bin\release\onerewardstestproject.dll" id="e82191a5-2f62-4d54-fa6f-90c6e1d348a4">
      <Execution id="95a22897-cfce-4ea3-95f9-141085b6b628" />
      <TestMethod codeBase="C:/Users/bhurtunt/Documents/Visual Studio 2010/Projects/OneRewardsCloudService/OneRewardsTestProject/bin/Release/OneRewardsTestProject.DLL" adapterTypeName="Microsoft.VisualStudio.TestTools.TestTypes.Unit.UnitTestAdapter, Microsoft.VisualStudio.QualityTools.Tips.UnitTest.Adapter, Version=10.0.0.0, Culture=neutral, PublicKeyToken=b03f5f7f11d50a3a" className="OneRewardsTestProject.IOneRewardsServiceTest, OneRewardsTestProject, Version=1.0.0.0, Culture=neutral, PublicKeyToken=null" name="updatePointsTest" />
    </UnitTest>
    <UnitTest name="getAllRewardsAccountTest" storage="c:\users\bhurtunt\documents\visual studio 2010\projects\onerewardscloudservice\onerewardstestproject\bin\release\onerewardstestproject.dll" id="f9952bbc-fdc3-e8c2-a850-eb918257649d">
      <Execution id="f959ee68-f7ea-477d-b5f4-391f5d1d0485" />
      <TestMethod codeBase="C:/Users/bhurtunt/Documents/Visual Studio 2010/Projects/OneRewardsCloudService/OneRewardsTestProject/bin/Release/OneRewardsTestProject.DLL" adapterTypeName="Microsoft.VisualStudio.TestTools.TestTypes.Unit.UnitTestAdapter, Microsoft.VisualStudio.QualityTools.Tips.UnitTest.Adapter, Version=10.0.0.0, Culture=neutral, PublicKeyToken=b03f5f7f11d50a3a" className="OneRewardsTestProject.IOneRewardsServiceTest, OneRewardsTestProject, Version=1.0.0.0, Culture=neutral, PublicKeyToken=null" name="getAllRewardsAccountTest" />
    </UnitTest>
    <UnitTest name="autenticatRegisteredTest" storage="c:\users\bhurtunt\documents\visual studio 2010\projects\onerewardscloudservice\onerewardstestproject\bin\release\onerewardstestproject.dll" id="5176054c-75c6-838b-4970-d3108d95b0c4">
      <Execution id="52f666df-7b99-4bc2-aafd-f744efd83d30" />
      <TestMethod codeBase="C:/Users/bhurtunt/Documents/Visual Studio 2010/Projects/OneRewardsCloudService/OneRewardsTestProject/bin/Release/OneRewardsTestProject.DLL" adapterTypeName="Microsoft.VisualStudio.TestTools.TestTypes.Unit.UnitTestAdapter, Microsoft.VisualStudio.QualityTools.Tips.UnitTest.Adapter, Version=10.0.0.0, Culture=neutral, PublicKeyToken=b03f5f7f11d50a3a" className="OneRewardsTestProject.IOneRewardsServiceTest, OneRewardsTestProject, Version=1.0.0.0, Culture=neutral, PublicKeyToken=null" name="autenticatRegisteredTest" />
    </UnitTest>
    <UnitTest name="updatePointsTest1" storage="c:\users\bhurtunt\documents\visual studio 2010\projects\onerewardscloudservice\onerewardstestproject\bin\release\onerewardstestproject.dll" id="cc0be8b2-6b98-51d5-aa58-deb93b8dda05">
      <Execution id="3cd6205d-ed32-40ab-b4cf-737de69032b8" />
      <TestMethod codeBase="C:/Users/bhurtunt/Documents/Visual Studio 2010/Projects/OneRewardsCloudService/OneRewardsTestProject/bin/Release/OneRewardsTestProject.DLL" adapterTypeName="Microsoft.VisualStudio.TestTools.TestTypes.Unit.UnitTestAdapter, Microsoft.VisualStudio.QualityTools.Tips.UnitTest.Adapter, Version=10.0.0.0, Culture=neutral, PublicKeyToken=b03f5f7f11d50a3a" className="OneRewardsTestProject.IOneRewardsServiceTest, OneRewardsTestProject, Version=1.0.0.0, Culture=neutral, PublicKeyToken=null" name="updatePointsTest1" />
    </UnitTest>
    <UnitTest name="getAPointsTest1" storage="c:\users\bhurtunt\documents\visual studio 2010\projects\onerewardscloudservice\onerewardstestproject\bin\release\onerewardstestproject.dll" id="f54be62e-b6ef-0fd9-a706-6249527c3013">
      <Execution id="ec74a47a-28bc-454f-8ce0-fd6ce59cf833" />
      <TestMethod codeBase="C:/Users/bhurtunt/Documents/Visual Studio 2010/Projects/OneRewardsCloudService/OneRewardsTestProject/bin/Release/OneRewardsTestProject.DLL" adapterTypeName="Microsoft.VisualStudio.TestTools.TestTypes.Unit.UnitTestAdapter, Microsoft.VisualStudio.QualityTools.Tips.UnitTest.Adapter, Version=10.0.0.0, Culture=neutral, PublicKeyToken=b03f5f7f11d50a3a" className="OneRewardsTestProject.IOneRewardsServiceTest, OneRewardsTestProject, Version=1.0.0.0, Culture=neutral, PublicKeyToken=null" name="getAPointsTest1" />
    </UnitTest>
    <UnitTest name="getAPointsTest" storage="c:\users\bhurtunt\documents\visual studio 2010\projects\onerewardscloudservice\onerewardstestproject\bin\release\onerewardstestproject.dll" id="1cc26711-067d-90ed-698f-eafeaf6ffdce">
      <Execution id="d641d61f-209e-4182-a51e-69511e465455" />
      <TestMethod codeBase="C:/Users/bhurtunt/Documents/Visual Studio 2010/Projects/OneRewardsCloudService/OneRewardsTestProject/bin/Release/OneRewardsTestProject.DLL" adapterTypeName="Microsoft.VisualStudio.TestTools.TestTypes.Unit.UnitTestAdapter, Microsoft.VisualStudio.QualityTools.Tips.UnitTest.Adapter, Version=10.0.0.0, Culture=neutral, PublicKeyToken=b03f5f7f11d50a3a" className="OneRewardsTestProject.IOneRewardsServiceTest, OneRewardsTestProject, Version=1.0.0.0, Culture=neutral, PublicKeyToken=null" name="getAPointsTest" />
    </UnitTest>
    <UnitTest name="removeRewardsAccountTest" storage="c:\users\bhurtunt\documents\visual studio 2010\projects\onerewardscloudservice\onerewardstestproject\bin\release\onerewardstestproject.dll" id="1693e4db-f862-1c48-6c21-acdbd7afc342">
      <Execution id="9c2b1464-4bd1-48ac-ae8b-9dd85eb34273" />
      <TestMethod codeBase="C:/Users/bhurtunt/Documents/Visual Studio 2010/Projects/OneRewardsCloudService/OneRewardsTestProject/bin/Release/OneRewardsTestProject.DLL" adapterTypeName="Microsoft.VisualStudio.TestTools.TestTypes.Unit.UnitTestAdapter, Microsoft.VisualStudio.QualityTools.Tips.UnitTest.Adapter, Version=10.0.0.0, Culture=neutral, PublicKeyToken=b03f5f7f11d50a3a" className="OneRewardsTestProject.IOneRewardsServiceTest, OneRewardsTestProject, Version=1.0.0.0, Culture=neutral, PublicKeyToken=null" name="removeRewardsAccountTest" />
    </UnitTest>
  </TestDefinitions>
  <TestLists>
    <TestList name="Results Not in a List" id="8c84fa94-04c1-424b-9868-57a2d4851a1d" />
    <TestList name="All Loaded Results" id="19431567-8539-422a-85d7-44ee4e166bda" />
  </TestLists>
  <TestEntries>
    <TestEntry testId="1cc26711-067d-90ed-698f-eafeaf6ffdce" executionId="d641d61f-209e-4182-a51e-69511e465455" testListId="8c84fa94-04c1-424b-9868-57a2d4851a1d" />
    <TestEntry testId="1693e4db-f862-1c48-6c21-acdbd7afc342" executionId="9c2b1464-4bd1-48ac-ae8b-9dd85eb34273" testListId="8c84fa94-04c1-424b-9868-57a2d4851a1d" />
    <TestEntry testId="03723c9d-78b0-9a97-d39b-ea9adc0b5032" executionId="b540d19d-797b-4907-82a6-0f3c1775ad6c" testListId="8c84fa94-04c1-424b-9868-57a2d4851a1d" />
    <TestEntry testId="19c3c3f8-0de5-98b3-b920-2aa3a45b3c3a" executionId="7d8da8d4-c88b-40d9-b6d5-9b4a7414fcae" testListId="8c84fa94-04c1-424b-9868-57a2d4851a1d" />
    <TestEntry testId="1d26647c-42ba-c0b9-2ee7-5450efeecfd9" executionId="1b07a745-4af7-4ee6-8ff8-97fd57d1676d" testListId="8c84fa94-04c1-424b-9868-57a2d4851a1d" />
    <TestEntry testId="5176054c-75c6-838b-4970-d3108d95b0c4" executionId="52f666df-7b99-4bc2-aafd-f744efd83d30" testListId="8c84fa94-04c1-424b-9868-57a2d4851a1d" />
    <TestEntry testId="ec07ab5b-4fa9-bdff-0466-b2f2dd14af3d" executionId="f90f08f8-6155-4027-a884-134016e0f12f" testListId="8c84fa94-04c1-424b-9868-57a2d4851a1d" />
    <TestEntry testId="e82191a5-2f62-4d54-fa6f-90c6e1d348a4" executionId="95a22897-cfce-4ea3-95f9-141085b6b628" testListId="8c84fa94-04c1-424b-9868-57a2d4851a1d" />
    <TestEntry testId="48762070-4a75-7928-4c52-f763f6fa0806" executionId="c76a2740-d154-4b75-b06c-269b8e49c211" testListId="8c84fa94-04c1-424b-9868-57a2d4851a1d" />
    <TestEntry testId="598a27e1-d830-9fbb-0960-89499962ae78" executionId="d819e468-a320-41ed-bc29-51872b949465" testListId="8c84fa94-04c1-424b-9868-57a2d4851a1d" />
    <TestEntry testId="145fdb5f-e5e9-756f-1a85-85923f93c7a4" executionId="03d6f0cc-c6a7-48a5-8d18-14feea1f65cf" testListId="8c84fa94-04c1-424b-9868-57a2d4851a1d" />
    <TestEntry testId="f9952bbc-fdc3-e8c2-a850-eb918257649d" executionId="f959ee68-f7ea-477d-b5f4-391f5d1d0485" testListId="8c84fa94-04c1-424b-9868-57a2d4851a1d" />
    <TestEntry testId="3123d3c1-b807-14df-258c-4bcb70729054" executionId="ffcc6a69-47fa-46d9-aaf9-d5bcfc2a6c0c" testListId="8c84fa94-04c1-424b-9868-57a2d4851a1d" />
    <TestEntry testId="37d24a8f-6816-1971-ad17-a13c8dbb2c2f" executionId="1c492977-8130-4c81-a598-6dd1d541d76d" testListId="8c84fa94-04c1-424b-9868-57a2d4851a1d" />
    <TestEntry testId="cc0be8b2-6b98-51d5-aa58-deb93b8dda05" executionId="3cd6205d-ed32-40ab-b4cf-737de69032b8" testListId="8c84fa94-04c1-424b-9868-57a2d4851a1d" />
    <TestEntry testId="f54be62e-b6ef-0fd9-a706-6249527c3013" executionId="ec74a47a-28bc-454f-8ce0-fd6ce59cf833" testListId="8c84fa94-04c1-424b-9868-57a2d4851a1d" />
    <TestEntry testId="77d7d89d-1e6e-7b7f-2b0f-a16d7a49ede6" executionId="c2029b86-e6c1-46d6-a29c-87b37e03160f" testListId="8c84fa94-04c1-424b-9868-57a2d4851a1d" />
  </TestEntries>
  <Results>
    <UnitTestResult executionId="d641d61f-209e-4182-a51e-69511e465455" testId="1cc26711-067d-90ed-698f-eafeaf6ffdce" testName="getAPointsTest" computerName="QIQSTANB222" duration="00:00:04.6403601" startTime="2012-09-24T14:27:59.0905909+01:00" endTime="2012-09-24T14:28:06.4083226+01:00" testType="13cdc9d9-ddb5-4fa4-a97d-d965ccfc6d4b" outcome="Failed" testListId="8c84fa94-04c1-424b-9868-57a2d4851a1d" relativeResultsDirectory="d641d61f-209e-4182-a51e-69511e465455">
      <Output>
        <ErrorInfo>
          <Message>Assert.IsTrue failed. </Message>
          <StackTrace>   at OneRewardsTestProject.IOneRewardsServiceTest.getAPointsTest() in C:\Users\bhurtunt\Documents\Visual Studio 2010\Projects\OneRewardsCloudService\OneRewardsTestProject\IOneRewardsServiceTest.cs:line 159
</StackTrace>
        </ErrorInfo>
      </Output>
    </UnitTestResult>
    <UnitTestResult executionId="9c2b1464-4bd1-48ac-ae8b-9dd85eb34273" testId="1693e4db-f862-1c48-6c21-acdbd7afc342" testName="removeRewardsAccountTest" computerName="QIQSTANB222" duration="00:00:00.8019347" startTime="2012-09-24T14:28:06.4813299+01:00" endTime="2012-09-24T14:28:07.3264144+01:00" testType="13cdc9d9-ddb5-4fa4-a97d-d965ccfc6d4b" outcome="Passed" testListId="8c84fa94-04c1-424b-9868-57a2d4851a1d" relativeResultsDirectory="9c2b1464-4bd1-48ac-ae8b-9dd85eb34273">
    </UnitTestResult>
    <UnitTestResult executionId="b540d19d-797b-4907-82a6-0f3c1775ad6c" testId="03723c9d-78b0-9a97-d39b-ea9adc0b5032" testName="removeRewardsAccountTest1" computerName="QIQSTANB222" duration="00:00:00.2912416" startTime="2012-09-24T14:28:07.3954213+01:00" endTime="2012-09-24T14:28:07.7234541+01:00" testType="13cdc9d9-ddb5-4fa4-a97d-d965ccfc6d4b" outcome="Passed" testListId="8c84fa94-04c1-424b-9868-57a2d4851a1d" relativeResultsDirectory="b540d19d-797b-4907-82a6-0f3c1775ad6c">
    </UnitTestResult>
    <UnitTestResult executionId="7d8da8d4-c88b-40d9-b6d5-9b4a7414fcae" testId="19c3c3f8-0de5-98b3-b920-2aa3a45b3c3a" testName="getRewardsAccountTest" computerName="QIQSTANB222" duration="00:00:00.0576887" startTime="2012-09-24T14:28:07.7924610+01:00" endTime="2012-09-24T14:28:07.8814699+01:00" testType="13cdc9d9-ddb5-4fa4-a97d-d965ccfc6d4b" outcome="Passed" testListId="8c84fa94-04c1-424b-9868-57a2d4851a1d" relativeResultsDirectory="7d8da8d4-c88b-40d9-b6d5-9b4a7414fcae">
    </UnitTestResult>
    <UnitTestResult executionId="1b07a745-4af7-4ee6-8ff8-97fd57d1676d" testId="1d26647c-42ba-c0b9-2ee7-5450efeecfd9" testName="getAllRewardsAccountTest1" computerName="QIQSTANB222" duration="00:00:00.1949105" startTime="2012-09-24T14:28:07.9334751+01:00" endTime="2012-09-24T14:28:08.1594977+01:00" testType="13cdc9d9-ddb5-4fa4-a97d-d965ccfc6d4b" outcome="Failed" testListId="8c84fa94-04c1-424b-9868-57a2d4851a1d" relativeResultsDirectory="1b07a745-4af7-4ee6-8ff8-97fd57d1676d">
      <Output>
        <ErrorInfo>
          <Message>Test method OneRewardsTestProject.IOneRewardsServiceTest.getAllRewardsAccountTest1 threw exception: 
System.NotSupportedException: The specified type member 'UserReference' is not supported in LINQ to Entities. Only initializers, entity members, and entity navigation properties are supported.</Message>
          <StackTrace>    at OneRewardsWcfService.OneRewardsService.getAllRewardsAccount(String email) in C:\Users\bhurtunt\Documents\Visual Studio 2010\Projects\OneRewardsCloudService\OneRewardsWcfService\OneRewardsService.svc.cs:line 46
   at OneRewardsTestProject.IOneRewardsServiceTest.getAllRewardsAccountTest1() in C:\Users\bhurtunt\Documents\Visual Studio 2010\Projects\OneRewardsCloudService\OneRewardsTestProject\IOneRewardsServiceTest.cs:line 202
</StackTrace>
        </ErrorInfo>
      </Output>
    </UnitTestResult>
    <UnitTestResult executionId="52f666df-7b99-4bc2-aafd-f744efd83d30" testId="5176054c-75c6-838b-4970-d3108d95b0c4" testName="autenticatRegisteredTest" computerName="QIQSTANB222" duration="00:00:00.3750239" startTime="2012-09-24T14:28:08.2295047+01:00" endTime="2012-09-24T14:28:08.6445462+01:00" testType="13cdc9d9-ddb5-4fa4-a97d-d965ccfc6d4b" outcome="Passed" testListId="8c84fa94-04c1-424b-9868-57a2d4851a1d" relativeResultsDirectory="52f666df-7b99-4bc2-aafd-f744efd83d30">
    </UnitTestResult>
    <UnitTestResult executionId="f90f08f8-6155-4027-a884-134016e0f12f" testId="ec07ab5b-4fa9-bdff-0466-b2f2dd14af3d" testName="addRewardsAccountTest" computerName="QIQSTANB222" duration="00:00:00.3918933" startTime="2012-09-24T14:28:08.7015519+01:00" endTime="2012-09-24T14:28:09.1235941+01:00" testType="13cdc9d9-ddb5-4fa4-a97d-d965ccfc6d4b" outcome="Passed" testListId="8c84fa94-04c1-424b-9868-57a2d4851a1d" relativeResultsDirectory="f90f08f8-6155-4027-a884-134016e0f12f">
    </UnitTestResult>
    <UnitTestResult executionId="95a22897-cfce-4ea3-95f9-141085b6b628" testId="e82191a5-2f62-4d54-fa6f-90c6e1d348a4" testName="updatePointsTest" computerName="QIQSTANB222" duration="00:00:00.1700956" startTime="2012-09-24T14:28:09.1856003+01:00" endTime="2012-09-24T14:28:09.4076225+01:00" testType="13cdc9d9-ddb5-4fa4-a97d-d965ccfc6d4b" outcome="Passed" testListId="8c84fa94-04c1-424b-9868-57a2d4851a1d" relativeResultsDirectory="95a22897-cfce-4ea3-95f9-141085b6b628">
    </UnitTestResult>
    <UnitTestResult executionId="c76a2740-d154-4b75-b06c-269b8e49c211" testId="48762070-4a75-7928-4c52-f763f6fa0806" testName="getTPointsTest" computerName="QIQSTANB222" duration="00:00:00.0773394" startTime="2012-09-24T14:28:09.4726290+01:00" endTime="2012-09-24T14:28:09.5846402+01:00" testType="13cdc9d9-ddb5-4fa4-a97d-d965ccfc6d4b" outcome="Passed" testListId="8c84fa94-04c1-424b-9868-57a2d4851a1d" relativeResultsDirectory="c76a2740-d154-4b75-b06c-269b8e49c211">
    </UnitTestResult>
    <UnitTestResult executionId="d819e468-a320-41ed-bc29-51872b949465" testId="598a27e1-d830-9fbb-0960-89499962ae78" testName="autenticateUnregisteredTest" computerName="QIQSTANB222" duration="00:00:00.0721502" startTime="2012-09-24T14:28:09.6466464+01:00" endTime="2012-09-24T14:28:09.7486566+01:00" testType="13cdc9d9-ddb5-4fa4-a97d-d965ccfc6d4b" outcome="Passed" testListId="8c84fa94-04c1-424b-9868-57a2d4851a1d" relativeResultsDirectory="d819e468-a320-41ed-bc29-51872b949465">
    </UnitTestResult>
    <UnitTestResult executionId="03d6f0cc-c6a7-48a5-8d18-14feea1f65cf" testId="145fdb5f-e5e9-756f-1a85-85923f93c7a4" testName="VerifyAppDomainHasConfigurationSettings" computerName="QIQSTANB222" duration="00:00:00.0036930" startTime="2012-09-24T14:28:09.8106628+01:00" endTime="2012-09-24T14:28:09.8506668+01:00" testType="13cdc9d9-ddb5-4fa4-a97d-d965ccfc6d4b" outcome="Passed" testListId="8c84fa94-04c1-424b-9868-57a2d4851a1d" relativeResultsDirectory="03d6f0cc-c6a7-48a5-8d18-14feea1f65cf">
    </UnitTestResult>
    <UnitTestResult executionId="f959ee68-f7ea-477d-b5f4-391f5d1d0485" testId="f9952bbc-fdc3-e8c2-a850-eb918257649d" testName="getAllRewardsAccountTest" computerName="QIQSTANB222" duration="00:00:00.0402079" startTime="2012-09-24T14:28:09.9046722+01:00" endTime="2012-09-24T14:28:09.9766794+01:00" testType="13cdc9d9-ddb5-4fa4-a97d-d965ccfc6d4b" outcome="Failed" testListId="8c84fa94-04c1-424b-9868-57a2d4851a1d" relativeResultsDirectory="f959ee68-f7ea-477d-b5f4-391f5d1d0485">
      <Output>
        <ErrorInfo>
          <Message>Test method OneRewardsTestProject.IOneRewardsServiceTest.getAllRewardsAccountTest threw exception: 
System.NotSupportedException: The specified type member 'UserReference' is not supported in LINQ to Entities. Only initializers, entity members, and entity navigation properties are supported.</Message>
          <StackTrace>    at OneRewardsWcfService.OneRewardsService.getAllRewardsAccount(String email) in C:\Users\bhurtunt\Documents\Visual Studio 2010\Projects\OneRewardsCloudService\OneRewardsWcfService\OneRewardsService.svc.cs:line 46
   at OneRewardsTestProject.IOneRewardsServiceTest.getAllRewardsAccountTest() in C:\Users\bhurtunt\Documents\Visual Studio 2010\Projects\OneRewardsCloudService\OneRewardsTestProject\IOneRewardsServiceTest.cs:line 188
</StackTrace>
        </ErrorInfo>
      </Output>
    </UnitTestResult>
    <UnitTestResult executionId="ffcc6a69-47fa-46d9-aaf9-d5bcfc2a6c0c" testId="3123d3c1-b807-14df-258c-4bcb70729054" testName="getCompanyLogoTest" computerName="QIQSTANB222" duration="00:00:00.2211676" startTime="2012-09-24T14:28:10.0336851+01:00" endTime="2012-09-24T14:28:10.2887106+01:00" testType="13cdc9d9-ddb5-4fa4-a97d-d965ccfc6d4b" outcome="Passed" testListId="8c84fa94-04c1-424b-9868-57a2d4851a1d" relativeResultsDirectory="ffcc6a69-47fa-46d9-aaf9-d5bcfc2a6c0c">
    </UnitTestResult>
    <UnitTestResult executionId="1c492977-8130-4c81-a598-6dd1d541d76d" testId="37d24a8f-6816-1971-ad17-a13c8dbb2c2f" testName="updatePointsTest2" computerName="QIQSTANB222" duration="00:00:00.0780900" startTime="2012-09-24T14:28:10.3427160+01:00" endTime="2012-09-24T14:28:10.4507268+01:00" testType="13cdc9d9-ddb5-4fa4-a97d-d965ccfc6d4b" outcome="Passed" testListId="8c84fa94-04c1-424b-9868-57a2d4851a1d" relativeResultsDirectory="1c492977-8130-4c81-a598-6dd1d541d76d">
    </UnitTestResult>
    <UnitTestResult executionId="3cd6205d-ed32-40ab-b4cf-737de69032b8" testId="cc0be8b2-6b98-51d5-aa58-deb93b8dda05" testName="updatePointsTest1" computerName="QIQSTANB222" duration="00:00:00.1332490" startTime="2012-09-24T14:28:10.5027320+01:00" endTime="2012-09-24T14:28:10.6677485+01:00" testType="13cdc9d9-ddb5-4fa4-a97d-d965ccfc6d4b" outcome="Passed" testListId="8c84fa94-04c1-424b-9868-57a2d4851a1d" relativeResultsDirectory="3cd6205d-ed32-40ab-b4cf-737de69032b8">
    </UnitTestResult>
    <UnitTestResult executionId="ec74a47a-28bc-454f-8ce0-fd6ce59cf833" testId="f54be62e-b6ef-0fd9-a706-6249527c3013" testName="getAPointsTest1" computerName="QIQSTANB222" duration="00:00:00.1459082" startTime="2012-09-24T14:28:10.7257543+01:00" endTime="2012-09-24T14:28:10.8997717+01:00" testType="13cdc9d9-ddb5-4fa4-a97d-d965ccfc6d4b" outcome="Failed" testListId="8c84fa94-04c1-424b-9868-57a2d4851a1d" relativeResultsDirectory="ec74a47a-28bc-454f-8ce0-fd6ce59cf833">
      <Output>
        <ErrorInfo>
          <Message>Test method OneRewardsTestProject.IOneRewardsServiceTest.getAPointsTest1 threw exception: 
System.InvalidOperationException: Sequence contains no elements</Message>
          <StackTrace>    at OneRewardsWcfService.OneRewardsService.getAPoints(Int64 accid, Int32 cid) in C:\Users\bhurtunt\Documents\Visual Studio 2010\Projects\OneRewardsCloudService\OneRewardsWcfService\OneRewardsService.svc.cs:line 121
   at OneRewardsTestProject.IOneRewardsServiceTest.getAPointsTest1() in C:\Users\bhurtunt\Documents\Visual Studio 2010\Projects\OneRewardsCloudService\OneRewardsTestProject\IOneRewardsServiceTest.cs:line 174
</StackTrace>
        </ErrorInfo>
      </Output>
    </UnitTestResult>
    <UnitTestResult executionId="c2029b86-e6c1-46d6-a29c-87b37e03160f" testId="77d7d89d-1e6e-7b7f-2b0f-a16d7a49ede6" testName="addDuplicateRewardsAccountTest" computerName="QIQSTANB222" duration="00:00:00.1939673" startTime="2012-09-24T14:28:10.9577775+01:00" endTime="2012-09-24T14:28:11.1858003+01:00" testType="13cdc9d9-ddb5-4fa4-a97d-d965ccfc6d4b" outcome="Passed" testListId="8c84fa94-04c1-424b-9868-57a2d4851a1d" relativeResultsDirectory="c2029b86-e6c1-46d6-a29c-87b37e03160f">
    </UnitTestResult>
  </Results>
</TestRun>