<?xml version="1.0" encoding="UTF-8"?>
<TestRun id="2ff5d2ed-aaf8-4347-a24e-4009b50ac418" name="BhurtunT@QIQSTANB222 2012-10-11 02:43:05" runUser="QIQ\BhurtunT" xmlns="http://microsoft.com/schemas/VisualStudio/TeamTest/2010">
  <TestSettings name="Local" id="cc37a548-0a1e-4665-bb19-abe0d6af83c3">
    <Description>These are default test settings for a local test run.</Description>
    <Deployment enabled="false" runDeploymentRoot="BhurtunT_QIQSTANB222 2012-10-11 02_43_05">
      <DeploymentItem filename="C:\Program Files\Microsoft SDKs\Windows Azure\.NET SDK\2012-06\ref\Microsoft.WindowsAzure.Configuration.dll" />
      <DeploymentItem filename="C:\Users\bhurtunt\Documents\Visual Studio 2010\Projects\OneRewardsCloudService\packages\AsyncUnitTests-MSTest.1.0.1\lib\net40-client\Nito.AsyncEx.UnitTests.MSTest.dll" />
      <DeploymentItem filename="C:\Program Files\Microsoft SDKs\Windows Azure\.NET SDK\2012-06\ref\Microsoft.WindowsAzure.Diagnostics.dll" />
      <DeploymentItem filename="C:\Program Files\Microsoft SDKs\Windows Azure\.NET SDK\2012-06\ref\Microsoft.WindowsAzure.StorageClient.dll" />
      <DeploymentItem filename="C:\Users\bhurtunt\Documents\Visual Studio 2010\Projects\OneRewardsCloudService\OneRewardsWcfService\bin\OneRewardsWcfService.dll" />
      <DeploymentItem filename="C:\Users\bhurtunt\Documents\Visual Studio 2010\Projects\OneRewardsCloudService\packages\Microsoft.AspNet.Providers.Core.1.0\lib\net40\System.Web.Providers.dll" />
    </Deployment>
    <Execution>
      <TestTypeSpecific />
      <AgentRule name="Execution Agents">
      </AgentRule>
    </Execution>
  </TestSettings>
  <Times creation="2012-10-11T02:43:05.7901217+01:00" queuing="2012-10-11T02:43:11.5804529+01:00" start="2012-10-11T02:43:11.8854703+01:00" finish="2012-10-11T02:43:46.1014274+01:00" />
  <ResultSummary outcome="Error">
    <Counters total="1" executed="1" error="0" failed="0" timeout="0" aborted="1" inconclusive="0" passedButRunAborted="0" notRunnable="0" notExecuted="0" disconnected="0" warning="0" passed="0" completed="0" inProgress="0" pending="0" />
    <RunInfos>
      <RunInfo computerName="QIQSTANB222" outcome="Error" timestamp="2012-10-11T02:43:46.1004273+01:00">
        <Text>Test host process exited unexpectedly.</Text>
      </RunInfo>
    </RunInfos>
  </ResultSummary>
  <TestDefinitions>
    <UnitTest name="getRewardsAccountTest" storage="c:\users\bhurtunt\documents\visual studio 2010\projects\onerewardscloudservice\onerewardstestproject\bin\release\onerewardstestproject.dll" id="19c3c3f8-0de5-98b3-b920-2aa3a45b3c3a">
      <Execution id="295e5395-ad79-4d55-a2a7-8707dfd809ab" />
      <TestMethod codeBase="C:/Users/bhurtunt/Documents/Visual Studio 2010/Projects/OneRewardsCloudService/OneRewardsTestProject/bin/Release/OneRewardsTestProject.DLL" adapterTypeName="Microsoft.VisualStudio.TestTools.TestTypes.Unit.UnitTestAdapter, Microsoft.VisualStudio.QualityTools.Tips.UnitTest.Adapter, Version=10.0.0.0, Culture=neutral, PublicKeyToken=b03f5f7f11d50a3a" className="OneRewardsTestProject.IOneRewardsServiceTest, OneRewardsTestProject, Version=1.0.0.0, Culture=neutral, PublicKeyToken=null" name="getRewardsAccountTest" />
    </UnitTest>
  </TestDefinitions>
  <TestLists>
    <TestList name="Results Not in a List" id="8c84fa94-04c1-424b-9868-57a2d4851a1d" />
    <TestList name="All Loaded Results" id="19431567-8539-422a-85d7-44ee4e166bda" />
  </TestLists>
  <TestEntries>
    <TestEntry testId="19c3c3f8-0de5-98b3-b920-2aa3a45b3c3a" executionId="295e5395-ad79-4d55-a2a7-8707dfd809ab" testListId="8c84fa94-04c1-424b-9868-57a2d4851a1d" />
  </TestEntries>
  <Results>
    <UnitTestResult executionId="295e5395-ad79-4d55-a2a7-8707dfd809ab" testId="19c3c3f8-0de5-98b3-b920-2aa3a45b3c3a" testName="getRewardsAccountTest" computerName="QIQSTANB222" duration="00:00:33.7839323" startTime="2012-10-11T02:43:12.3174951+01:00" endTime="2012-10-11T02:43:46.1014274+01:00" testType="13cdc9d9-ddb5-4fa4-a97d-d965ccfc6d4b" outcome="Aborted" testListId="8c84fa94-04c1-424b-9868-57a2d4851a1d" relativeResultsDirectory="295e5395-ad79-4d55-a2a7-8707dfd809ab">
    </UnitTestResult>
  </Results>
</TestRun>