<?xml version="1.0" encoding="UTF-8"?>
<TestRun id="61f049ad-ff24-448c-892a-20e4a0b0aa39" name="bhurtunt@QIQSTANB222 2012-09-24 18:27:19" runUser="QIQ\bhurtunt" xmlns="http://microsoft.com/schemas/VisualStudio/TeamTest/2010">
  <TestSettings name="Local" id="cc37a548-0a1e-4665-bb19-abe0d6af83c3">
    <Description>These are default test settings for a local test run.</Description>
    <Deployment userDeploymentRoot="C:\Users\bhurtunt\Documents\Visual Studio 2010\Projects\OneRewardsCloudService\TestResults" useDefaultDeploymentRoot="false" enabled="false" runDeploymentRoot="bhurtunt_QIQSTANB222 2012-09-24 18_27_19">
      <DeploymentItem filename="C:\Users\bhurtunt\Documents\Visual Studio 2010\Projects\OneRewardsCloudService\packages\Microsoft.AspNet.WebPages.2.0.20505.0\lib\net40\System.Web.WebPages.Razor.dll" />
      <DeploymentItem filename="C:\Users\bhurtunt\Documents\Visual Studio 2010\Projects\OneRewardsCloudService\packages\Microsoft.Net.Http.2.0.20505.0\lib\net40\System.Net.Http.WebRequest.dll" />
      <DeploymentItem filename="C:\Users\bhurtunt\Documents\Visual Studio 2010\Projects\OneRewardsCloudService\packages\Newtonsoft.Json.4.5.1\lib\net40\Newtonsoft.Json.dll" />
      <DeploymentItem filename="C:\Users\bhurtunt\Documents\Visual Studio 2010\Projects\OneRewardsCloudService\packages\Microsoft.AspNet.WebPages.2.0.20505.0\lib\net40\System.Web.WebPages.Deployment.dll" />
      <DeploymentItem filename="C:\Users\bhurtunt\Documents\Visual Studio 2010\Projects\OneRewardsCloudService\OneRewardsMvc.Tests\bin\Release\EntityFramework.dll" />
      <DeploymentItem filename="C:\Users\bhurtunt\Documents\Visual Studio 2010\Projects\OneRewardsCloudService\packages\Microsoft.AspNet.WebApi.Core.4.0.20505.0\lib\net40\System.Web.Http.dll" />
      <DeploymentItem filename="C:\Users\bhurtunt\Documents\Visual Studio 2010\Projects\OneRewardsCloudService\packages\Microsoft.AspNet.Mvc.4.0.20505.0\lib\net40\System.Web.Mvc.dll" />
      <DeploymentItem filename="C:\Users\bhurtunt\Documents\Visual Studio 2010\Projects\OneRewardsCloudService\packages\Microsoft.Web.Infrastructure.1.0.0.0\lib\net40\Microsoft.Web.Infrastructure.dll" />
      <DeploymentItem filename="C:\Users\bhurtunt\Documents\Visual Studio 2010\Projects\OneRewardsCloudService\packages\Microsoft.AspNet.WebApi.WebHost.4.0.20505.0\lib\net40\System.Web.Http.WebHost.dll" />
      <DeploymentItem filename="C:\Users\bhurtunt\Documents\Visual Studio 2010\Projects\OneRewardsCloudService\packages\Microsoft.AspNet.WebPages.2.0.20505.0\lib\net40\System.Web.Helpers.dll" />
      <DeploymentItem filename="C:\Program Files\Microsoft SDKs\Windows Azure\.NET SDK\2012-06\ref\Microsoft.WindowsAzure.Configuration.dll" />
      <DeploymentItem filename="C:\Users\bhurtunt\Documents\Visual Studio 2010\Projects\OneRewardsCloudService\OneRewardsMvc.Tests\bin\Release\Antlr3.Runtime.dll" />
      <DeploymentItem filename="C:\Users\bhurtunt\Documents\Visual Studio 2010\Projects\OneRewardsCloudService\packages\Microsoft.AspNet.Razor.2.0.20505.0\lib\net40\System.Web.Razor.dll" />
      <DeploymentItem filename="C:\Users\bhurtunt\Documents\Visual Studio 2010\Projects\OneRewardsCloudService\packages\Microsoft.AspNet.Providers.Core.1.0\lib\net40\System.Web.Providers.dll" />
      <DeploymentItem filename="C:\Users\bhurtunt\Documents\Visual Studio 2010\Projects\OneRewardsCloudService\OneRewardsMvc\bin\OneRewardsMvc.dll" />
      <DeploymentItem filename="C:\Users\bhurtunt\Documents\Visual Studio 2010\Projects\OneRewardsCloudService\OneRewardsMvc.Tests\bin\Release\WebGrease.dll" />
      <DeploymentItem filename="C:\Program Files\Microsoft SDKs\Windows Azure\.NET SDK\2012-06\ref\Microsoft.WindowsAzure.Diagnostics.dll" />
      <DeploymentItem filename="C:\Program Files\Microsoft SDKs\Windows Azure\.NET SDK\2012-06\ref\Microsoft.WindowsAzure.StorageClient.dll" />
      <DeploymentItem filename="C:\Users\bhurtunt\Documents\Visual Studio 2010\Projects\OneRewardsCloudService\packages\Microsoft.Net.Http.2.0.20505.0\lib\net40\System.Net.Http.dll" />
      <DeploymentItem filename="C:\Users\bhurtunt\Documents\Visual Studio 2010\Projects\OneRewardsCloudService\packages\Microsoft.AspNet.WebApi.Client.4.0.20505.0\lib\net40\System.Net.Http.Formatting.dll" />
      <DeploymentItem filename="C:\Users\bhurtunt\Documents\Visual Studio 2010\Projects\OneRewardsCloudService\OneRewardsMvc.Tests\bin\Release\System.Web.Optimization.dll" />
      <DeploymentItem filename="C:\Users\bhurtunt\Documents\Visual Studio 2010\Projects\OneRewardsCloudService\packages\Microsoft.AspNet.WebPages.2.0.20505.0\lib\net40\System.Web.WebPages.dll" />
    </Deployment>
    <Execution>
      <TestTypeSpecific />
      <AgentRule name="Execution Agents">
      </AgentRule>
    </Execution>
  </TestSettings>
  <Times creation="2012-09-24T18:27:19.0060598+01:00" queuing="2012-09-24T18:27:43.6646598+01:00" start="2012-09-24T18:27:48.2358598+01:00" finish="2012-09-24T18:32:32.7999448+01:00" />
  <ResultSummary outcome="Error">
    <Counters total="11" executed="3" error="0" failed="2" timeout="0" aborted="1" inconclusive="0" passedButRunAborted="0" notRunnable="0" notExecuted="8" disconnected="0" warning="0" passed="0" completed="0" inProgress="0" pending="0" />
    <RunInfos>
      <RunInfo computerName="QIQSTANB222" outcome="Error" timestamp="2012-09-24T18:32:32.6907434+01:00">
        <Text>Test host process exited unexpectedly.</Text>
      </RunInfo>
    </RunInfos>
  </ResultSummary>
  <TestDefinitions>
    <UnitTest name="EditTest" storage="c:\users\bhurtunt\documents\visual studio 2010\projects\onerewardscloudservice\onerewardsmvc.tests\bin\release\onerewardsmvc.tests.dll" id="36d54adc-c7ce-cd47-2c67-fe2cf293eb5f">
      <Execution id="5bc706ce-2f2c-42b6-916f-cba191d5dcec" />
      <TestMethod codeBase="C:/Users/bhurtunt/Documents/Visual Studio 2010/Projects/OneRewardsCloudService/OneRewardsMvc.Tests/bin/Release/OneRewardsMvc.Tests.DLL" adapterTypeName="Microsoft.VisualStudio.TestTools.TestTypes.Unit.UnitTestAdapter, Microsoft.VisualStudio.QualityTools.Tips.UnitTest.Adapter, Version=10.0.0.0, Culture=neutral, PublicKeyToken=b03f5f7f11d50a3a" className="OneRewardsMvc.Tests.RewardAccountControllerTest, OneRewardsMvc.Tests, Version=1.0.0.0, Culture=neutral, PublicKeyToken=null" name="EditTest" />
    </UnitTest>
    <UnitTest name="CreateTest" storage="c:\users\bhurtunt\documents\visual studio 2010\projects\onerewardscloudservice\onerewardsmvc.tests\bin\release\onerewardsmvc.tests.dll" id="cd1916aa-45f1-3f28-ca10-4287c7bb63ee">
      <Execution id="e7f6be8e-488e-403d-8a5d-322d3edcf74e" />
      <TestMethod codeBase="C:/Users/bhurtunt/Documents/Visual Studio 2010/Projects/OneRewardsCloudService/OneRewardsMvc.Tests/bin/Release/OneRewardsMvc.Tests.DLL" adapterTypeName="Microsoft.VisualStudio.TestTools.TestTypes.Unit.UnitTestAdapter, Microsoft.VisualStudio.QualityTools.Tips.UnitTest.Adapter, Version=10.0.0.0, Culture=neutral, PublicKeyToken=b03f5f7f11d50a3a" className="OneRewardsMvc.Tests.RewardAccountControllerTest, OneRewardsMvc.Tests, Version=1.0.0.0, Culture=neutral, PublicKeyToken=null" name="CreateTest" />
    </UnitTest>
    <UnitTest name="DeleteConfirmedTest" storage="c:\users\bhurtunt\documents\visual studio 2010\projects\onerewardscloudservice\onerewardsmvc.tests\bin\release\onerewardsmvc.tests.dll" id="e8fb877f-cafa-d759-7519-9c50caaa42d4">
      <Execution id="84e3eeb7-3bd0-4333-9f13-c5c192c96c14" />
      <TestMethod codeBase="C:/Users/bhurtunt/Documents/Visual Studio 2010/Projects/OneRewardsCloudService/OneRewardsMvc.Tests/bin/Release/OneRewardsMvc.Tests.DLL" adapterTypeName="Microsoft.VisualStudio.TestTools.TestTypes.Unit.UnitTestAdapter, Microsoft.VisualStudio.QualityTools.Tips.UnitTest.Adapter, Version=10.0.0.0, Culture=neutral, PublicKeyToken=b03f5f7f11d50a3a" className="OneRewardsMvc.Tests.RewardAccountControllerTest, OneRewardsMvc.Tests, Version=1.0.0.0, Culture=neutral, PublicKeyToken=null" name="DeleteConfirmedTest" />
    </UnitTest>
    <UnitTest name="DeleteConfirmedTest" storage="c:\users\bhurtunt\documents\visual studio 2010\projects\onerewardscloudservice\onerewardsmvc.tests\bin\release\onerewardsmvc.tests.dll" id="136faad9-71a8-a61d-e2d0-45f7aaae8929">
      <Execution id="921da2c8-67f9-43c9-a783-f20b013d8178" />
      <TestMethod codeBase="C:/Users/bhurtunt/Documents/Visual Studio 2010/Projects/OneRewardsCloudService/OneRewardsMvc.Tests/bin/Release/OneRewardsMvc.Tests.DLL" adapterTypeName="Microsoft.VisualStudio.TestTools.TestTypes.Unit.UnitTestAdapter, Microsoft.VisualStudio.QualityTools.Tips.UnitTest.Adapter, Version=10.0.0.0, Culture=neutral, PublicKeyToken=b03f5f7f11d50a3a" className="OneRewardsMvc.Tests.CompanyControllerTest, OneRewardsMvc.Tests, Version=1.0.0.0, Culture=neutral, PublicKeyToken=null" name="DeleteConfirmedTest" />
    </UnitTest>
    <UnitTest name="getImgTest" storage="c:\users\bhurtunt\documents\visual studio 2010\projects\onerewardscloudservice\onerewardsmvc.tests\bin\release\onerewardsmvc.tests.dll" id="173144bc-e6c4-914d-f1ef-1f54e69b13cd">
      <Execution id="fa250452-a030-43d2-8449-61b4d770a523" />
      <TestMethod codeBase="C:/Users/bhurtunt/Documents/Visual Studio 2010/Projects/OneRewardsCloudService/OneRewardsMvc.Tests/bin/Release/OneRewardsMvc.Tests.DLL" adapterTypeName="Microsoft.VisualStudio.TestTools.TestTypes.Unit.UnitTestAdapter, Microsoft.VisualStudio.QualityTools.Tips.UnitTest.Adapter, Version=10.0.0.0, Culture=neutral, PublicKeyToken=b03f5f7f11d50a3a" className="OneRewardsMvc.Tests.CompanyControllerTest, OneRewardsMvc.Tests, Version=1.0.0.0, Culture=neutral, PublicKeyToken=null" name="getImgTest" />
    </UnitTest>
    <UnitTest name="LogOffTest" storage="c:\users\bhurtunt\documents\visual studio 2010\projects\onerewardscloudservice\onerewardsmvc.tests\bin\release\onerewardsmvc.tests.dll" id="261870ee-6bfd-4762-8e06-98bc0c4eb6bc">
      <Execution id="5ea82da2-0e3e-46c2-a622-c762feb5364b" />
      <TestMethod codeBase="C:/Users/bhurtunt/Documents/Visual Studio 2010/Projects/OneRewardsCloudService/OneRewardsMvc.Tests/bin/Release/OneRewardsMvc.Tests.DLL" adapterTypeName="Microsoft.VisualStudio.TestTools.TestTypes.Unit.UnitTestAdapter, Microsoft.VisualStudio.QualityTools.Tips.UnitTest.Adapter, Version=10.0.0.0, Culture=neutral, PublicKeyToken=b03f5f7f11d50a3a" className="OneRewardsMvc.Tests.AccountControllerTest, OneRewardsMvc.Tests, Version=1.0.0.0, Culture=neutral, PublicKeyToken=null" name="LogOffTest" />
    </UnitTest>
    <UnitTest name="getImgTest" storage="c:\users\bhurtunt\documents\visual studio 2010\projects\onerewardscloudservice\onerewardsmvc.tests\bin\release\onerewardsmvc.tests.dll" id="9d54a033-daac-35a4-6068-e13a27fab813">
      <Execution id="82c3b7b1-24ba-45e3-b846-d77d6aee80b8" />
      <TestMethod codeBase="C:/Users/bhurtunt/Documents/Visual Studio 2010/Projects/OneRewardsCloudService/OneRewardsMvc.Tests/bin/Release/OneRewardsMvc.Tests.DLL" adapterTypeName="Microsoft.VisualStudio.TestTools.TestTypes.Unit.UnitTestAdapter, Microsoft.VisualStudio.QualityTools.Tips.UnitTest.Adapter, Version=10.0.0.0, Culture=neutral, PublicKeyToken=b03f5f7f11d50a3a" className="OneRewardsMvc.Tests.RewardAccountControllerTest, OneRewardsMvc.Tests, Version=1.0.0.0, Culture=neutral, PublicKeyToken=null" name="getImgTest" />
    </UnitTest>
    <UnitTest name="EditTest1" storage="c:\users\bhurtunt\documents\visual studio 2010\projects\onerewardscloudservice\onerewardsmvc.tests\bin\release\onerewardsmvc.tests.dll" id="4adb521e-2a23-1e40-b32a-1a7bf1cc59c1">
      <Execution id="c81289c1-9e9f-42a8-b6d9-93673ece6dc0" />
      <TestMethod codeBase="C:/Users/bhurtunt/Documents/Visual Studio 2010/Projects/OneRewardsCloudService/OneRewardsMvc.Tests/bin/Release/OneRewardsMvc.Tests.DLL" adapterTypeName="Microsoft.VisualStudio.TestTools.TestTypes.Unit.UnitTestAdapter, Microsoft.VisualStudio.QualityTools.Tips.UnitTest.Adapter, Version=10.0.0.0, Culture=neutral, PublicKeyToken=b03f5f7f11d50a3a" className="OneRewardsMvc.Tests.CompanyControllerTest, OneRewardsMvc.Tests, Version=1.0.0.0, Culture=neutral, PublicKeyToken=null" name="EditTest1" />
    </UnitTest>
    <UnitTest name="RegisterTest1" storage="c:\users\bhurtunt\documents\visual studio 2010\projects\onerewardscloudservice\onerewardsmvc.tests\bin\release\onerewardsmvc.tests.dll" id="dfed860a-a785-21dc-6a75-52bf42003c70">
      <Execution id="fe6b11eb-ad2c-4bff-9916-b72695c22237" />
      <TestMethod codeBase="C:/Users/bhurtunt/Documents/Visual Studio 2010/Projects/OneRewardsCloudService/OneRewardsMvc.Tests/bin/Release/OneRewardsMvc.Tests.DLL" adapterTypeName="Microsoft.VisualStudio.TestTools.TestTypes.Unit.UnitTestAdapter, Microsoft.VisualStudio.QualityTools.Tips.UnitTest.Adapter, Version=10.0.0.0, Culture=neutral, PublicKeyToken=b03f5f7f11d50a3a" className="OneRewardsMvc.Tests.AccountControllerTest, OneRewardsMvc.Tests, Version=1.0.0.0, Culture=neutral, PublicKeyToken=null" name="RegisterTest1" />
    </UnitTest>
    <UnitTest name="LoginTest" storage="c:\users\bhurtunt\documents\visual studio 2010\projects\onerewardscloudservice\onerewardsmvc.tests\bin\release\onerewardsmvc.tests.dll" id="7bccd21c-8788-8f6b-24d4-252f03c32562">
      <Execution id="f9d36433-37c1-42a7-a485-6b231fc2e583" />
      <TestMethod codeBase="C:/Users/bhurtunt/Documents/Visual Studio 2010/Projects/OneRewardsCloudService/OneRewardsMvc.Tests/bin/Release/OneRewardsMvc.Tests.DLL" adapterTypeName="Microsoft.VisualStudio.TestTools.TestTypes.Unit.UnitTestAdapter, Microsoft.VisualStudio.QualityTools.Tips.UnitTest.Adapter, Version=10.0.0.0, Culture=neutral, PublicKeyToken=b03f5f7f11d50a3a" className="OneRewardsMvc.Tests.AccountControllerTest, OneRewardsMvc.Tests, Version=1.0.0.0, Culture=neutral, PublicKeyToken=null" name="LoginTest" />
    </UnitTest>
    <UnitTest name="CreateTest" storage="c:\users\bhurtunt\documents\visual studio 2010\projects\onerewardscloudservice\onerewardsmvc.tests\bin\release\onerewardsmvc.tests.dll" id="99b06b23-7e4b-7076-10c5-d7d3f2e8d5c2">
      <Execution id="b0d99181-e7bf-4ef8-9950-cb65d7e719b3" />
      <TestMethod codeBase="C:/Users/bhurtunt/Documents/Visual Studio 2010/Projects/OneRewardsCloudService/OneRewardsMvc.Tests/bin/Release/OneRewardsMvc.Tests.DLL" adapterTypeName="Microsoft.VisualStudio.TestTools.TestTypes.Unit.UnitTestAdapter, Microsoft.VisualStudio.QualityTools.Tips.UnitTest.Adapter, Version=10.0.0.0, Culture=neutral, PublicKeyToken=b03f5f7f11d50a3a" className="OneRewardsMvc.Tests.CompanyControllerTest, OneRewardsMvc.Tests, Version=1.0.0.0, Culture=neutral, PublicKeyToken=null" name="CreateTest" />
    </UnitTest>
  </TestDefinitions>
  <TestLists>
    <TestList name="Results Not in a List" id="8c84fa94-04c1-424b-9868-57a2d4851a1d" />
    <TestList name="All Loaded Results" id="19431567-8539-422a-85d7-44ee4e166bda" />
  </TestLists>
  <TestEntries>
    <TestEntry testId="9d54a033-daac-35a4-6068-e13a27fab813" executionId="82c3b7b1-24ba-45e3-b846-d77d6aee80b8" testListId="8c84fa94-04c1-424b-9868-57a2d4851a1d" />
    <TestEntry testId="dfed860a-a785-21dc-6a75-52bf42003c70" executionId="fe6b11eb-ad2c-4bff-9916-b72695c22237" testListId="8c84fa94-04c1-424b-9868-57a2d4851a1d" />
    <TestEntry testId="261870ee-6bfd-4762-8e06-98bc0c4eb6bc" executionId="5ea82da2-0e3e-46c2-a622-c762feb5364b" testListId="8c84fa94-04c1-424b-9868-57a2d4851a1d" />
    <TestEntry testId="36d54adc-c7ce-cd47-2c67-fe2cf293eb5f" executionId="5bc706ce-2f2c-42b6-916f-cba191d5dcec" testListId="8c84fa94-04c1-424b-9868-57a2d4851a1d" />
    <TestEntry testId="136faad9-71a8-a61d-e2d0-45f7aaae8929" executionId="921da2c8-67f9-43c9-a783-f20b013d8178" testListId="8c84fa94-04c1-424b-9868-57a2d4851a1d" />
    <TestEntry testId="173144bc-e6c4-914d-f1ef-1f54e69b13cd" executionId="fa250452-a030-43d2-8449-61b4d770a523" testListId="8c84fa94-04c1-424b-9868-57a2d4851a1d" />
    <TestEntry testId="cd1916aa-45f1-3f28-ca10-4287c7bb63ee" executionId="e7f6be8e-488e-403d-8a5d-322d3edcf74e" testListId="8c84fa94-04c1-424b-9868-57a2d4851a1d" />
    <TestEntry testId="4adb521e-2a23-1e40-b32a-1a7bf1cc59c1" executionId="c81289c1-9e9f-42a8-b6d9-93673ece6dc0" testListId="8c84fa94-04c1-424b-9868-57a2d4851a1d" />
    <TestEntry testId="99b06b23-7e4b-7076-10c5-d7d3f2e8d5c2" executionId="b0d99181-e7bf-4ef8-9950-cb65d7e719b3" testListId="8c84fa94-04c1-424b-9868-57a2d4851a1d" />
    <TestEntry testId="7bccd21c-8788-8f6b-24d4-252f03c32562" executionId="f9d36433-37c1-42a7-a485-6b231fc2e583" testListId="8c84fa94-04c1-424b-9868-57a2d4851a1d" />
    <TestEntry testId="e8fb877f-cafa-d759-7519-9c50caaa42d4" executionId="84e3eeb7-3bd0-4333-9f13-c5c192c96c14" testListId="8c84fa94-04c1-424b-9868-57a2d4851a1d" />
  </TestEntries>
  <Results>
    <UnitTestResult executionId="82c3b7b1-24ba-45e3-b846-d77d6aee80b8" testId="9d54a033-daac-35a4-6068-e13a27fab813" testName="getImgTest" computerName="QIQSTANB222" duration="00:01:58.9917228" startTime="2012-09-24T18:27:51.5828598+01:00" endTime="2012-09-24T18:30:06.1799730+01:00" testType="13cdc9d9-ddb5-4fa4-a97d-d965ccfc6d4b" outcome="Failed" testListId="8c84fa94-04c1-424b-9868-57a2d4851a1d" relativeResultsDirectory="82c3b7b1-24ba-45e3-b846-d77d6aee80b8">
      <Output>
        <ErrorInfo>
          <Message>Test method OneRewardsMvc.Tests.RewardAccountControllerTest.getImgTest threw exception: 
System.NullReferenceException: Object reference not set to an instance of an object.</Message>
          <StackTrace>    at OneRewardsMvc.Controllers.RewardAccountController.getImg(Int32 id) in C:\Users\bhurtunt\Documents\Visual Studio 2010\Projects\OneRewardsCloudService\OneRewardsMvc\Controllers\RewardAccountController.cs:line 122
   at OneRewardsMvc.Tests.RewardAccountControllerTest.getImgTest() in C:\Users\bhurtunt\Documents\Visual Studio 2010\Projects\OneRewardsCloudService\OneRewardsMvc.Tests\Controllers\RewardAccountControllerTest.cs:line 246
</StackTrace>
        </ErrorInfo>
      </Output>
    </UnitTestResult>
    <UnitTestResult executionId="fe6b11eb-ad2c-4bff-9916-b72695c22237" testId="dfed860a-a785-21dc-6a75-52bf42003c70" testName="RegisterTest1" computerName="QIQSTANB222" duration="00:01:30.4621553" startTime="2012-09-24T18:30:06.3359750+01:00" endTime="2012-09-24T18:31:36.8581246+01:00" testType="13cdc9d9-ddb5-4fa4-a97d-d965ccfc6d4b" outcome="Failed" testListId="8c84fa94-04c1-424b-9868-57a2d4851a1d" relativeResultsDirectory="fe6b11eb-ad2c-4bff-9916-b72695c22237">
      <Output>
        <ErrorInfo>
          <Message>Test method OneRewardsMvc.Tests.AccountControllerTest.RegisterTest1 threw exception: 
System.NullReferenceException: Object reference not set to an instance of an object.</Message>
          <StackTrace>    at OneRewardsMvc.Controllers.AccountController.Register(RegisterModel model) in C:\Users\bhurtunt\Documents\Visual Studio 2010\Projects\OneRewardsCloudService\OneRewardsMvc\Controllers\AccountController.cs:line 88
   at OneRewardsMvc.Tests.AccountControllerTest.RegisterTest1() in C:\Users\bhurtunt\Documents\Visual Studio 2010\Projects\OneRewardsCloudService\OneRewardsMvc.Tests\Controllers\AccountControllerTest.cs:line 210
</StackTrace>
        </ErrorInfo>
      </Output>
    </UnitTestResult>
    <UnitTestResult executionId="5ea82da2-0e3e-46c2-a622-c762feb5364b" testId="261870ee-6bfd-4762-8e06-98bc0c4eb6bc" testName="LogOffTest" computerName="QIQSTANB222" duration="00:00:55.6766168" startTime="2012-09-24T18:31:37.0921276+01:00" endTime="2012-09-24T18:32:32.7687444+01:00" testType="13cdc9d9-ddb5-4fa4-a97d-d965ccfc6d4b" outcome="Aborted" testListId="8c84fa94-04c1-424b-9868-57a2d4851a1d" relativeResultsDirectory="5ea82da2-0e3e-46c2-a622-c762feb5364b">
    </UnitTestResult>
    <UnitTestResult executionId="5bc706ce-2f2c-42b6-916f-cba191d5dcec" testId="36d54adc-c7ce-cd47-2c67-fe2cf293eb5f" testName="EditTest" computerName="QIQSTANB222" testType="13cdc9d9-ddb5-4fa4-a97d-d965ccfc6d4b" outcome="NotExecuted" testListId="8c84fa94-04c1-424b-9868-57a2d4851a1d" relativeResultsDirectory="5bc706ce-2f2c-42b6-916f-cba191d5dcec">
    </UnitTestResult>
    <UnitTestResult executionId="921da2c8-67f9-43c9-a783-f20b013d8178" testId="136faad9-71a8-a61d-e2d0-45f7aaae8929" testName="DeleteConfirmedTest" computerName="QIQSTANB222" testType="13cdc9d9-ddb5-4fa4-a97d-d965ccfc6d4b" outcome="NotExecuted" testListId="8c84fa94-04c1-424b-9868-57a2d4851a1d" relativeResultsDirectory="921da2c8-67f9-43c9-a783-f20b013d8178">
    </UnitTestResult>
    <UnitTestResult executionId="fa250452-a030-43d2-8449-61b4d770a523" testId="173144bc-e6c4-914d-f1ef-1f54e69b13cd" testName="getImgTest" computerName="QIQSTANB222" testType="13cdc9d9-ddb5-4fa4-a97d-d965ccfc6d4b" outcome="NotExecuted" testListId="8c84fa94-04c1-424b-9868-57a2d4851a1d" relativeResultsDirectory="fa250452-a030-43d2-8449-61b4d770a523">
    </UnitTestResult>
    <UnitTestResult executionId="e7f6be8e-488e-403d-8a5d-322d3edcf74e" testId="cd1916aa-45f1-3f28-ca10-4287c7bb63ee" testName="CreateTest" computerName="QIQSTANB222" testType="13cdc9d9-ddb5-4fa4-a97d-d965ccfc6d4b" outcome="NotExecuted" testListId="8c84fa94-04c1-424b-9868-57a2d4851a1d" relativeResultsDirectory="e7f6be8e-488e-403d-8a5d-322d3edcf74e">
    </UnitTestResult>
    <UnitTestResult executionId="c81289c1-9e9f-42a8-b6d9-93673ece6dc0" testId="4adb521e-2a23-1e40-b32a-1a7bf1cc59c1" testName="EditTest1" computerName="QIQSTANB222" testType="13cdc9d9-ddb5-4fa4-a97d-d965ccfc6d4b" outcome="NotExecuted" testListId="8c84fa94-04c1-424b-9868-57a2d4851a1d" relativeResultsDirectory="c81289c1-9e9f-42a8-b6d9-93673ece6dc0">
    </UnitTestResult>
    <UnitTestResult executionId="b0d99181-e7bf-4ef8-9950-cb65d7e719b3" testId="99b06b23-7e4b-7076-10c5-d7d3f2e8d5c2" testName="CreateTest" computerName="QIQSTANB222" testType="13cdc9d9-ddb5-4fa4-a97d-d965ccfc6d4b" outcome="NotExecuted" testListId="8c84fa94-04c1-424b-9868-57a2d4851a1d" relativeResultsDirectory="b0d99181-e7bf-4ef8-9950-cb65d7e719b3">
    </UnitTestResult>
    <UnitTestResult executionId="f9d36433-37c1-42a7-a485-6b231fc2e583" testId="7bccd21c-8788-8f6b-24d4-252f03c32562" testName="LoginTest" computerName="QIQSTANB222" testType="13cdc9d9-ddb5-4fa4-a97d-d965ccfc6d4b" outcome="NotExecuted" testListId="8c84fa94-04c1-424b-9868-57a2d4851a1d" relativeResultsDirectory="f9d36433-37c1-42a7-a485-6b231fc2e583">
    </UnitTestResult>
    <UnitTestResult executionId="84e3eeb7-3bd0-4333-9f13-c5c192c96c14" testId="e8fb877f-cafa-d759-7519-9c50caaa42d4" testName="DeleteConfirmedTest" computerName="QIQSTANB222" testType="13cdc9d9-ddb5-4fa4-a97d-d965ccfc6d4b" outcome="NotExecuted" testListId="8c84fa94-04c1-424b-9868-57a2d4851a1d" relativeResultsDirectory="84e3eeb7-3bd0-4333-9f13-c5c192c96c14">
    </UnitTestResult>
  </Results>
</TestRun>